{"C:\\GitHub_Development\\the-story-teller\\auth.ts": {"path":"C:\\GitHub_Development\\the-story-teller\\auth.ts","statementMap":{"0":{"start":{"line":49,"column":25},"end":{"line":49,"column":29}},"1":{"start":{"line":52,"column":13},"end":{"line":52,"column":23}},"2":{"start":{"line":14,"column":13},"end":{"line":14,"column":19}},"3":{"start":{"line":49,"column":15},"end":{"line":49,"column":23}},"4":{"start":{"line":49,"column":31},"end":{"line":49,"column":37}},"5":{"start":{"line":49,"column":39},"end":{"line":49,"column":46}},"6":{"start":{"line":7,"column":21},"end":{"line":7,"column":null}},"7":{"start":{"line":8,"column":19},"end":{"line":8,"column":null}},"8":{"start":{"line":9,"column":19},"end":{"line":9,"column":null}},"9":{"start":{"line":10,"column":31},"end":{"line":10,"column":null}},"10":{"start":{"line":11,"column":30},"end":{"line":11,"column":null}},"11":{"start":{"line":12,"column":29},"end":{"line":12,"column":null}},"12":{"start":{"line":14,"column":22},"end":{"line":47,"column":null}},"13":{"start":{"line":29,"column":6},"end":{"line":32,"column":null}},"14":{"start":{"line":31,"column":8},"end":{"line":31,"column":null}},"15":{"start":{"line":33,"column":6},"end":{"line":33,"column":null}},"16":{"start":{"line":38,"column":6},"end":{"line":40,"column":null}},"17":{"start":{"line":39,"column":8},"end":{"line":39,"column":null}},"18":{"start":{"line":41,"column":6},"end":{"line":41,"column":null}},"19":{"start":{"line":49,"column":51},"end":{"line":49,"column":null}},"20":{"start":{"line":52,"column":26},"end":{"line":60,"column":null}},"21":{"start":{"line":58,"column":45},"end":{"line":58,"column":null}}},"fnMap":{"0":{"name":"(anonymous_8)","decl":{"start":{"line":28,"column":4},"end":{"line":28,"column":10}},"loc":{"start":{"line":28,"column":40},"end":{"line":34,"column":null}}},"1":{"name":"(anonymous_9)","decl":{"start":{"line":36,"column":4},"end":{"line":36,"column":10}},"loc":{"start":{"line":36,"column":64},"end":{"line":42,"column":null}}},"2":{"name":"(anonymous_10)","decl":{"start":{"line":58,"column":16},"end":{"line":58,"column":17}},"loc":{"start":{"line":58,"column":45},"end":{"line":58,"column":null}}}},"branchMap":{"0":{"loc":{"start":{"line":17,"column":16},"end":{"line":17,"column":null}},"type":"binary-expr","locations":[{"start":{"line":17,"column":16},"end":{"line":17,"column":42}},{"start":{"line":17,"column":46},"end":{"line":17,"column":74}},{"start":{"line":17,"column":78},"end":{"line":17,"column":null}}]},"1":{"loc":{"start":{"line":18,"column":20},"end":{"line":18,"column":null}},"type":"binary-expr","locations":[{"start":{"line":18,"column":20},"end":{"line":18,"column":50}},{"start":{"line":18,"column":54},"end":{"line":18,"column":86}},{"start":{"line":18,"column":90},"end":{"line":18,"column":null}}]},"2":{"loc":{"start":{"line":21,"column":16},"end":{"line":21,"column":null}},"type":"binary-expr","locations":[{"start":{"line":21,"column":16},"end":{"line":21,"column":42}},{"start":{"line":21,"column":46},"end":{"line":21,"column":67}},{"start":{"line":21,"column":71},"end":{"line":21,"column":null}}]},"3":{"loc":{"start":{"line":22,"column":20},"end":{"line":22,"column":null}},"type":"binary-expr","locations":[{"start":{"line":22,"column":20},"end":{"line":22,"column":50}},{"start":{"line":22,"column":54},"end":{"line":22,"column":79}},{"start":{"line":22,"column":83},"end":{"line":22,"column":null}}]},"4":{"loc":{"start":{"line":29,"column":6},"end":{"line":32,"column":null}},"type":"if","locations":[{"start":{"line":29,"column":6},"end":{"line":32,"column":null}}]},"5":{"loc":{"start":{"line":38,"column":6},"end":{"line":40,"column":null}},"type":"if","locations":[{"start":{"line":38,"column":6},"end":{"line":40,"column":null}}]}},"s":{"0":0,"1":0,"2":0,"3":0,"4":0,"5":0,"6":0,"7":0,"8":0,"9":0,"10":0,"11":0,"12":0,"13":0,"14":0,"15":0,"16":0,"17":0,"18":0,"19":0,"20":0,"21":0},"f":{"0":0,"1":0,"2":0},"b":{"0":[0,0,0],"1":[0,0,0],"2":[0,0,0],"3":[0,0,0],"4":[0],"5":[0]}}
,"C:\\GitHub_Development\\the-story-teller\\middleware.ts": {"path":"C:\\GitHub_Development\\the-story-teller\\middleware.ts","statementMap":{"0":{"start":{"line":14,"column":13},"end":{"line":14,"column":19}},"1":{"start":{"line":11,"column":13},"end":{"line":11,"column":23}},"2":{"start":{"line":7,"column":37},"end":{"line":7,"column":null}},"3":{"start":{"line":8,"column":21},"end":{"line":8,"column":null}},"4":{"start":{"line":11,"column":26},"end":{"line":11,"column":51}},"5":{"start":{"line":14,"column":22},"end":{"line":26,"column":null}}},"fnMap":{},"branchMap":{},"s":{"0":0,"1":0,"2":0,"3":0,"4":0,"5":0},"f":{},"b":{}}
,"C:\\GitHub_Development\\the-story-teller\\next.config.suppress.js": {"path":"C:\\GitHub_Development\\the-story-teller\\next.config.suppress.js","statementMap":{"0":{"start":{"line":2,"column":0},"end":{"line":5,"column":null}}},"fnMap":{},"branchMap":{},"s":{"0":0},"f":{},"b":{}}
,"C:\\GitHub_Development\\the-story-teller\\postcss.config.js": {"path":"C:\\GitHub_Development\\the-story-teller\\postcss.config.js","statementMap":{"0":{"start":{"line":1,"column":0},"end":{"line":6,"column":null}}},"fnMap":{},"branchMap":{},"s":{"0":0},"f":{},"b":{}}
,"C:\\GitHub_Development\\the-story-teller\\route-migration.js": {"path":"C:\\GitHub_Development\\the-story-teller\\route-migration.js","statementMap":{"0":{"start":{"line":4,"column":11},"end":{"line":4,"column":null}},"1":{"start":{"line":5,"column":13},"end":{"line":5,"column":null}},"2":{"start":{"line":7,"column":0},"end":{"line":7,"column":null}},"3":{"start":{"line":10,"column":22},"end":{"line":10,"column":null}},"4":{"start":{"line":11,"column":23},"end":{"line":11,"column":null}},"5":{"start":{"line":15,"column":17},"end":{"line":15,"column":19}},"6":{"start":{"line":16,"column":16},"end":{"line":16,"column":null}},"7":{"start":{"line":18,"column":2},"end":{"line":80,"column":null}},"8":{"start":{"line":19,"column":21},"end":{"line":19,"column":null}},"9":{"start":{"line":20,"column":25},"end":{"line":20,"column":null}},"10":{"start":{"line":21,"column":18},"end":{"line":21,"column":null}},"11":{"start":{"line":23,"column":4},"end":{"line":79,"column":null}},"12":{"start":{"line":25,"column":6},"end":{"line":52,"column":null}},"13":{"start":{"line":26,"column":8},"end":{"line":43,"column":null}},"14":{"start":{"line":27,"column":10},"end":{"line":34,"column":null}},"15":{"start":{"line":36,"column":10},"end":{"line":42,"column":null}},"16":{"start":{"line":45,"column":8},"end":{"line":51,"column":null}},"17":{"start":{"line":55,"column":6},"end":{"line":78,"column":null}},"18":{"start":{"line":57,"column":24},"end":{"line":57,"column":null}},"19":{"start":{"line":58,"column":32},"end":{"line":58,"column":null}},"20":{"start":{"line":59,"column":36},"end":{"line":59,"column":null}},"21":{"start":{"line":61,"column":8},"end":{"line":70,"column":null}},"22":{"start":{"line":72,"column":8},"end":{"line":77,"column":null}},"23":{"start":{"line":82,"column":2},"end":{"line":82,"column":null}},"24":{"start":{"line":86,"column":0},"end":{"line":86,"column":null}},"25":{"start":{"line":87,"column":21},"end":{"line":87,"column":null}},"26":{"start":{"line":88,"column":22},"end":{"line":88,"column":null}},"27":{"start":{"line":91,"column":0},"end":{"line":91,"column":null}},"28":{"start":{"line":92,"column":20},"end":{"line":92,"column":null}},"29":{"start":{"line":93,"column":0},"end":{"line":93,"column":null}},"30":{"start":{"line":96,"column":13},"end":{"line":96,"column":null}},"31":{"start":{"line":97,"column":17},"end":{"line":97,"column":null}},"32":{"start":{"line":99,"column":2},"end":{"line":114,"column":null}},"33":{"start":{"line":100,"column":4},"end":{"line":113,"column":null}},"34":{"start":{"line":101,"column":6},"end":{"line":103,"column":null}},"35":{"start":{"line":102,"column":8},"end":{"line":102,"column":null}},"36":{"start":{"line":105,"column":6},"end":{"line":107,"column":null}},"37":{"start":{"line":106,"column":8},"end":{"line":106,"column":null}},"38":{"start":{"line":108,"column":11},"end":{"line":113,"column":null}},"39":{"start":{"line":109,"column":6},"end":{"line":109,"column":null}},"40":{"start":{"line":110,"column":6},"end":{"line":112,"column":null}},"41":{"start":{"line":111,"column":8},"end":{"line":111,"column":null}},"42":{"start":{"line":116,"column":2},"end":{"line":116,"column":null}},"43":{"start":{"line":119,"column":0},"end":{"line":119,"column":null}},"44":{"start":{"line":120,"column":0},"end":{"line":120,"column":null}},"45":{"start":{"line":121,"column":0},"end":{"line":121,"column":null}},"46":{"start":{"line":124,"column":0},"end":{"line":153,"column":null}},"47":{"start":{"line":156,"column":0},"end":{"line":156,"column":null}},"48":{"start":{"line":157,"column":0},"end":{"line":157,"column":null}}},"fnMap":{"0":{"name":"scanDirectory","decl":{"start":{"line":14,"column":9},"end":{"line":14,"column":23}},"loc":{"start":{"line":14,"column":41},"end":{"line":83,"column":null}}},"1":{"name":"(anonymous_1)","decl":{"start":{"line":18,"column":16},"end":{"line":18,"column":null}},"loc":{"start":{"line":18,"column":16},"end":{"line":80,"column":null}}},"2":{"name":"generateMigrationSteps","decl":{"start":{"line":95,"column":9},"end":{"line":95,"column":32}},"loc":{"start":{"line":95,"column":52},"end":{"line":117,"column":null}}},"3":{"name":"(anonymous_3)","decl":{"start":{"line":99,"column":20},"end":{"line":99,"column":null}},"loc":{"start":{"line":99,"column":20},"end":{"line":114,"column":null}}},"4":{"name":"(anonymous_4)","decl":{"start":{"line":110,"column":26},"end":{"line":110,"column":null}},"loc":{"start":{"line":110,"column":26},"end":{"line":112,"column":null}}}},"branchMap":{"0":{"loc":{"start":{"line":14,"column":28},"end":{"line":14,"column":41}},"type":"default-arg","locations":[{"start":{"line":14,"column":39},"end":{"line":14,"column":41}}]},"1":{"loc":{"start":{"line":23,"column":4},"end":{"line":79,"column":null}},"type":"if","locations":[{"start":{"line":23,"column":4},"end":{"line":79,"column":null}},{"start":{"line":53,"column":11},"end":{"line":79,"column":null}}]},"2":{"loc":{"start":{"line":25,"column":6},"end":{"line":52,"column":null}},"type":"if","locations":[{"start":{"line":25,"column":6},"end":{"line":52,"column":null}},{"start":{"line":44,"column":13},"end":{"line":52,"column":null}}]},"3":{"loc":{"start":{"line":25,"column":10},"end":{"line":25,"column":54}},"type":"binary-expr","locations":[{"start":{"line":25,"column":10},"end":{"line":25,"column":34}},{"start":{"line":25,"column":34},"end":{"line":25,"column":54}}]},"4":{"loc":{"start":{"line":26,"column":8},"end":{"line":43,"column":null}},"type":"if","locations":[{"start":{"line":26,"column":8},"end":{"line":43,"column":null}},{"start":{"line":35,"column":15},"end":{"line":43,"column":null}}]},"5":{"loc":{"start":{"line":55,"column":6},"end":{"line":78,"column":null}},"type":"if","locations":[{"start":{"line":55,"column":6},"end":{"line":78,"column":null}},{"start":{"line":71,"column":13},"end":{"line":78,"column":null}}]},"6":{"loc":{"start":{"line":55,"column":10},"end":{"line":55,"column":54}},"type":"binary-expr","locations":[{"start":{"line":55,"column":10},"end":{"line":55,"column":33}},{"start":{"line":55,"column":33},"end":{"line":55,"column":54}}]},"7":{"loc":{"start":{"line":58,"column":32},"end":{"line":58,"column":null}},"type":"binary-expr","locations":[{"start":{"line":58,"column":32},"end":{"line":58,"column":64}},{"start":{"line":58,"column":64},"end":{"line":58,"column":null}}]},"8":{"loc":{"start":{"line":59,"column":36},"end":{"line":59,"column":null}},"type":"binary-expr","locations":[{"start":{"line":59,"column":36},"end":{"line":59,"column":72}},{"start":{"line":59,"column":72},"end":{"line":59,"column":null}}]},"9":{"loc":{"start":{"line":65,"column":26},"end":{"line":65,"column":null}},"type":"binary-expr","locations":[{"start":{"line":65,"column":26},"end":{"line":65,"column":45}},{"start":{"line":65,"column":45},"end":{"line":65,"column":null}}]},"10":{"loc":{"start":{"line":67,"column":16},"end":{"line":67,"column":65}},"type":"cond-expr","locations":[{"start":{"line":67,"column":34},"end":{"line":67,"column":63}},{"start":{"line":67,"column":63},"end":{"line":67,"column":65}}]},"11":{"loc":{"start":{"line":68,"column":16},"end":{"line":68,"column":73}},"type":"cond-expr","locations":[{"start":{"line":68,"column":38},"end":{"line":68,"column":71}},{"start":{"line":68,"column":71},"end":{"line":68,"column":73}}]},"12":{"loc":{"start":{"line":95,"column":43},"end":{"line":95,"column":52}},"type":"default-arg","locations":[{"start":{"line":95,"column":51},"end":{"line":95,"column":52}}]},"13":{"loc":{"start":{"line":100,"column":4},"end":{"line":113,"column":null}},"type":"if","locations":[{"start":{"line":100,"column":4},"end":{"line":113,"column":null}},{"start":{"line":108,"column":11},"end":{"line":113,"column":null}}]},"14":{"loc":{"start":{"line":101,"column":6},"end":{"line":103,"column":null}},"type":"if","locations":[{"start":{"line":101,"column":6},"end":{"line":103,"column":null}}]},"15":{"loc":{"start":{"line":105,"column":6},"end":{"line":107,"column":null}},"type":"if","locations":[{"start":{"line":105,"column":6},"end":{"line":107,"column":null}}]},"16":{"loc":{"start":{"line":105,"column":10},"end":{"line":105,"column":53}},"type":"binary-expr","locations":[{"start":{"line":105,"column":10},"end":{"line":105,"column":23}},{"start":{"line":105,"column":27},"end":{"line":105,"column":53}}]},"17":{"loc":{"start":{"line":108,"column":11},"end":{"line":113,"column":null}},"type":"if","locations":[{"start":{"line":108,"column":11},"end":{"line":113,"column":null}}]},"18":{"loc":{"start":{"line":108,"column":15},"end":{"line":108,"column":58}},"type":"binary-expr","locations":[{"start":{"line":108,"column":15},"end":{"line":108,"column":39}},{"start":{"line":108,"column":39},"end":{"line":108,"column":58}}]}},"s":{"0":0,"1":0,"2":0,"3":0,"4":0,"5":0,"6":0,"7":0,"8":0,"9":0,"10":0,"11":0,"12":0,"13":0,"14":0,"15":0,"16":0,"17":0,"18":0,"19":0,"20":0,"21":0,"22":0,"23":0,"24":0,"25":0,"26":0,"27":0,"28":0,"29":0,"30":0,"31":0,"32":0,"33":0,"34":0,"35":0,"36":0,"37":0,"38":0,"39":0,"40":0,"41":0,"42":0,"43":0,"44":0,"45":0,"46":0,"47":0,"48":0},"f":{"0":0,"1":0,"2":0,"3":0,"4":0},"b":{"0":[0],"1":[0,0],"2":[0,0],"3":[0,0],"4":[0,0],"5":[0,0],"6":[0,0],"7":[0,0],"8":[0,0],"9":[0,0],"10":[0,0],"11":[0,0],"12":[0],"13":[0,0],"14":[0],"15":[0],"16":[0,0],"17":[0],"18":[0,0]}}
,"C:\\GitHub_Development\\the-story-teller\\tailwind.config.js": {"path":"C:\\GitHub_Development\\the-story-teller\\tailwind.config.js","statementMap":{"0":{"start":{"line":2,"column":0},"end":{"line":18,"column":null}}},"fnMap":{},"branchMap":{},"s":{"0":0},"f":{},"b":{}}
,"C:\\GitHub_Development\\the-story-teller\\app\\layout.tsx": {"path":"C:\\GitHub_Development\\the-story-teller\\app\\layout.tsx","statementMap":{"0":{"start":{"line":20,"column":24},"end":{"line":20,"column":35}},"1":{"start":{"line":15,"column":13},"end":{"line":15,"column":21}},"2":{"start":{"line":2,"column":22},"end":{"line":2,"column":null}},"3":{"start":{"line":3,"column":7},"end":{"line":3,"column":null}},"4":{"start":{"line":4,"column":29},"end":{"line":4,"column":null}},"5":{"start":{"line":5,"column":48},"end":{"line":5,"column":null}},"6":{"start":{"line":8,"column":0},"end":{"line":8,"column":null}},"7":{"start":{"line":11,"column":15},"end":{"line":11,"column":null}},"8":{"start":{"line":13,"column":14},"end":{"line":13,"column":null}},"9":{"start":{"line":15,"column":34},"end":{"line":18,"column":null}},"10":{"start":{"line":25,"column":2},"end":{"line":25,"column":null}},"11":{"start":{"line":27,"column":2},"end":{"line":27,"column":null}}},"fnMap":{"0":{"name":"RootLayout","decl":{"start":{"line":20,"column":24},"end":{"line":20,"column":35}},"loc":{"start":{"line":24,"column":1},"end":{"line":38,"column":1}}}},"branchMap":{},"s":{"0":0,"1":0,"2":0,"3":0,"4":0,"5":0,"6":0,"7":0,"8":0,"9":0,"10":0,"11":0},"f":{"0":0},"b":{}}
,"C:\\GitHub_Development\\the-story-teller\\app\\page.tsx": {"path":"C:\\GitHub_Development\\the-story-teller\\app\\page.tsx","statementMap":{"0":{"start":{"line":3,"column":24},"end":{"line":3,"column":null}},"1":{"start":{"line":1,"column":17},"end":{"line":1,"column":null}}},"fnMap":{"0":{"name":"Home","decl":{"start":{"line":3,"column":24},"end":{"line":3,"column":null}},"loc":{"start":{"line":3,"column":24},"end":{"line":46,"column":null}}}},"branchMap":{},"s":{"0":0,"1":0},"f":{"0":0},"b":{}}
,"C:\\GitHub_Development\\the-story-teller\\app\\providers.tsx": {"path":"C:\\GitHub_Development\\the-story-teller\\app\\providers.tsx","statementMap":{"0":{"start":{"line":145,"column":16},"end":{"line":145,"column":28}},"1":{"start":{"line":32,"column":16},"end":{"line":32,"column":25}},"2":{"start":{"line":159,"column":16},"end":{"line":159,"column":27}},"3":{"start":{"line":151,"column":16},"end":{"line":151,"column":24}},"4":{"start":{"line":3,"column":74},"end":{"line":3,"column":null}},"5":{"start":{"line":4,"column":32},"end":{"line":4,"column":null}},"6":{"start":{"line":5,"column":24},"end":{"line":5,"column":null}},"7":{"start":{"line":6,"column":29},"end":{"line":6,"column":null}},"8":{"start":{"line":9,"column":15},"end":{"line":9,"column":null}},"9":{"start":{"line":19,"column":21},"end":{"line":19,"column":null}},"10":{"start":{"line":29,"column":19},"end":{"line":29,"column":null}},"11":{"start":{"line":33,"column":2},"end":{"line":33,"column":null}},"12":{"start":{"line":49,"column":17},"end":{"line":49,"column":null}},"13":{"start":{"line":50,"column":28},"end":{"line":50,"column":null}},"14":{"start":{"line":52,"column":2},"end":{"line":57,"column":null}},"15":{"start":{"line":54,"column":23},"end":{"line":54,"column":null}},"16":{"start":{"line":55,"column":4},"end":{"line":55,"column":null}},"17":{"start":{"line":56,"column":4},"end":{"line":56,"column":null}},"18":{"start":{"line":59,"column":22},"end":{"line":72,"column":null}},"19":{"start":{"line":60,"column":4},"end":{"line":60,"column":null}},"20":{"start":{"line":61,"column":4},"end":{"line":61,"column":null}},"21":{"start":{"line":62,"column":4},"end":{"line":62,"column":null}},"22":{"start":{"line":65,"column":4},"end":{"line":71,"column":null}},"23":{"start":{"line":66,"column":6},"end":{"line":66,"column":null}},"24":{"start":{"line":67,"column":6},"end":{"line":67,"column":null}},"25":{"start":{"line":69,"column":6},"end":{"line":69,"column":null}},"26":{"start":{"line":70,"column":6},"end":{"line":70,"column":null}},"27":{"start":{"line":75,"column":2},"end":{"line":94,"column":null}},"28":{"start":{"line":76,"column":4},"end":{"line":76,"column":null}},"29":{"start":{"line":79,"column":4},"end":{"line":93,"column":null}},"30":{"start":{"line":80,"column":25},"end":{"line":80,"column":null}},"31":{"start":{"line":82,"column":27},"end":{"line":89,"column":null}},"32":{"start":{"line":83,"column":8},"end":{"line":83,"column":null}},"33":{"start":{"line":84,"column":8},"end":{"line":88,"column":null}},"34":{"start":{"line":85,"column":10},"end":{"line":85,"column":null}},"35":{"start":{"line":87,"column":10},"end":{"line":87,"column":null}},"36":{"start":{"line":91,"column":6},"end":{"line":91,"column":null}},"37":{"start":{"line":92,"column":6},"end":{"line":92,"column":null}},"38":{"start":{"line":92,"column":19},"end":{"line":92,"column":null}},"39":{"start":{"line":105,"column":17},"end":{"line":105,"column":null}},"40":{"start":{"line":106,"column":36},"end":{"line":106,"column":null}},"41":{"start":{"line":107,"column":36},"end":{"line":107,"column":null}},"42":{"start":{"line":110,"column":2},"end":{"line":112,"column":null}},"43":{"start":{"line":111,"column":4},"end":{"line":111,"column":null}},"44":{"start":{"line":114,"column":2},"end":{"line":118,"column":null}},"45":{"start":{"line":115,"column":4},"end":{"line":117,"column":null}},"46":{"start":{"line":116,"column":6},"end":{"line":116,"column":null}},"47":{"start":{"line":120,"column":40},"end":{"line":135,"column":null}},"48":{"start":{"line":123,"column":6},"end":{"line":123,"column":null}},"49":{"start":{"line":124,"column":6},"end":{"line":124,"column":null}},"50":{"start":{"line":128,"column":6},"end":{"line":132,"column":null}},"51":{"start":{"line":129,"column":8},"end":{"line":129,"column":null}},"52":{"start":{"line":131,"column":8},"end":{"line":131,"column":null}},"53":{"start":{"line":133,"column":6},"end":{"line":133,"column":null}},"54":{"start":{"line":146,"column":2},"end":{"line":146,"column":null}},"55":{"start":{"line":152,"column":18},"end":{"line":152,"column":null}},"56":{"start":{"line":153,"column":2},"end":{"line":155,"column":null}},"57":{"start":{"line":154,"column":4},"end":{"line":154,"column":null}},"58":{"start":{"line":156,"column":2},"end":{"line":156,"column":null}},"59":{"start":{"line":160,"column":18},"end":{"line":160,"column":null}},"60":{"start":{"line":161,"column":2},"end":{"line":163,"column":null}},"61":{"start":{"line":162,"column":4},"end":{"line":162,"column":null}},"62":{"start":{"line":164,"column":2},"end":{"line":164,"column":null}}},"fnMap":{"0":{"name":"Providers","decl":{"start":{"line":32,"column":16},"end":{"line":32,"column":25}},"loc":{"start":{"line":32,"column":63},"end":{"line":45,"column":null}}},"1":{"name":"ThemeProvider","decl":{"start":{"line":48,"column":9},"end":{"line":48,"column":23}},"loc":{"start":{"line":48,"column":60},"end":{"line":101,"column":null}}},"2":{"name":"(anonymous_7)","decl":{"start":{"line":52,"column":12},"end":{"line":52,"column":null}},"loc":{"start":{"line":52,"column":12},"end":{"line":57,"column":5}}},"3":{"name":"(anonymous_8)","decl":{"start":{"line":59,"column":22},"end":{"line":59,"column":23}},"loc":{"start":{"line":59,"column":23},"end":{"line":72,"column":null}}},"4":{"name":"(anonymous_9)","decl":{"start":{"line":75,"column":12},"end":{"line":75,"column":null}},"loc":{"start":{"line":75,"column":12},"end":{"line":94,"column":5}}},"5":{"name":"(anonymous_10)","decl":{"start":{"line":82,"column":27},"end":{"line":82,"column":28}},"loc":{"start":{"line":82,"column":28},"end":{"line":89,"column":null}}},"6":{"name":"(anonymous_11)","decl":{"start":{"line":92,"column":13},"end":{"line":92,"column":19}},"loc":{"start":{"line":92,"column":19},"end":{"line":92,"column":null}}},"7":{"name":"AppStateProvider","decl":{"start":{"line":104,"column":9},"end":{"line":104,"column":26}},"loc":{"start":{"line":104,"column":63},"end":{"line":142,"column":null}}},"8":{"name":"(anonymous_13)","decl":{"start":{"line":110,"column":12},"end":{"line":110,"column":null}},"loc":{"start":{"line":110,"column":12},"end":{"line":112,"column":5}}},"9":{"name":"(anonymous_14)","decl":{"start":{"line":114,"column":12},"end":{"line":114,"column":null}},"loc":{"start":{"line":114,"column":12},"end":{"line":118,"column":5}}},"10":{"name":"(anonymous_15)","decl":{"start":{"line":122,"column":18},"end":{"line":122,"column":19}},"loc":{"start":{"line":122,"column":19},"end":{"line":125,"column":null}}},"11":{"name":"(anonymous_16)","decl":{"start":{"line":127,"column":18},"end":{"line":127,"column":19}},"loc":{"start":{"line":127,"column":19},"end":{"line":134,"column":null}}},"12":{"name":"AuthProvider","decl":{"start":{"line":145,"column":16},"end":{"line":145,"column":28}},"loc":{"start":{"line":145,"column":66},"end":{"line":148,"column":null}}},"13":{"name":"useTheme","decl":{"start":{"line":151,"column":16},"end":{"line":151,"column":24}},"loc":{"start":{"line":151,"column":16},"end":{"line":157,"column":null}}},"14":{"name":"useAppState","decl":{"start":{"line":159,"column":16},"end":{"line":159,"column":27}},"loc":{"start":{"line":159,"column":16},"end":{"line":165,"column":null}}}},"branchMap":{"0":{"loc":{"start":{"line":54,"column":23},"end":{"line":54,"column":null}},"type":"binary-expr","locations":[{"start":{"line":54,"column":23},"end":{"line":54,"column":65}},{"start":{"line":54,"column":65},"end":{"line":54,"column":null}}]},"1":{"loc":{"start":{"line":65,"column":4},"end":{"line":71,"column":null}},"type":"if","locations":[{"start":{"line":65,"column":4},"end":{"line":71,"column":null}},{"start":{"line":68,"column":11},"end":{"line":71,"column":null}}]},"2":{"loc":{"start":{"line":65,"column":8},"end":{"line":65,"column":114}},"type":"binary-expr","locations":[{"start":{"line":65,"column":8},"end":{"line":65,"column":32}},{"start":{"line":65,"column":32},"end":{"line":65,"column":57}},{"start":{"line":65,"column":57},"end":{"line":65,"column":114}}]},"3":{"loc":{"start":{"line":79,"column":4},"end":{"line":93,"column":null}},"type":"if","locations":[{"start":{"line":79,"column":4},"end":{"line":93,"column":null}}]},"4":{"loc":{"start":{"line":83,"column":57},"end":{"line":83,"column":91}},"type":"cond-expr","locations":[{"start":{"line":83,"column":73},"end":{"line":83,"column":82}},{"start":{"line":83,"column":82},"end":{"line":83,"column":91}}]},"5":{"loc":{"start":{"line":84,"column":8},"end":{"line":88,"column":null}},"type":"if","locations":[{"start":{"line":84,"column":8},"end":{"line":88,"column":null}},{"start":{"line":86,"column":15},"end":{"line":88,"column":null}}]},"6":{"loc":{"start":{"line":115,"column":4},"end":{"line":117,"column":null}},"type":"if","locations":[{"start":{"line":115,"column":4},"end":{"line":117,"column":null}}]},"7":{"loc":{"start":{"line":128,"column":6},"end":{"line":132,"column":null}},"type":"if","locations":[{"start":{"line":128,"column":6},"end":{"line":132,"column":null}},{"start":{"line":130,"column":13},"end":{"line":132,"column":null}}]},"8":{"loc":{"start":{"line":153,"column":2},"end":{"line":155,"column":null}},"type":"if","locations":[{"start":{"line":153,"column":2},"end":{"line":155,"column":null}}]},"9":{"loc":{"start":{"line":161,"column":2},"end":{"line":163,"column":null}},"type":"if","locations":[{"start":{"line":161,"column":2},"end":{"line":163,"column":null}}]}},"s":{"0":0,"1":0,"2":0,"3":0,"4":0,"5":0,"6":0,"7":0,"8":0,"9":0,"10":0,"11":0,"12":0,"13":0,"14":0,"15":0,"16":0,"17":0,"18":0,"19":0,"20":0,"21":0,"22":0,"23":0,"24":0,"25":0,"26":0,"27":0,"28":0,"29":0,"30":0,"31":0,"32":0,"33":0,"34":0,"35":0,"36":0,"37":0,"38":0,"39":0,"40":0,"41":0,"42":0,"43":0,"44":0,"45":0,"46":0,"47":0,"48":0,"49":0,"50":0,"51":0,"52":0,"53":0,"54":0,"55":0,"56":0,"57":0,"58":0,"59":0,"60":0,"61":0,"62":0},"f":{"0":0,"1":0,"2":0,"3":0,"4":0,"5":0,"6":0,"7":0,"8":0,"9":0,"10":0,"11":0,"12":0,"13":0,"14":0},"b":{"0":[0,0],"1":[0,0],"2":[0,0,0],"3":[0],"4":[0,0],"5":[0,0],"6":[0],"7":[0,0],"8":[0],"9":[0]}}
,"C:\\GitHub_Development\\the-story-teller\\app\\api\\ai\\route.ts": {"path":"C:\\GitHub_Development\\the-story-teller\\app\\api\\ai\\route.ts","statementMap":{"0":{"start":{"line":8,"column":22},"end":{"line":8,"column":27}},"1":{"start":{"line":1,"column":42},"end":{"line":1,"column":null}},"2":{"start":{"line":3,"column":26},"end":{"line":3,"column":null}},"3":{"start":{"line":4,"column":25},"end":{"line":4,"column":null}},"4":{"start":{"line":9,"column":2},"end":{"line":135,"column":null}},"5":{"start":{"line":11,"column":23},"end":{"line":11,"column":null}},"6":{"start":{"line":12,"column":4},"end":{"line":14,"column":null}},"7":{"start":{"line":13,"column":6},"end":{"line":13,"column":null}},"8":{"start":{"line":16,"column":24},"end":{"line":16,"column":null}},"9":{"start":{"line":17,"column":4},"end":{"line":19,"column":null}},"10":{"start":{"line":18,"column":6},"end":{"line":18,"column":null}},"11":{"start":{"line":21,"column":17},"end":{"line":21,"column":null}},"12":{"start":{"line":24,"column":4},"end":{"line":28,"column":null}},"13":{"start":{"line":25,"column":6},"end":{"line":27,"column":null}},"14":{"start":{"line":30,"column":71},"end":{"line":30,"column":null}},"15":{"start":{"line":33,"column":19},"end":{"line":33,"column":null}},"16":{"start":{"line":34,"column":4},"end":{"line":36,"column":null}},"17":{"start":{"line":35,"column":6},"end":{"line":35,"column":null}},"18":{"start":{"line":39,"column":24},"end":{"line":39,"column":null}},"19":{"start":{"line":40,"column":4},"end":{"line":42,"column":null}},"20":{"start":{"line":41,"column":6},"end":{"line":41,"column":null}},"21":{"start":{"line":44,"column":25},"end":{"line":44,"column":null}},"22":{"start":{"line":47,"column":4},"end":{"line":128,"column":null}},"23":{"start":{"line":49,"column":8},"end":{"line":51,"column":null}},"24":{"start":{"line":50,"column":10},"end":{"line":50,"column":null}},"25":{"start":{"line":54,"column":32},"end":{"line":58,"column":null}},"26":{"start":{"line":60,"column":29},"end":{"line":60,"column":null}},"27":{"start":{"line":61,"column":8},"end":{"line":65,"column":null}},"28":{"start":{"line":68,"column":8},"end":{"line":73,"column":null}},"29":{"start":{"line":70,"column":10},"end":{"line":72,"column":null}},"30":{"start":{"line":71,"column":12},"end":{"line":71,"column":null}},"31":{"start":{"line":75,"column":26},"end":{"line":75,"column":null}},"32":{"start":{"line":76,"column":8},"end":{"line":76,"column":null}},"33":{"start":{"line":79,"column":8},"end":{"line":83,"column":null}},"34":{"start":{"line":80,"column":10},"end":{"line":82,"column":null}},"35":{"start":{"line":86,"column":8},"end":{"line":88,"column":null}},"36":{"start":{"line":87,"column":10},"end":{"line":87,"column":null}},"37":{"start":{"line":91,"column":35},"end":{"line":97,"column":null}},"38":{"start":{"line":99,"column":29},"end":{"line":99,"column":null}},"39":{"start":{"line":100,"column":8},"end":{"line":104,"column":null}},"40":{"start":{"line":107,"column":8},"end":{"line":111,"column":null}},"41":{"start":{"line":108,"column":10},"end":{"line":110,"column":null}},"42":{"start":{"line":114,"column":8},"end":{"line":116,"column":null}},"43":{"start":{"line":115,"column":10},"end":{"line":115,"column":null}},"44":{"start":{"line":118,"column":29},"end":{"line":118,"column":null}},"45":{"start":{"line":119,"column":8},"end":{"line":122,"column":null}},"46":{"start":{"line":125,"column":8},"end":{"line":127,"column":null}},"47":{"start":{"line":130,"column":4},"end":{"line":130,"column":null}},"48":{"start":{"line":131,"column":4},"end":{"line":134,"column":null}}},"fnMap":{"0":{"name":"POST","decl":{"start":{"line":8,"column":22},"end":{"line":8,"column":27}},"loc":{"start":{"line":8,"column":43},"end":{"line":136,"column":null}}}},"branchMap":{"0":{"loc":{"start":{"line":12,"column":4},"end":{"line":14,"column":null}},"type":"if","locations":[{"start":{"line":12,"column":4},"end":{"line":14,"column":null}}]},"1":{"loc":{"start":{"line":12,"column":8},"end":{"line":12,"column":58}},"type":"binary-expr","locations":[{"start":{"line":12,"column":8},"end":{"line":12,"column":23}},{"start":{"line":12,"column":23},"end":{"line":12,"column":58}}]},"2":{"loc":{"start":{"line":17,"column":4},"end":{"line":19,"column":null}},"type":"if","locations":[{"start":{"line":17,"column":4},"end":{"line":19,"column":null}}]},"3":{"loc":{"start":{"line":24,"column":4},"end":{"line":28,"column":null}},"type":"if","locations":[{"start":{"line":24,"column":4},"end":{"line":28,"column":null}}]},"4":{"loc":{"start":{"line":24,"column":8},"end":{"line":24,"column":59}},"type":"binary-expr","locations":[{"start":{"line":24,"column":8},"end":{"line":24,"column":20}},{"start":{"line":24,"column":24},"end":{"line":24,"column":39}},{"start":{"line":24,"column":43},"end":{"line":24,"column":59}}]},"5":{"loc":{"start":{"line":34,"column":4},"end":{"line":36,"column":null}},"type":"if","locations":[{"start":{"line":34,"column":4},"end":{"line":36,"column":null}}]},"6":{"loc":{"start":{"line":40,"column":4},"end":{"line":42,"column":null}},"type":"if","locations":[{"start":{"line":40,"column":4},"end":{"line":42,"column":null}}]},"7":{"loc":{"start":{"line":47,"column":4},"end":{"line":128,"column":null}},"type":"switch","locations":[{"start":{"line":48,"column":6},"end":{"line":65,"column":null}},{"start":{"line":67,"column":6},"end":{"line":76,"column":null}},{"start":{"line":78,"column":6},"end":{"line":104,"column":null}},{"start":{"line":106,"column":6},"end":{"line":122,"column":null}},{"start":{"line":124,"column":6},"end":{"line":127,"column":null}}]},"8":{"loc":{"start":{"line":49,"column":8},"end":{"line":51,"column":null}},"type":"if","locations":[{"start":{"line":49,"column":8},"end":{"line":51,"column":null}}]},"9":{"loc":{"start":{"line":68,"column":8},"end":{"line":73,"column":null}},"type":"if","locations":[{"start":{"line":68,"column":8},"end":{"line":73,"column":null}}]},"10":{"loc":{"start":{"line":68,"column":12},"end":{"line":68,"column":30}},"type":"binary-expr","locations":[{"start":{"line":68,"column":12},"end":{"line":68,"column":21}},{"start":{"line":68,"column":21},"end":{"line":68,"column":30}}]},"11":{"loc":{"start":{"line":70,"column":10},"end":{"line":72,"column":null}},"type":"if","locations":[{"start":{"line":70,"column":10},"end":{"line":72,"column":null}}]},"12":{"loc":{"start":{"line":75,"column":50},"end":{"line":75,"column":63}},"type":"binary-expr","locations":[{"start":{"line":75,"column":50},"end":{"line":75,"column":59}},{"start":{"line":75,"column":59},"end":{"line":75,"column":63}}]},"13":{"loc":{"start":{"line":79,"column":8},"end":{"line":83,"column":null}},"type":"if","locations":[{"start":{"line":79,"column":8},"end":{"line":83,"column":null}}]},"14":{"loc":{"start":{"line":79,"column":12},"end":{"line":79,"column":31}},"type":"binary-expr","locations":[{"start":{"line":79,"column":12},"end":{"line":79,"column":22}},{"start":{"line":79,"column":22},"end":{"line":79,"column":31}}]},"15":{"loc":{"start":{"line":86,"column":8},"end":{"line":88,"column":null}},"type":"if","locations":[{"start":{"line":86,"column":8},"end":{"line":88,"column":null}}]},"16":{"loc":{"start":{"line":86,"column":12},"end":{"line":86,"column":56}},"type":"binary-expr","locations":[{"start":{"line":86,"column":12},"end":{"line":86,"column":21}},{"start":{"line":86,"column":25},"end":{"line":86,"column":56}}]},"17":{"loc":{"start":{"line":94,"column":16},"end":{"line":94,"column":33}},"type":"binary-expr","locations":[{"start":{"line":94,"column":16},"end":{"line":94,"column":27}},{"start":{"line":94,"column":31},"end":{"line":94,"column":33}}]},"18":{"loc":{"start":{"line":107,"column":8},"end":{"line":111,"column":null}},"type":"if","locations":[{"start":{"line":107,"column":8},"end":{"line":111,"column":null}}]},"19":{"loc":{"start":{"line":114,"column":8},"end":{"line":116,"column":null}},"type":"if","locations":[{"start":{"line":114,"column":8},"end":{"line":116,"column":null}}]},"20":{"loc":{"start":{"line":114,"column":12},"end":{"line":114,"column":56}},"type":"binary-expr","locations":[{"start":{"line":114,"column":12},"end":{"line":114,"column":21}},{"start":{"line":114,"column":25},"end":{"line":114,"column":56}}]}},"s":{"0":0,"1":0,"2":0,"3":0,"4":0,"5":0,"6":0,"7":0,"8":0,"9":0,"10":0,"11":0,"12":0,"13":0,"14":0,"15":0,"16":0,"17":0,"18":0,"19":0,"20":0,"21":0,"22":0,"23":0,"24":0,"25":0,"26":0,"27":0,"28":0,"29":0,"30":0,"31":0,"32":0,"33":0,"34":0,"35":0,"36":0,"37":0,"38":0,"39":0,"40":0,"41":0,"42":0,"43":0,"44":0,"45":0,"46":0,"47":0,"48":0},"f":{"0":0},"b":{"0":[0],"1":[0,0],"2":[0],"3":[0],"4":[0,0,0],"5":[0],"6":[0],"7":[0,0,0,0,0],"8":[0],"9":[0],"10":[0,0],"11":[0],"12":[0,0],"13":[0],"14":[0,0],"15":[0],"16":[0,0],"17":[0,0],"18":[0],"19":[0],"20":[0,0]}}
,"C:\\GitHub_Development\\the-story-teller\\app\\api\\ai\\generate-characters\\route.ts": {"path":"C:\\GitHub_Development\\the-story-teller\\app\\api\\ai\\generate-characters\\route.ts","statementMap":{"0":{"start":{"line":21,"column":22},"end":{"line":21,"column":27}},"1":{"start":{"line":1,"column":42},"end":{"line":1,"column":null}},"2":{"start":{"line":2,"column":33},"end":{"line":2,"column":null}},"3":{"start":{"line":3,"column":28},"end":{"line":3,"column":null}},"4":{"start":{"line":4,"column":19},"end":{"line":4,"column":null}},"5":{"start":{"line":22,"column":2},"end":{"line":147,"column":null}},"6":{"start":{"line":24,"column":20},"end":{"line":24,"column":null}},"7":{"start":{"line":25,"column":4},"end":{"line":27,"column":null}},"8":{"start":{"line":26,"column":6},"end":{"line":26,"column":null}},"9":{"start":{"line":30,"column":17},"end":{"line":30,"column":null}},"10":{"start":{"line":31,"column":79},"end":{"line":31,"column":null}},"11":{"start":{"line":33,"column":4},"end":{"line":35,"column":null}},"12":{"start":{"line":34,"column":6},"end":{"line":34,"column":null}},"13":{"start":{"line":37,"column":4},"end":{"line":39,"column":null}},"14":{"start":{"line":38,"column":6},"end":{"line":38,"column":null}},"15":{"start":{"line":42,"column":19},"end":{"line":44,"column":null}},"16":{"start":{"line":46,"column":4},"end":{"line":51,"column":null}},"17":{"start":{"line":47,"column":6},"end":{"line":49,"column":null}},"18":{"start":{"line":54,"column":23},"end":{"line":98,"column":1}},"19":{"start":{"line":101,"column":23},"end":{"line":109,"column":null}},"20":{"start":{"line":112,"column":25},"end":{"line":112,"column":null}},"21":{"start":{"line":115,"column":21},"end":{"line":115,"column":23}},"22":{"start":{"line":116,"column":4},"end":{"line":137,"column":null}},"23":{"start":{"line":119,"column":24},"end":{"line":119,"column":null}},"24":{"start":{"line":120,"column":6},"end":{"line":125,"column":null}},"25":{"start":{"line":121,"column":8},"end":{"line":121,"column":null}},"26":{"start":{"line":124,"column":8},"end":{"line":124,"column":null}},"27":{"start":{"line":128,"column":6},"end":{"line":130,"column":null}},"28":{"start":{"line":129,"column":8},"end":{"line":129,"column":null}},"29":{"start":{"line":132,"column":6},"end":{"line":132,"column":null}},"30":{"start":{"line":133,"column":6},"end":{"line":135,"column":null}},"31":{"start":{"line":140,"column":4},"end":{"line":140,"column":null}},"32":{"start":{"line":142,"column":4},"end":{"line":142,"column":null}},"33":{"start":{"line":143,"column":4},"end":{"line":145,"column":null}}},"fnMap":{"0":{"name":"POST","decl":{"start":{"line":21,"column":22},"end":{"line":21,"column":27}},"loc":{"start":{"line":21,"column":47},"end":{"line":148,"column":null}}}},"branchMap":{"0":{"loc":{"start":{"line":25,"column":4},"end":{"line":27,"column":null}},"type":"if","locations":[{"start":{"line":25,"column":4},"end":{"line":27,"column":null}}]},"1":{"loc":{"start":{"line":31,"column":29},"end":{"line":31,"column":52}},"type":"default-arg","locations":[{"start":{"line":31,"column":50},"end":{"line":31,"column":52}}]},"2":{"loc":{"start":{"line":33,"column":4},"end":{"line":35,"column":null}},"type":"if","locations":[{"start":{"line":33,"column":4},"end":{"line":35,"column":null}}]},"3":{"loc":{"start":{"line":37,"column":4},"end":{"line":39,"column":null}},"type":"if","locations":[{"start":{"line":37,"column":4},"end":{"line":39,"column":null}}]},"4":{"loc":{"start":{"line":46,"column":4},"end":{"line":51,"column":null}},"type":"if","locations":[{"start":{"line":46,"column":4},"end":{"line":51,"column":null}}]},"5":{"loc":{"start":{"line":112,"column":25},"end":{"line":112,"column":null}},"type":"binary-expr","locations":[{"start":{"line":112,"column":25},"end":{"line":112,"column":68}},{"start":{"line":112,"column":68},"end":{"line":112,"column":null}}]},"6":{"loc":{"start":{"line":120,"column":6},"end":{"line":125,"column":null}},"type":"if","locations":[{"start":{"line":120,"column":6},"end":{"line":125,"column":null}},{"start":{"line":122,"column":13},"end":{"line":125,"column":null}}]},"7":{"loc":{"start":{"line":128,"column":6},"end":{"line":130,"column":null}},"type":"if","locations":[{"start":{"line":128,"column":6},"end":{"line":130,"column":null}}]}},"s":{"0":0,"1":0,"2":0,"3":0,"4":0,"5":0,"6":0,"7":0,"8":0,"9":0,"10":0,"11":0,"12":0,"13":0,"14":0,"15":0,"16":0,"17":0,"18":0,"19":0,"20":0,"21":0,"22":0,"23":0,"24":0,"25":0,"26":0,"27":0,"28":0,"29":0,"30":0,"31":0,"32":0,"33":0},"f":{"0":0},"b":{"0":[0],"1":[0],"2":[0],"3":[0],"4":[0],"5":[0,0],"6":[0,0],"7":[0]}}
,"C:\\GitHub_Development\\the-story-teller\\app\\api\\auth\\[...nextauth]\\route.ts": {"path":"C:\\GitHub_Development\\the-story-teller\\app\\api\\auth\\[...nextauth]\\route.ts","statementMap":{"0":{"start":{"line":7,"column":9},"end":{"line":7,"column":21}},"1":{"start":{"line":7,"column":26},"end":{"line":7,"column":38}},"2":{"start":{"line":7,"column":50},"end":{"line":7,"column":null}}},"fnMap":{},"branchMap":{},"s":{"0":0,"1":0,"2":0},"f":{},"b":{}}
,"C:\\GitHub_Development\\the-story-teller\\app\\api\\mcp\\route.ts": {"path":"C:\\GitHub_Development\\the-story-teller\\app\\api\\mcp\\route.ts","statementMap":{"0":{"start":{"line":11,"column":22},"end":{"line":11,"column":27}},"1":{"start":{"line":7,"column":42},"end":{"line":7,"column":null}},"2":{"start":{"line":8,"column":33},"end":{"line":8,"column":null}},"3":{"start":{"line":9,"column":28},"end":{"line":9,"column":null}},"4":{"start":{"line":12,"column":2},"end":{"line":53,"column":null}},"5":{"start":{"line":13,"column":20},"end":{"line":13,"column":null}},"6":{"start":{"line":14,"column":4},"end":{"line":19,"column":null}},"7":{"start":{"line":15,"column":6},"end":{"line":17,"column":null}},"8":{"start":{"line":21,"column":17},"end":{"line":21,"column":null}},"9":{"start":{"line":22,"column":33},"end":{"line":22,"column":null}},"10":{"start":{"line":24,"column":4},"end":{"line":29,"column":null}},"11":{"start":{"line":25,"column":6},"end":{"line":27,"column":null}},"12":{"start":{"line":32,"column":4},"end":{"line":46,"column":null}},"13":{"start":{"line":34,"column":8},"end":{"line":34,"column":null}},"14":{"start":{"line":36,"column":8},"end":{"line":36,"column":null}},"15":{"start":{"line":38,"column":8},"end":{"line":38,"column":null}},"16":{"start":{"line":40,"column":8},"end":{"line":40,"column":null}},"17":{"start":{"line":42,"column":8},"end":{"line":44,"column":null}},"18":{"start":{"line":48,"column":4},"end":{"line":48,"column":null}},"19":{"start":{"line":49,"column":4},"end":{"line":51,"column":null}},"20":{"start":{"line":58,"column":2},"end":{"line":69,"column":null}},"21":{"start":{"line":75,"column":2},"end":{"line":86,"column":null}},"22":{"start":{"line":92,"column":2},"end":{"line":103,"column":null}},"23":{"start":{"line":109,"column":2},"end":{"line":120,"column":null}}},"fnMap":{"0":{"name":"POST","decl":{"start":{"line":11,"column":22},"end":{"line":11,"column":27}},"loc":{"start":{"line":11,"column":47},"end":{"line":54,"column":null}}},"1":{"name":"handleMemoryMCP","decl":{"start":{"line":56,"column":15},"end":{"line":56,"column":31}},"loc":{"start":{"line":56,"column":56},"end":{"line":71,"column":null}}},"2":{"name":"handleEverartMCP","decl":{"start":{"line":73,"column":15},"end":{"line":73,"column":32}},"loc":{"start":{"line":73,"column":57},"end":{"line":88,"column":null}}},"3":{"name":"handleThinkingMCP","decl":{"start":{"line":90,"column":15},"end":{"line":90,"column":33}},"loc":{"start":{"line":90,"column":58},"end":{"line":105,"column":null}}},"4":{"name":"handleDatabaseMCP","decl":{"start":{"line":107,"column":15},"end":{"line":107,"column":33}},"loc":{"start":{"line":107,"column":58},"end":{"line":122,"column":null}}}},"branchMap":{"0":{"loc":{"start":{"line":14,"column":4},"end":{"line":19,"column":null}},"type":"if","locations":[{"start":{"line":14,"column":4},"end":{"line":19,"column":null}}]},"1":{"loc":{"start":{"line":14,"column":8},"end":{"line":14,"column":33}},"type":"binary-expr","locations":[{"start":{"line":14,"column":8},"end":{"line":14,"column":20}},{"start":{"line":14,"column":20},"end":{"line":14,"column":33}}]},"2":{"loc":{"start":{"line":24,"column":4},"end":{"line":29,"column":null}},"type":"if","locations":[{"start":{"line":24,"column":4},"end":{"line":29,"column":null}}]},"3":{"loc":{"start":{"line":24,"column":8},"end":{"line":24,"column":30}},"type":"binary-expr","locations":[{"start":{"line":24,"column":8},"end":{"line":24,"column":21}},{"start":{"line":24,"column":21},"end":{"line":24,"column":30}}]},"4":{"loc":{"start":{"line":32,"column":4},"end":{"line":46,"column":null}},"type":"switch","locations":[{"start":{"line":33,"column":6},"end":{"line":34,"column":null}},{"start":{"line":35,"column":6},"end":{"line":36,"column":null}},{"start":{"line":37,"column":6},"end":{"line":38,"column":null}},{"start":{"line":39,"column":6},"end":{"line":40,"column":null}},{"start":{"line":41,"column":6},"end":{"line":44,"column":null}}]},"5":{"loc":{"start":{"line":50,"column":41},"end":{"line":50,"column":97}},"type":"cond-expr","locations":[{"start":{"line":50,"column":66},"end":{"line":50,"column":79}},{"start":{"line":50,"column":82},"end":{"line":50,"column":97}}]},"6":{"loc":{"start":{"line":65,"column":17},"end":{"line":65,"column":null}},"type":"binary-expr","locations":[{"start":{"line":65,"column":17},"end":{"line":65,"column":31}},{"start":{"line":65,"column":35},"end":{"line":65,"column":null}}]},"7":{"loc":{"start":{"line":82,"column":17},"end":{"line":82,"column":null}},"type":"binary-expr","locations":[{"start":{"line":82,"column":17},"end":{"line":82,"column":31}},{"start":{"line":82,"column":35},"end":{"line":82,"column":null}}]},"8":{"loc":{"start":{"line":99,"column":17},"end":{"line":99,"column":null}},"type":"binary-expr","locations":[{"start":{"line":99,"column":17},"end":{"line":99,"column":31}},{"start":{"line":99,"column":35},"end":{"line":99,"column":null}}]},"9":{"loc":{"start":{"line":116,"column":17},"end":{"line":116,"column":null}},"type":"binary-expr","locations":[{"start":{"line":116,"column":17},"end":{"line":116,"column":31}},{"start":{"line":116,"column":35},"end":{"line":116,"column":null}}]}},"s":{"0":0,"1":0,"2":0,"3":0,"4":0,"5":0,"6":0,"7":0,"8":0,"9":0,"10":0,"11":0,"12":0,"13":0,"14":0,"15":0,"16":0,"17":0,"18":0,"19":0,"20":0,"21":0,"22":0,"23":0},"f":{"0":0,"1":0,"2":0,"3":0,"4":0},"b":{"0":[0],"1":[0,0],"2":[0],"3":[0,0],"4":[0,0,0,0,0],"5":[0,0],"6":[0,0],"7":[0,0],"8":[0,0],"9":[0,0]}}
,"C:\\GitHub_Development\\the-story-teller\\app\\api\\mcp\\memory\\route.ts": {"path":"C:\\GitHub_Development\\the-story-teller\\app\\api\\mcp\\memory\\route.ts","statementMap":{"0":{"start":{"line":17,"column":22},"end":{"line":17,"column":27}},"1":{"start":{"line":8,"column":42},"end":{"line":8,"column":null}},"2":{"start":{"line":9,"column":33},"end":{"line":9,"column":null}},"3":{"start":{"line":10,"column":28},"end":{"line":10,"column":null}},"4":{"start":{"line":12,"column":29},"end":{"line":12,"column":null}},"5":{"start":{"line":18,"column":2},"end":{"line":73,"column":null}},"6":{"start":{"line":20,"column":20},"end":{"line":20,"column":null}},"7":{"start":{"line":21,"column":4},"end":{"line":23,"column":null}},"8":{"start":{"line":22,"column":6},"end":{"line":22,"column":null}},"9":{"start":{"line":26,"column":17},"end":{"line":26,"column":null}},"10":{"start":{"line":29,"column":4},"end":{"line":34,"column":null}},"11":{"start":{"line":30,"column":6},"end":{"line":32,"column":null}},"12":{"start":{"line":37,"column":22},"end":{"line":37,"column":null}},"13":{"start":{"line":38,"column":22},"end":{"line":38,"column":null}},"14":{"start":{"line":41,"column":54},"end":{"line":47,"column":null}},"15":{"start":{"line":50,"column":4},"end":{"line":66,"column":null}},"16":{"start":{"line":52,"column":8},"end":{"line":52,"column":null}},"17":{"start":{"line":54,"column":8},"end":{"line":54,"column":null}},"18":{"start":{"line":56,"column":8},"end":{"line":56,"column":null}},"19":{"start":{"line":58,"column":8},"end":{"line":58,"column":null}},"20":{"start":{"line":60,"column":8},"end":{"line":60,"column":null}},"21":{"start":{"line":62,"column":8},"end":{"line":64,"column":null}},"22":{"start":{"line":68,"column":4},"end":{"line":68,"column":null}},"23":{"start":{"line":69,"column":4},"end":{"line":71,"column":null}},"24":{"start":{"line":80,"column":2},"end":{"line":135,"column":null}},"25":{"start":{"line":82,"column":4},"end":{"line":87,"column":null}},"26":{"start":{"line":83,"column":6},"end":{"line":85,"column":null}},"27":{"start":{"line":90,"column":22},"end":{"line":90,"column":55}},"28":{"start":{"line":91,"column":4},"end":{"line":97,"column":null}},"29":{"start":{"line":92,"column":6},"end":{"line":92,"column":null}},"30":{"start":{"line":93,"column":6},"end":{"line":95,"column":null}},"31":{"start":{"line":100,"column":21},"end":{"line":107,"column":null}},"32":{"start":{"line":110,"column":4},"end":{"line":117,"column":null}},"33":{"start":{"line":111,"column":24},"end":{"line":111,"column":null}},"34":{"start":{"line":112,"column":6},"end":{"line":112,"column":null}},"35":{"start":{"line":113,"column":6},"end":{"line":115,"column":null}},"36":{"start":{"line":120,"column":64},"end":{"line":120,"column":null}},"37":{"start":{"line":123,"column":4},"end":{"line":127,"column":null}},"38":{"start":{"line":130,"column":4},"end":{"line":130,"column":null}},"39":{"start":{"line":131,"column":4},"end":{"line":133,"column":null}},"40":{"start":{"line":142,"column":2},"end":{"line":201,"column":null}},"41":{"start":{"line":144,"column":4},"end":{"line":149,"column":null}},"42":{"start":{"line":145,"column":6},"end":{"line":147,"column":null}},"43":{"start":{"line":152,"column":22},"end":{"line":152,"column":55}},"44":{"start":{"line":153,"column":4},"end":{"line":159,"column":null}},"45":{"start":{"line":154,"column":6},"end":{"line":154,"column":null}},"46":{"start":{"line":155,"column":6},"end":{"line":157,"column":null}},"47":{"start":{"line":162,"column":21},"end":{"line":167,"column":null}},"48":{"start":{"line":170,"column":4},"end":{"line":177,"column":null}},"49":{"start":{"line":171,"column":24},"end":{"line":171,"column":null}},"50":{"start":{"line":172,"column":6},"end":{"line":172,"column":null}},"51":{"start":{"line":173,"column":6},"end":{"line":175,"column":null}},"52":{"start":{"line":180,"column":64},"end":{"line":180,"column":null}},"53":{"start":{"line":183,"column":4},"end":{"line":193,"column":null}},"54":{"start":{"line":196,"column":4},"end":{"line":196,"column":null}},"55":{"start":{"line":197,"column":4},"end":{"line":199,"column":null}},"56":{"start":{"line":208,"column":2},"end":{"line":263,"column":null}},"57":{"start":{"line":210,"column":4},"end":{"line":215,"column":null}},"58":{"start":{"line":211,"column":6},"end":{"line":213,"column":null}},"59":{"start":{"line":218,"column":22},"end":{"line":218,"column":55}},"60":{"start":{"line":219,"column":4},"end":{"line":225,"column":null}},"61":{"start":{"line":220,"column":6},"end":{"line":220,"column":null}},"62":{"start":{"line":221,"column":6},"end":{"line":223,"column":null}},"63":{"start":{"line":228,"column":21},"end":{"line":235,"column":null}},"64":{"start":{"line":238,"column":4},"end":{"line":245,"column":null}},"65":{"start":{"line":239,"column":24},"end":{"line":239,"column":null}},"66":{"start":{"line":240,"column":6},"end":{"line":240,"column":null}},"67":{"start":{"line":241,"column":6},"end":{"line":243,"column":null}},"68":{"start":{"line":248,"column":64},"end":{"line":248,"column":null}},"69":{"start":{"line":251,"column":4},"end":{"line":255,"column":null}},"70":{"start":{"line":258,"column":4},"end":{"line":258,"column":null}},"71":{"start":{"line":259,"column":4},"end":{"line":261,"column":null}},"72":{"start":{"line":270,"column":2},"end":{"line":319,"column":null}},"73":{"start":{"line":272,"column":4},"end":{"line":277,"column":null}},"74":{"start":{"line":273,"column":6},"end":{"line":275,"column":null}},"75":{"start":{"line":280,"column":22},"end":{"line":280,"column":55}},"76":{"start":{"line":281,"column":4},"end":{"line":287,"column":null}},"77":{"start":{"line":282,"column":6},"end":{"line":282,"column":null}},"78":{"start":{"line":283,"column":6},"end":{"line":285,"column":null}},"79":{"start":{"line":290,"column":21},"end":{"line":295,"column":null}},"80":{"start":{"line":298,"column":4},"end":{"line":305,"column":null}},"81":{"start":{"line":299,"column":24},"end":{"line":299,"column":null}},"82":{"start":{"line":300,"column":6},"end":{"line":300,"column":null}},"83":{"start":{"line":301,"column":6},"end":{"line":303,"column":null}},"84":{"start":{"line":308,"column":4},"end":{"line":311,"column":null}},"85":{"start":{"line":314,"column":4},"end":{"line":314,"column":null}},"86":{"start":{"line":315,"column":4},"end":{"line":317,"column":null}},"87":{"start":{"line":326,"column":2},"end":{"line":396,"column":null}},"88":{"start":{"line":328,"column":4},"end":{"line":333,"column":null}},"89":{"start":{"line":329,"column":6},"end":{"line":331,"column":null}},"90":{"start":{"line":336,"column":22},"end":{"line":336,"column":55}},"91":{"start":{"line":337,"column":4},"end":{"line":343,"column":null}},"92":{"start":{"line":338,"column":6},"end":{"line":338,"column":null}},"93":{"start":{"line":339,"column":6},"end":{"line":341,"column":null}},"94":{"start":{"line":346,"column":25},"end":{"line":346,"column":null}},"95":{"start":{"line":347,"column":4},"end":{"line":349,"column":null}},"96":{"start":{"line":348,"column":6},"end":{"line":348,"column":null}},"97":{"start":{"line":350,"column":4},"end":{"line":352,"column":null}},"98":{"start":{"line":351,"column":6},"end":{"line":351,"column":null}},"99":{"start":{"line":353,"column":4},"end":{"line":355,"column":null}},"100":{"start":{"line":354,"column":6},"end":{"line":354,"column":null}},"101":{"start":{"line":358,"column":21},"end":{"line":368,"column":null}},"102":{"start":{"line":371,"column":4},"end":{"line":378,"column":null}},"103":{"start":{"line":372,"column":24},"end":{"line":372,"column":null}},"104":{"start":{"line":373,"column":6},"end":{"line":373,"column":null}},"105":{"start":{"line":374,"column":6},"end":{"line":376,"column":null}},"106":{"start":{"line":381,"column":64},"end":{"line":381,"column":null}},"107":{"start":{"line":384,"column":4},"end":{"line":388,"column":null}},"108":{"start":{"line":391,"column":4},"end":{"line":391,"column":null}},"109":{"start":{"line":392,"column":4},"end":{"line":394,"column":null}}},"fnMap":{"0":{"name":"POST","decl":{"start":{"line":17,"column":22},"end":{"line":17,"column":27}},"loc":{"start":{"line":17,"column":47},"end":{"line":74,"column":null}}},"1":{"name":"handleStoreMemory","decl":{"start":{"line":79,"column":15},"end":{"line":79,"column":33}},"loc":{"start":{"line":79,"column":71},"end":{"line":136,"column":null}}},"2":{"name":"handleRetrieveMemory","decl":{"start":{"line":141,"column":15},"end":{"line":141,"column":36}},"loc":{"start":{"line":141,"column":74},"end":{"line":202,"column":null}}},"3":{"name":"handleUpdateMemory","decl":{"start":{"line":207,"column":15},"end":{"line":207,"column":34}},"loc":{"start":{"line":207,"column":72},"end":{"line":264,"column":null}}},"4":{"name":"handleDeleteMemory","decl":{"start":{"line":269,"column":15},"end":{"line":269,"column":34}},"loc":{"start":{"line":269,"column":72},"end":{"line":320,"column":null}}},"5":{"name":"handleSearchMemory","decl":{"start":{"line":325,"column":15},"end":{"line":325,"column":34}},"loc":{"start":{"line":325,"column":72},"end":{"line":397,"column":null}}}},"branchMap":{"0":{"loc":{"start":{"line":21,"column":4},"end":{"line":23,"column":null}},"type":"if","locations":[{"start":{"line":21,"column":4},"end":{"line":23,"column":null}}]},"1":{"loc":{"start":{"line":21,"column":8},"end":{"line":21,"column":33}},"type":"binary-expr","locations":[{"start":{"line":21,"column":8},"end":{"line":21,"column":20}},{"start":{"line":21,"column":20},"end":{"line":21,"column":33}}]},"2":{"loc":{"start":{"line":29,"column":4},"end":{"line":34,"column":null}},"type":"if","locations":[{"start":{"line":29,"column":4},"end":{"line":34,"column":null}}]},"3":{"loc":{"start":{"line":29,"column":8},"end":{"line":29,"column":38}},"type":"binary-expr","locations":[{"start":{"line":29,"column":8},"end":{"line":29,"column":22}},{"start":{"line":29,"column":26},"end":{"line":29,"column":38}}]},"4":{"loc":{"start":{"line":37,"column":22},"end":{"line":37,"column":null}},"type":"binary-expr","locations":[{"start":{"line":37,"column":22},"end":{"line":37,"column":36}},{"start":{"line":37,"column":40},"end":{"line":37,"column":null}}]},"5":{"loc":{"start":{"line":38,"column":22},"end":{"line":38,"column":null}},"type":"binary-expr","locations":[{"start":{"line":38,"column":22},"end":{"line":38,"column":36}},{"start":{"line":38,"column":40},"end":{"line":38,"column":null}}]},"6":{"loc":{"start":{"line":44,"column":15},"end":{"line":44,"column":null}},"type":"binary-expr","locations":[{"start":{"line":44,"column":15},"end":{"line":44,"column":27}},{"start":{"line":44,"column":31},"end":{"line":44,"column":null}}]},"7":{"loc":{"start":{"line":50,"column":4},"end":{"line":66,"column":null}},"type":"switch","locations":[{"start":{"line":51,"column":6},"end":{"line":52,"column":null}},{"start":{"line":53,"column":6},"end":{"line":54,"column":null}},{"start":{"line":55,"column":6},"end":{"line":56,"column":null}},{"start":{"line":57,"column":6},"end":{"line":58,"column":null}},{"start":{"line":59,"column":6},"end":{"line":60,"column":null}},{"start":{"line":61,"column":6},"end":{"line":64,"column":null}}]},"8":{"loc":{"start":{"line":82,"column":4},"end":{"line":87,"column":null}},"type":"if","locations":[{"start":{"line":82,"column":4},"end":{"line":87,"column":null}}]},"9":{"loc":{"start":{"line":91,"column":4},"end":{"line":97,"column":null}},"type":"if","locations":[{"start":{"line":91,"column":4},"end":{"line":97,"column":null}}]},"10":{"loc":{"start":{"line":104,"column":35},"end":{"line":104,"column":66}},"type":"binary-expr","locations":[{"start":{"line":104,"column":35},"end":{"line":104,"column":58}},{"start":{"line":104,"column":62},"end":{"line":104,"column":66}}]},"11":{"loc":{"start":{"line":110,"column":4},"end":{"line":117,"column":null}},"type":"if","locations":[{"start":{"line":110,"column":4},"end":{"line":117,"column":null}}]},"12":{"loc":{"start":{"line":144,"column":4},"end":{"line":149,"column":null}},"type":"if","locations":[{"start":{"line":144,"column":4},"end":{"line":149,"column":null}}]},"13":{"loc":{"start":{"line":153,"column":4},"end":{"line":159,"column":null}},"type":"if","locations":[{"start":{"line":153,"column":4},"end":{"line":159,"column":null}}]},"14":{"loc":{"start":{"line":165,"column":35},"end":{"line":165,"column":66}},"type":"binary-expr","locations":[{"start":{"line":165,"column":35},"end":{"line":165,"column":58}},{"start":{"line":165,"column":62},"end":{"line":165,"column":66}}]},"15":{"loc":{"start":{"line":170,"column":4},"end":{"line":177,"column":null}},"type":"if","locations":[{"start":{"line":170,"column":4},"end":{"line":177,"column":null}}]},"16":{"loc":{"start":{"line":210,"column":4},"end":{"line":215,"column":null}},"type":"if","locations":[{"start":{"line":210,"column":4},"end":{"line":215,"column":null}}]},"17":{"loc":{"start":{"line":219,"column":4},"end":{"line":225,"column":null}},"type":"if","locations":[{"start":{"line":219,"column":4},"end":{"line":225,"column":null}}]},"18":{"loc":{"start":{"line":232,"column":35},"end":{"line":232,"column":66}},"type":"binary-expr","locations":[{"start":{"line":232,"column":35},"end":{"line":232,"column":58}},{"start":{"line":232,"column":62},"end":{"line":232,"column":66}}]},"19":{"loc":{"start":{"line":238,"column":4},"end":{"line":245,"column":null}},"type":"if","locations":[{"start":{"line":238,"column":4},"end":{"line":245,"column":null}}]},"20":{"loc":{"start":{"line":272,"column":4},"end":{"line":277,"column":null}},"type":"if","locations":[{"start":{"line":272,"column":4},"end":{"line":277,"column":null}}]},"21":{"loc":{"start":{"line":281,"column":4},"end":{"line":287,"column":null}},"type":"if","locations":[{"start":{"line":281,"column":4},"end":{"line":287,"column":null}}]},"22":{"loc":{"start":{"line":293,"column":35},"end":{"line":293,"column":66}},"type":"binary-expr","locations":[{"start":{"line":293,"column":35},"end":{"line":293,"column":58}},{"start":{"line":293,"column":62},"end":{"line":293,"column":66}}]},"23":{"loc":{"start":{"line":298,"column":4},"end":{"line":305,"column":null}},"type":"if","locations":[{"start":{"line":298,"column":4},"end":{"line":305,"column":null}}]},"24":{"loc":{"start":{"line":328,"column":4},"end":{"line":333,"column":null}},"type":"if","locations":[{"start":{"line":328,"column":4},"end":{"line":333,"column":null}}]},"25":{"loc":{"start":{"line":328,"column":8},"end":{"line":328,"column":59}},"type":"binary-expr","locations":[{"start":{"line":328,"column":8},"end":{"line":328,"column":33}},{"start":{"line":328,"column":37},"end":{"line":328,"column":59}}]},"26":{"loc":{"start":{"line":337,"column":4},"end":{"line":343,"column":null}},"type":"if","locations":[{"start":{"line":337,"column":4},"end":{"line":343,"column":null}}]},"27":{"loc":{"start":{"line":347,"column":4},"end":{"line":349,"column":null}},"type":"if","locations":[{"start":{"line":347,"column":4},"end":{"line":349,"column":null}}]},"28":{"loc":{"start":{"line":350,"column":4},"end":{"line":352,"column":null}},"type":"if","locations":[{"start":{"line":350,"column":4},"end":{"line":352,"column":null}}]},"29":{"loc":{"start":{"line":353,"column":4},"end":{"line":355,"column":null}},"type":"if","locations":[{"start":{"line":353,"column":4},"end":{"line":355,"column":null}}]},"30":{"loc":{"start":{"line":362,"column":35},"end":{"line":362,"column":66}},"type":"binary-expr","locations":[{"start":{"line":362,"column":35},"end":{"line":362,"column":58}},{"start":{"line":362,"column":62},"end":{"line":362,"column":66}}]},"31":{"loc":{"start":{"line":371,"column":4},"end":{"line":378,"column":null}},"type":"if","locations":[{"start":{"line":371,"column":4},"end":{"line":378,"column":null}}]}},"s":{"0":0,"1":0,"2":0,"3":0,"4":0,"5":0,"6":0,"7":0,"8":0,"9":0,"10":0,"11":0,"12":0,"13":0,"14":0,"15":0,"16":0,"17":0,"18":0,"19":0,"20":0,"21":0,"22":0,"23":0,"24":0,"25":0,"26":0,"27":0,"28":0,"29":0,"30":0,"31":0,"32":0,"33":0,"34":0,"35":0,"36":0,"37":0,"38":0,"39":0,"40":0,"41":0,"42":0,"43":0,"44":0,"45":0,"46":0,"47":0,"48":0,"49":0,"50":0,"51":0,"52":0,"53":0,"54":0,"55":0,"56":0,"57":0,"58":0,"59":0,"60":0,"61":0,"62":0,"63":0,"64":0,"65":0,"66":0,"67":0,"68":0,"69":0,"70":0,"71":0,"72":0,"73":0,"74":0,"75":0,"76":0,"77":0,"78":0,"79":0,"80":0,"81":0,"82":0,"83":0,"84":0,"85":0,"86":0,"87":0,"88":0,"89":0,"90":0,"91":0,"92":0,"93":0,"94":0,"95":0,"96":0,"97":0,"98":0,"99":0,"100":0,"101":0,"102":0,"103":0,"104":0,"105":0,"106":0,"107":0,"108":0,"109":0},"f":{"0":0,"1":0,"2":0,"3":0,"4":0,"5":0},"b":{"0":[0],"1":[0,0],"2":[0],"3":[0,0],"4":[0,0],"5":[0,0],"6":[0,0],"7":[0,0,0,0,0,0],"8":[0],"9":[0],"10":[0,0],"11":[0],"12":[0],"13":[0],"14":[0,0],"15":[0],"16":[0],"17":[0],"18":[0,0],"19":[0],"20":[0],"21":[0],"22":[0,0],"23":[0],"24":[0],"25":[0,0],"26":[0],"27":[0],"28":[0],"29":[0],"30":[0,0],"31":[0]}}
,"C:\\GitHub_Development\\the-story-teller\\app\\api\\stories\\route.ts": {"path":"C:\\GitHub_Development\\the-story-teller\\app\\api\\stories\\route.ts","statementMap":{"0":{"start":{"line":153,"column":9},"end":{"line":153,"column":24}},"1":{"start":{"line":149,"column":13},"end":{"line":149,"column":24}},"2":{"start":{"line":153,"column":29},"end":{"line":153,"column":45}},"3":{"start":{"line":150,"column":13},"end":{"line":150,"column":25}},"4":{"start":{"line":5,"column":42},"end":{"line":5,"column":null}},"5":{"start":{"line":6,"column":45},"end":{"line":6,"column":null}},"6":{"start":{"line":7,"column":30},"end":{"line":7,"column":null}},"7":{"start":{"line":10,"column":15},"end":{"line":10,"column":null}},"8":{"start":{"line":16,"column":2},"end":{"line":16,"column":null}},"9":{"start":{"line":18,"column":2},"end":{"line":74,"column":null}},"10":{"start":{"line":20,"column":29},"end":{"line":20,"column":null}},"11":{"start":{"line":21,"column":19},"end":{"line":21,"column":null}},"12":{"start":{"line":22,"column":18},"end":{"line":22,"column":null}},"13":{"start":{"line":23,"column":17},"end":{"line":23,"column":null}},"14":{"start":{"line":26,"column":4},"end":{"line":29,"column":null}},"15":{"start":{"line":27,"column":6},"end":{"line":27,"column":null}},"16":{"start":{"line":28,"column":6},"end":{"line":28,"column":null}},"17":{"start":{"line":31,"column":4},"end":{"line":31,"column":null}},"18":{"start":{"line":34,"column":30},"end":{"line":34,"column":null}},"19":{"start":{"line":37,"column":20},"end":{"line":43,"column":null}},"20":{"start":{"line":47,"column":23},"end":{"line":47,"column":null}},"21":{"start":{"line":49,"column":4},"end":{"line":53,"column":null}},"22":{"start":{"line":56,"column":4},"end":{"line":64,"column":null}},"23":{"start":{"line":67,"column":4},"end":{"line":67,"column":null}},"24":{"start":{"line":70,"column":4},"end":{"line":72,"column":null}},"25":{"start":{"line":81,"column":2},"end":{"line":81,"column":null}},"26":{"start":{"line":83,"column":2},"end":{"line":145,"column":null}},"27":{"start":{"line":85,"column":17},"end":{"line":85,"column":null}},"28":{"start":{"line":86,"column":56},"end":{"line":86,"column":null}},"29":{"start":{"line":89,"column":4},"end":{"line":100,"column":null}},"30":{"start":{"line":90,"column":28},"end":{"line":90,"column":30}},"31":{"start":{"line":91,"column":6},"end":{"line":91,"column":null}},"32":{"start":{"line":91,"column":18},"end":{"line":91,"column":null}},"33":{"start":{"line":92,"column":6},"end":{"line":92,"column":null}},"34":{"start":{"line":92,"column":19},"end":{"line":92,"column":null}},"35":{"start":{"line":94,"column":6},"end":{"line":94,"column":null}},"36":{"start":{"line":96,"column":6},"end":{"line":98,"column":null}},"37":{"start":{"line":102,"column":4},"end":{"line":102,"column":null}},"38":{"start":{"line":105,"column":30},"end":{"line":105,"column":null}},"39":{"start":{"line":108,"column":18},"end":{"line":121,"column":null}},"40":{"start":{"line":124,"column":19},"end":{"line":124,"column":null}},"41":{"start":{"line":126,"column":4},"end":{"line":128,"column":null}},"42":{"start":{"line":131,"column":4},"end":{"line":135,"column":null}},"43":{"start":{"line":138,"column":4},"end":{"line":138,"column":null}},"44":{"start":{"line":141,"column":4},"end":{"line":143,"column":null}},"45":{"start":{"line":149,"column":27},"end":{"line":149,"column":null}},"46":{"start":{"line":150,"column":28},"end":{"line":150,"column":null}}},"fnMap":{"0":{"name":"GET","decl":{"start":{"line":15,"column":15},"end":{"line":15,"column":19}},"loc":{"start":{"line":15,"column":39},"end":{"line":75,"column":null}}},"1":{"name":"POST","decl":{"start":{"line":80,"column":15},"end":{"line":80,"column":20}},"loc":{"start":{"line":80,"column":40},"end":{"line":146,"column":null}}}},"branchMap":{"0":{"loc":{"start":{"line":22,"column":25},"end":{"line":22,"column":null}},"type":"binary-expr","locations":[{"start":{"line":22,"column":25},"end":{"line":22,"column":54}},{"start":{"line":22,"column":54},"end":{"line":22,"column":null}}]},"1":{"loc":{"start":{"line":23,"column":24},"end":{"line":23,"column":null}},"type":"binary-expr","locations":[{"start":{"line":23,"column":24},"end":{"line":23,"column":52}},{"start":{"line":23,"column":52},"end":{"line":23,"column":null}}]},"2":{"loc":{"start":{"line":26,"column":4},"end":{"line":29,"column":null}},"type":"if","locations":[{"start":{"line":26,"column":4},"end":{"line":29,"column":null}}]},"3":{"loc":{"start":{"line":89,"column":4},"end":{"line":100,"column":null}},"type":"if","locations":[{"start":{"line":89,"column":4},"end":{"line":100,"column":null}}]},"4":{"loc":{"start":{"line":89,"column":8},"end":{"line":89,"column":27}},"type":"binary-expr","locations":[{"start":{"line":89,"column":8},"end":{"line":89,"column":18}},{"start":{"line":89,"column":18},"end":{"line":89,"column":27}}]},"5":{"loc":{"start":{"line":91,"column":6},"end":{"line":91,"column":null}},"type":"if","locations":[{"start":{"line":91,"column":6},"end":{"line":91,"column":null}}]},"6":{"loc":{"start":{"line":92,"column":6},"end":{"line":92,"column":null}},"type":"if","locations":[{"start":{"line":92,"column":6},"end":{"line":92,"column":null}}]},"7":{"loc":{"start":{"line":110,"column":19},"end":{"line":110,"column":null}},"type":"binary-expr","locations":[{"start":{"line":110,"column":19},"end":{"line":110,"column":34}},{"start":{"line":110,"column":34},"end":{"line":110,"column":null}}]},"8":{"loc":{"start":{"line":112,"column":13},"end":{"line":112,"column":null}},"type":"binary-expr","locations":[{"start":{"line":112,"column":13},"end":{"line":112,"column":22}},{"start":{"line":112,"column":22},"end":{"line":112,"column":null}}]},"9":{"loc":{"start":{"line":113,"column":12},"end":{"line":113,"column":22}},"type":"binary-expr","locations":[{"start":{"line":113,"column":12},"end":{"line":113,"column":20}},{"start":{"line":113,"column":20},"end":{"line":113,"column":22}}]}},"s":{"0":0,"1":0,"2":0,"3":0,"4":0,"5":0,"6":0,"7":0,"8":0,"9":0,"10":0,"11":0,"12":0,"13":0,"14":0,"15":0,"16":0,"17":0,"18":0,"19":0,"20":0,"21":0,"22":0,"23":0,"24":0,"25":0,"26":0,"27":0,"28":0,"29":0,"30":0,"31":0,"32":0,"33":0,"34":0,"35":0,"36":0,"37":0,"38":0,"39":0,"40":0,"41":0,"42":0,"43":0,"44":0,"45":0,"46":0},"f":{"0":0,"1":0},"b":{"0":[0,0],"1":[0,0],"2":[0],"3":[0],"4":[0,0],"5":[0],"6":[0],"7":[0,0],"8":[0,0],"9":[0,0]}}
,"C:\\GitHub_Development\\the-story-teller\\app\\api\\stories\\[id]\\route.ts": {"path":"C:\\GitHub_Development\\the-story-teller\\app\\api\\stories\\[id]\\route.ts","statementMap":{"0":{"start":{"line":204,"column":49},"end":{"line":204,"column":67}},"1":{"start":{"line":201,"column":13},"end":{"line":201,"column":27}},"2":{"start":{"line":204,"column":9},"end":{"line":204,"column":24}},"3":{"start":{"line":199,"column":13},"end":{"line":199,"column":24}},"4":{"start":{"line":204,"column":29},"end":{"line":204,"column":44}},"5":{"start":{"line":200,"column":13},"end":{"line":200,"column":24}},"6":{"start":{"line":5,"column":42},"end":{"line":5,"column":null}},"7":{"start":{"line":6,"column":25},"end":{"line":6,"column":null}},"8":{"start":{"line":7,"column":45},"end":{"line":7,"column":null}},"9":{"start":{"line":8,"column":30},"end":{"line":8,"column":null}},"10":{"start":{"line":11,"column":15},"end":{"line":11,"column":null}},"11":{"start":{"line":17,"column":2},"end":{"line":22,"column":null}},"12":{"start":{"line":18,"column":4},"end":{"line":18,"column":null}},"13":{"start":{"line":19,"column":4},"end":{"line":19,"column":null}},"14":{"start":{"line":21,"column":4},"end":{"line":21,"column":null}},"15":{"start":{"line":29,"column":13},"end":{"line":29,"column":22}},"16":{"start":{"line":31,"column":2},"end":{"line":31,"column":null}},"17":{"start":{"line":34,"column":2},"end":{"line":37,"column":null}},"18":{"start":{"line":35,"column":4},"end":{"line":35,"column":null}},"19":{"start":{"line":36,"column":4},"end":{"line":36,"column":null}},"20":{"start":{"line":39,"column":2},"end":{"line":67,"column":null}},"21":{"start":{"line":41,"column":30},"end":{"line":41,"column":null}},"22":{"start":{"line":44,"column":18},"end":{"line":44,"column":null}},"23":{"start":{"line":46,"column":4},"end":{"line":49,"column":null}},"24":{"start":{"line":47,"column":6},"end":{"line":47,"column":null}},"25":{"start":{"line":48,"column":6},"end":{"line":48,"column":null}},"26":{"start":{"line":51,"column":4},"end":{"line":54,"column":null}},"27":{"start":{"line":57,"column":4},"end":{"line":57,"column":null}},"28":{"start":{"line":60,"column":4},"end":{"line":60,"column":null}},"29":{"start":{"line":63,"column":4},"end":{"line":65,"column":null}},"30":{"start":{"line":74,"column":13},"end":{"line":74,"column":22}},"31":{"start":{"line":76,"column":2},"end":{"line":76,"column":null}},"32":{"start":{"line":79,"column":2},"end":{"line":82,"column":null}},"33":{"start":{"line":80,"column":4},"end":{"line":80,"column":null}},"34":{"start":{"line":81,"column":4},"end":{"line":81,"column":null}},"35":{"start":{"line":84,"column":2},"end":{"line":138,"column":null}},"36":{"start":{"line":86,"column":17},"end":{"line":86,"column":null}},"37":{"start":{"line":89,"column":30},"end":{"line":89,"column":null}},"38":{"start":{"line":92,"column":26},"end":{"line":92,"column":null}},"39":{"start":{"line":94,"column":4},"end":{"line":97,"column":null}},"40":{"start":{"line":95,"column":6},"end":{"line":95,"column":null}},"41":{"start":{"line":96,"column":6},"end":{"line":96,"column":null}},"42":{"start":{"line":100,"column":23},"end":{"line":103,"column":null}},"43":{"start":{"line":106,"column":4},"end":{"line":106,"column":null}},"44":{"start":{"line":108,"column":4},"end":{"line":110,"column":null}},"45":{"start":{"line":113,"column":19},"end":{"line":115,"column":null}},"46":{"start":{"line":118,"column":4},"end":{"line":120,"column":null}},"47":{"start":{"line":123,"column":25},"end":{"line":123,"column":null}},"48":{"start":{"line":125,"column":4},"end":{"line":128,"column":null}},"49":{"start":{"line":131,"column":4},"end":{"line":131,"column":null}},"50":{"start":{"line":134,"column":4},"end":{"line":136,"column":null}},"51":{"start":{"line":145,"column":13},"end":{"line":145,"column":22}},"52":{"start":{"line":147,"column":2},"end":{"line":147,"column":null}},"53":{"start":{"line":150,"column":2},"end":{"line":153,"column":null}},"54":{"start":{"line":151,"column":4},"end":{"line":151,"column":null}},"55":{"start":{"line":152,"column":4},"end":{"line":152,"column":null}},"56":{"start":{"line":155,"column":2},"end":{"line":195,"column":null}},"57":{"start":{"line":157,"column":30},"end":{"line":157,"column":null}},"58":{"start":{"line":160,"column":26},"end":{"line":160,"column":null}},"59":{"start":{"line":162,"column":4},"end":{"line":165,"column":null}},"60":{"start":{"line":163,"column":6},"end":{"line":163,"column":null}},"61":{"start":{"line":164,"column":6},"end":{"line":164,"column":null}},"62":{"start":{"line":168,"column":22},"end":{"line":171,"column":null}},"63":{"start":{"line":174,"column":19},"end":{"line":174,"column":null}},"64":{"start":{"line":176,"column":4},"end":{"line":179,"column":null}},"65":{"start":{"line":182,"column":4},"end":{"line":185,"column":null}},"66":{"start":{"line":188,"column":4},"end":{"line":188,"column":null}},"67":{"start":{"line":191,"column":4},"end":{"line":193,"column":null}},"68":{"start":{"line":199,"column":27},"end":{"line":199,"column":null}},"69":{"start":{"line":200,"column":27},"end":{"line":200,"column":null}},"70":{"start":{"line":201,"column":30},"end":{"line":201,"column":null}}},"fnMap":{"0":{"name":"isValidObjectId","decl":{"start":{"line":16,"column":9},"end":{"line":16,"column":25}},"loc":{"start":{"line":16,"column":35},"end":{"line":23,"column":null}}},"1":{"name":"GET","decl":{"start":{"line":28,"column":15},"end":{"line":28,"column":19}},"loc":{"start":{"line":28,"column":79},"end":{"line":68,"column":null}}},"2":{"name":"PUT","decl":{"start":{"line":73,"column":15},"end":{"line":73,"column":19}},"loc":{"start":{"line":73,"column":79},"end":{"line":139,"column":null}}},"3":{"name":"DELETE","decl":{"start":{"line":144,"column":15},"end":{"line":144,"column":22}},"loc":{"start":{"line":144,"column":82},"end":{"line":196,"column":null}}}},"branchMap":{"0":{"loc":{"start":{"line":34,"column":2},"end":{"line":37,"column":null}},"type":"if","locations":[{"start":{"line":34,"column":2},"end":{"line":37,"column":null}}]},"1":{"loc":{"start":{"line":46,"column":4},"end":{"line":49,"column":null}},"type":"if","locations":[{"start":{"line":46,"column":4},"end":{"line":49,"column":null}}]},"2":{"loc":{"start":{"line":79,"column":2},"end":{"line":82,"column":null}},"type":"if","locations":[{"start":{"line":79,"column":2},"end":{"line":82,"column":null}}]},"3":{"loc":{"start":{"line":94,"column":4},"end":{"line":97,"column":null}},"type":"if","locations":[{"start":{"line":94,"column":4},"end":{"line":97,"column":null}}]},"4":{"loc":{"start":{"line":150,"column":2},"end":{"line":153,"column":null}},"type":"if","locations":[{"start":{"line":150,"column":2},"end":{"line":153,"column":null}}]},"5":{"loc":{"start":{"line":162,"column":4},"end":{"line":165,"column":null}},"type":"if","locations":[{"start":{"line":162,"column":4},"end":{"line":165,"column":null}}]}},"s":{"0":0,"1":0,"2":0,"3":0,"4":0,"5":0,"6":0,"7":0,"8":0,"9":0,"10":0,"11":0,"12":0,"13":0,"14":0,"15":0,"16":0,"17":0,"18":0,"19":0,"20":0,"21":0,"22":0,"23":0,"24":0,"25":0,"26":0,"27":0,"28":0,"29":0,"30":0,"31":0,"32":0,"33":0,"34":0,"35":0,"36":0,"37":0,"38":0,"39":0,"40":0,"41":0,"42":0,"43":0,"44":0,"45":0,"46":0,"47":0,"48":0,"49":0,"50":0,"51":0,"52":0,"53":0,"54":0,"55":0,"56":0,"57":0,"58":0,"59":0,"60":0,"61":0,"62":0,"63":0,"64":0,"65":0,"66":0,"67":0,"68":0,"69":0,"70":0},"f":{"0":0,"1":0,"2":0,"3":0},"b":{"0":[0],"1":[0],"2":[0],"3":[0],"4":[0],"5":[0]}}
,"C:\\GitHub_Development\\the-story-teller\\app\\api\\stories\\[id]\\characters\\[id]\\route.ts": {"path":"C:\\GitHub_Development\\the-story-teller\\app\\api\\stories\\[id]\\characters\\[id]\\route.ts","statementMap":{"0":{"start":{"line":142,"column":22},"end":{"line":142,"column":28}},"1":{"start":{"line":7,"column":22},"end":{"line":7,"column":25}},"2":{"start":{"line":57,"column":22},"end":{"line":57,"column":25}},"3":{"start":{"line":1,"column":42},"end":{"line":1,"column":null}},"4":{"start":{"line":2,"column":33},"end":{"line":2,"column":null}},"5":{"start":{"line":3,"column":25},"end":{"line":3,"column":null}},"6":{"start":{"line":4,"column":26},"end":{"line":4,"column":null}},"7":{"start":{"line":11,"column":2},"end":{"line":53,"column":null}},"8":{"start":{"line":13,"column":20},"end":{"line":13,"column":null}},"9":{"start":{"line":15,"column":4},"end":{"line":17,"column":null}},"10":{"start":{"line":16,"column":6},"end":{"line":16,"column":null}},"11":{"start":{"line":19,"column":19},"end":{"line":19,"column":34}},"12":{"start":{"line":20,"column":20},"end":{"line":20,"column":32}},"13":{"start":{"line":21,"column":24},"end":{"line":21,"column":36}},"14":{"start":{"line":24,"column":4},"end":{"line":26,"column":null}},"15":{"start":{"line":25,"column":6},"end":{"line":25,"column":null}},"16":{"start":{"line":28,"column":19},"end":{"line":28,"column":null}},"17":{"start":{"line":31,"column":18},"end":{"line":33,"column":null}},"18":{"start":{"line":35,"column":4},"end":{"line":37,"column":null}},"19":{"start":{"line":36,"column":6},"end":{"line":36,"column":null}},"20":{"start":{"line":40,"column":22},"end":{"line":43,"column":null}},"21":{"start":{"line":45,"column":4},"end":{"line":47,"column":null}},"22":{"start":{"line":46,"column":6},"end":{"line":46,"column":null}},"23":{"start":{"line":49,"column":4},"end":{"line":49,"column":null}},"24":{"start":{"line":51,"column":4},"end":{"line":51,"column":null}},"25":{"start":{"line":52,"column":4},"end":{"line":52,"column":null}},"26":{"start":{"line":61,"column":2},"end":{"line":138,"column":null}},"27":{"start":{"line":63,"column":20},"end":{"line":63,"column":null}},"28":{"start":{"line":65,"column":4},"end":{"line":67,"column":null}},"29":{"start":{"line":66,"column":6},"end":{"line":66,"column":null}},"30":{"start":{"line":69,"column":19},"end":{"line":69,"column":34}},"31":{"start":{"line":70,"column":20},"end":{"line":70,"column":32}},"32":{"start":{"line":71,"column":24},"end":{"line":71,"column":36}},"33":{"start":{"line":74,"column":4},"end":{"line":76,"column":null}},"34":{"start":{"line":75,"column":6},"end":{"line":75,"column":null}},"35":{"start":{"line":78,"column":19},"end":{"line":78,"column":null}},"36":{"start":{"line":79,"column":17},"end":{"line":79,"column":null}},"37":{"start":{"line":82,"column":18},"end":{"line":84,"column":null}},"38":{"start":{"line":86,"column":4},"end":{"line":88,"column":null}},"39":{"start":{"line":87,"column":6},"end":{"line":87,"column":null}},"40":{"start":{"line":91,"column":30},"end":{"line":94,"column":null}},"41":{"start":{"line":96,"column":4},"end":{"line":98,"column":null}},"42":{"start":{"line":97,"column":6},"
[...]
"column":2},"end":{"line":192,"column":15}},"loc":{"start":{"line":192,"column":38},"end":{"line":209,"column":null}}}},"branchMap":{"0":{"loc":{"start":{"line":80,"column":4},"end":{"line":82,"column":null}},"type":"if","locations":[{"start":{"line":80,"column":4},"end":{"line":82,"column":null}}]},"1":{"loc":{"start":{"line":80,"column":8},"end":{"line":80,"column":41}},"type":"binary-expr","locations":[{"start":{"line":80,"column":8},"end":{"line":80,"column":22}},{"start":{"line":80,"column":26},"end":{"line":80,"column":41}}]},"2":{"loc":{"start":{"line":94,"column":6},"end":{"line":102,"column":null}},"type":"if","locations":[{"start":{"line":94,"column":6},"end":{"line":102,"column":null}}]},"3":{"loc":{"start":{"line":130,"column":4},"end":{"line":132,"column":null}},"type":"if","locations":[{"start":{"line":130,"column":4},"end":{"line":132,"column":null}}]},"4":{"loc":{"start":{"line":148,"column":19},"end":{"line":148,"column":null}},"type":"binary-expr","locations":[{"start":{"line":148,"column":19},"end":{"line":148,"column":39}},{"start":{"line":148,"column":43},"end":{"line":148,"column":null}}]},"5":{"loc":{"start":{"line":149,"column":18},"end":{"line":149,"column":null}},"type":"binary-expr","locations":[{"start":{"line":149,"column":18},"end":{"line":149,"column":41}},{"start":{"line":149,"column":45},"end":{"line":149,"column":null}}]},"6":{"loc":{"start":{"line":156,"column":4},"end":{"line":158,"column":null}},"type":"if","locations":[{"start":{"line":156,"column":4},"end":{"line":158,"column":null}}]},"7":{"loc":{"start":{"line":156,"column":8},"end":{"line":156,"column":43}},"type":"binary-expr","locations":[{"start":{"line":156,"column":8},"end":{"line":156,"column":23}},{"start":{"line":156,"column":27},"end":{"line":156,"column":43}}]},"8":{"loc":{"start":{"line":161,"column":4},"end":{"line":163,"column":null}},"type":"if","locations":[{"start":{"line":161,"column":4},"end":{"line":163,"column":null}}]},"9":{"loc":{"start":{"line":170,"column":4},"end":{"line":172,"column":null}},"type":"if","locations":[{"start":{"line":170,"column":4},"end":{"line":172,"column":null}}]},"10":{"loc":{"start":{"line":170,"column":8},"end":{"line":170,"column":55}},"type":"binary-expr","locations":[{"start":{"line":170,"column":8},"end":{"line":170,"column":23}},{"start":{"line":170,"column":27},"end":{"line":170,"column":55}}]},"11":{"loc":{"start":{"line":178,"column":6},"end":{"line":180,"column":null}},"type":"if","locations":[{"start":{"line":178,"column":6},"end":{"line":180,"column":null}}]},"12":{"loc":{"start":{"line":197,"column":4},"end":{"line":200,"column":null}},"type":"if","locations":[{"start":{"line":197,"column":4},"end":{"line":200,"column":null}}]},"13":{"loc":{"start":{"line":203,"column":4},"end":{"line":208,"column":null}},"type":"if","locations":[{"start":{"line":203,"column":4},"end":{"line":208,"column":null}}]}},"s":{"0":0,"1":0,"2":0,"3":0,"4":0,"5":0,"6":0,"7":0,"8":0,"9":0,"10":0,"11":0,"12":0,"13":0,"14":0,"15":0,"16":0,"17":0,"18":0,"19":0,"20":0,"21":0,"22":0,"23":0,"24":0,"25":0,"26":0,"27":0,"28":0,"29":0,"30":0,"31":0,"32":0,"33":0,"34":0,"35":0,"36":0,"37":0,"38":0,"39":0,"40":0,"41":0,"42":0,"43":0,"44":0,"45":0,"46":0,"47":0,"48":0,"49":0,"50":0,"51":0,"52":0,"53":0,"54":0,"55":0,"56":0,"57":0,"58":0,"59":0,"60":0,"61":0,"62":0},"f":{"0":0,"1":0,"2":0,"3":0,"4":0,"5":0,"6":0,"7":0},"b":{"0":[0],"1":[0,0],"2":[0],"3":[0],"4":[0,0],"5":[0,0],"6":[0],"7":[0,0],"8":[0],"9":[0],"10":[0,0],"11":[0],"12":[0],"13":[0]}}
,"C:\\GitHub_Development\\the-story-teller\\lib\\mcp\\art.ts": {"path":"C:\\GitHub_Development\\the-story-teller\\lib\\mcp\\art.ts","statementMap":{"0":{"start":{"line":77,"column":22},"end":{"line":77,"column":35}},"1":{"start":{"line":34,"column":22},"end":{"line":34,"column":33}},"2":{"start":{"line":17,"column":22},"end":{"line":17,"column":37}},"3":{"start":{"line":55,"column":22},"end":{"line":55,"column":35}},"4":{"start":{"line":7,"column":31},"end":{"line":7,"column":null}},"5":{"start":{"line":21,"column":2},"end":{"line":27,"column":null}},"6":{"start":{"line":39,"column":2},"end":{"line":48,"column":null}},"7":{"start":{"line":64,"column":2},"end":{"line":70,"column":null}},"8":{"start":{"line":81,"column":2},"end":{"line":89,"column":null}}},"fnMap":{"0":{"name":"generateArtwork","decl":{"start":{"line":17,"column":22},"end":{"line":17,"column":37}},"loc":{"start":{"line":19,"column":36},"end":{"line":29,"column":null}}},"1":{"name":"editArtwork","decl":{"start":{"line":34,"column":22},"end":{"line":34,"column":33}},"loc":{"start":{"line":37,"column":30},"end":{"line":50,"column":null}}},"2":{"name":"searchArtwork","decl":{"start":{"line":55,"column":22},"end":{"line":55,"column":35}},"loc":{"start":{"line":62,"column":3},"end":{"line":72,"column":null}}},"3":{"name":"deleteArtwork","decl":{"start":{"line":77,"column":22},"end":{"line":77,"column":35}},"loc":{"start":{"line":79,"column":15},"end":{"line":91,"column":null}}}},"branchMap":{},"s":{"0":0,"1":0,"2":0,"3":0,"4":0,"5":0,"6":0,"7":0,"8":0},"f":{"0":0,"1":0,"2":0,"3":0},"b":{}}
,"C:\\GitHub_Development\\the-story-teller\\lib\\mcp\\database.ts": {"path":"C:\\GitHub_Development\\the-story-teller\\lib\\mcp\\database.ts","statementMap":{"0":{"start":{"line":63,"column":22},"end":{"line":63,"column":36}},"1":{"start":{"line":84,"column":22},"end":{"line":84,"column":37}},"2":{"start":{"line":17,"column":22},"end":{"line":17,"column":36}},"3":{"start":{"line":40,"column":22},"end":{"line":40,"column":37}},"4":{"start":{"line":106,"column":22},"end":{"line":106,"column":38}},"5":{"start":{"line":7,"column":31},"end":{"line":7,"column":null}},"6":{"start":{"line":27,"column":2},"end":{"line":33,"column":null}},"7":{"start":{"line":50,"column":2},"end":{"line":56,"column":null}},"8":{"start":{"line":71,"column":2},"end":{"line":77,"column":null}},"9":{"start":{"line":93,"column":2},"end":{"line":99,"column":null}},"10":{"start":{"line":114,"column":2},"end":{"line":120,"column":null}}},"fnMap":{"0":{"name":"queryDocuments","decl":{"start":{"line":17,"column":22},"end":{"line":17,"column":36}},"loc":{"start":{"line":25,"column":3},"end":{"line":35,"column":null}}},"1":{"name":"updateDocuments","decl":{"start":{"line":40,"column":22},"end":{"line":40,"column":37}},"loc":{"start":{"line":48,"column":3},"end":{"line":58,"column":null}}},"2":{"name":"createDocument","decl":{"start":{"line":63,"column":22},"end":{"line":63,"column":36}},"loc":{"start":{"line":69,"column":3},"end":{"line":79,"column":null}}},"3":{"name":"deleteDocuments","decl":{"start":{"line":84,"column":22},"end":{"line":84,"column":37}},"loc":{"start":{"line":91,"column":3},"end":{"line":101,"column":null}}},"4":{"name":"validateDocument","decl":{"start":{"line":106,"column":22},"end":{"line":106,"column":38}},"loc":{"start":{"line":112,"column":3},"end":{"line":122,"column":null}}}},"branchMap":{},"s":{"0":0,"1":0,"2":0,"3":0,"4":0,"5":0,"6":0,"7":0,"8":0,"9":0,"10":0},"f":{"0":0,"1":0,"2":0,"3":0,"4":0},"b":{}}
,"C:\\GitHub_Development\\the-story-teller\\lib\\mcp\\index.ts": {"path":"C:\\GitHub_Development\\the-story-teller\\lib\\mcp\\index.ts","statementMap":{"0":{"start":{"line":91,"column":16},"end":{"line":91,"column":35}},"1":{"start":{"line":15,"column":13},"end":{"line":15,"column":30}},"2":{"start":{"line":101,"column":16},"end":{"line":101,"column":34}},"3":{"start":{"line":108,"column":22},"end":{"line":108,"column":36}},"4":{"start":{"line":15,"column":52},"end":{"line":83,"column":null}},"5":{"start":{"line":86,"column":36},"end":{"line":86,"column":null}},"6":{"start":{"line":92,"column":2},"end":{"line":95,"column":null}},"7":{"start":{"line":102,"column":2},"end":{"line":102,"column":null}},"8":{"start":{"line":112,"column":17},"end":{"line":112,"column":null}},"9":{"start":{"line":113,"column":19},"end":{"line":113,"column":51}},"10":{"start":{"line":115,"column":2},"end":{"line":117,"column":null}},"11":{"start":{"line":116,"column":4},"end":{"line":116,"column":null}},"12":{"start":{"line":119,"column":14},"end":{"line":119,"column":44}},"13":{"start":{"line":120,"column":20},"end":{"line":120,"column":null}},"14":{"start":{"line":122,"column":34},"end":{"line":127,"column":null}},"15":{"start":{"line":130,"column":25},"end":{"line":178,"column":null}},"16":{"start":{"line":131,"column":4},"end":{"line":177,"column":null}},"17":{"start":{"line":132,"column":23},"end":{"line":141,"column":null}},"18":{"start":{"line":143,"column":6},"end":{"line":149,"column":null}},"19":{"start":{"line":144,"column":26},"end":{"line":144,"column":null}},"20":{"start":{"line":144,"column":60},"end":{"line":144,"column":null}},"21":{"start":{"line":145,"column":8},"end":{"line":147,"column":null}},"22":{"start":{"line":151,"column":6},"end":{"line":151,"column":null}},"23":{"start":{"line":153,"column":6},"end":{"line":157,"column":null}},"24":{"start":{"line":155,"column":8},"end":{"line":155,"column":null}},"25":{"start":{"line":155,"column":37},"end":{"line":155,"column":null}},"26":{"start":{"line":156,"column":8},"end":{"line":156,"column":null}},"27":{"start":{"line":160,"column":6},"end":{"line":160,"column":null}},"28":{"start":{"line":163,"column":28},"end":{"line":173,"column":null}},"29":{"start":{"line":176,"column":6},"end":{"line":176,"column":null}},"30":{"start":{"line":181,"column":25},"end":{"line":185,"column":null}},"31":{"start":{"line":182,"column":4},"end":{"line":184,"column":null}},"32":{"start":{"line":183,"column":6},"end":{"line":183,"column":null}},"33":{"start":{"line":188,"column":2},"end":{"line":191,"column":null}},"34":{"start":{"line":198,"column":2},"end":{"line":199,"column":null}}},"fnMap":{"0":{"name":"configureMCPServers","decl":{"start":{"line":91,"column":16},"end":{"line":91,"column":35}},"loc":{"start":{"line":91,"column":70},"end":{"line":96,"column":null}}},"1":{"name":"getMCPServerConfig","decl":{"start":{"line":101,"column":16},"end":{"line":101,"column":34}},"loc":{"start":{"line":101,"column":68},"end":{"line":103,"column":null}}},"2":{"name":"sendMCPRequest","decl":{"start":{"line":108,"column":22},"end":{"line":108,"column":36}},"loc":{"start":{"line":110,"column":58},"end":{"line":192,"column":null}}},"3":{"name":"(anonymous_8)","decl":{"start":{"line":130,"column":25},"end":{"line":130,"column":32}},"loc":{"start":{"line":130,"column":43},"end":{"line":178,"column":null}}},"4":{"name":"(anonymous_9)","decl":{"start":{"line":144,"column":54},"end":{"line":144,"column":60}},"loc":{"start":{"line":144,"column":60},"end":{"line":144,"column":null}}},"5":{"name":"(anonymous_10)","decl":{"start":{"line":155,"column":26},"end":{"line":155,"column":37}},"loc":{"start":{"line":155,"column":37},"end":{"line":155,"column":null}}},"6":{"name":"(anonymous_11)","decl":{"start":{"line":181,"column":40},"end":{"line":181,"column":41}},"loc":{"start":{"line":181,"column":44},"end":{"line":185,"column":null}}},"7":{"name":"(anonymous_12)","decl":{"start":{"line":182,"column":15},"end":{"line":182,"column":null}},"loc":{"start":{"line":182,"column":15},"end":{"line":184,"column":7}}},"8":{"name":"generateRequestId","decl":{"start":{"line":197,"column":9},"end":{"line":197,"column":null}},"loc":{"start":{"line":197,"column":9},"end":{"line":200,"column":null}}}},"branchMap":{"0":{"loc":{"start":{"line":21,"column":13},"end":{"line":21,"column":null}},"type":"binary-expr","locations":[{"start":{"line":21,"column":13},"end":{"line":21,"column":39}},{"start":{"line":21,"column":43},"end":{"line":21,"column":null}}]},"1":{"loc":{"start":{"line":39,"column":13},"end":{"line":39,"column":null}},"type":"binary-expr","locations":[{"start":{"line":39,"column":13},"end":{"line":39,"column":40}},{"start":{"line":39,"column":44},"end":{"line":39,"column":null}}]},"2":{"loc":{"start":{"line":55,"column":13},"end":{"line":55,"column":null}},"type":"binary-expr","locations":[{"start":{"line":55,"column":13},"end":{"line":55,"column":41}},{"start":{"line":55,"column":45},"end":{"line":55,"column":null}}]},"3":{"loc":{"start":{"line":71,"column":13},"end":{"line":71,"column":null}},"type":"binary-expr","locations":[{"start":{"line":71,"column":13},"end":{"line":71,"column":41}},{"start":{"line":71,"column":45},"end":{"line":71,"column":null}}]},"4":{"loc":{"start":{"line":115,"column":2},"end":{"line":117,"column":null}},"type":"if","locations":[{"start":{"line":115,"column":2},"end":{"line":117,"column":null}}]},"5":{"loc":{"start":{"line":130,"column":32},"end":{"line":130,"column":43}},"type":"default-arg","locations":[{"start":{"line":130,"column":42},"end":{"line":130,"column":43}}]},"6":{"loc":{"start":{"line":136,"column":27},"end":{"line":136,"column":null}},"type":"cond-expr","locations":[{"start":{"line":136,"column":43},"end":{"line":136,"column":68}},{"start":{"line":136,"column":71},"end":{"line":136,"column":null}}]},"7":{"loc":{"start":{"line":143,"column":6},"end":{"line":149,"column":null}},"type":"if","locations":[{"start":{"line":143,"column":6},"end":{"line":149,"column":null}}]},"8":{"loc":{"start":{"line":147,"column":11},"end":{"line":147,"column":60}},"type":"cond-expr","locations":[{"start":{"line":147,"column":23},"end":{"line":147,"column":56}},{"start":{"line":147,"column":59},"end":{"line":147,"column":60}}]},"9":{"loc":{"start":{"line":153,"column":6},"end":{"line":157,"column":null}},"type":"if","locations":[{"start":{"line":153,"column":6},"end":{"line":157,"column":null}}]},"10":{"loc":{"start":{"line":160,"column":98},"end":{"line":160,"column":154}},"type":"cond-expr","locations":[{"start":{"line":160,"column":123},"end":{"line":160,"column":136}},{"start":{"line":160,"column":139},"end":{"line":160,"column":154}}]},"11":{"loc":{"start":{"line":169,"column":93},"end":{"line":169,"column":149}},"type":"cond-expr","locations":[{"start":{"line":169,"column":118},"end":{"line":169,"column":131}},{"start":{"line":169,"column":134},"end":{"line":169,"column":149}}]}},"s":{"0":0,"1":0,"2":0,"3":0,"4":0,"5":0,"6":0,"7":0,"8":0,"9":0,"10":0,"11":0,"12":0,"13":0,"14":0,"15":0,"16":0,"17":0,"18":0,"19":0,"20":0,"21":0,"22":0,"23":0,"24":0,"25":0,"26":0,"27":0,"28":0,"29":0,"30":0,"31":0,"32":0,"33":0,"34":0},"f":{"0":0,"1":0,"2":0,"3":0,"4":0,"5":0,"6":0,"7":0,"8":0},"b":{"0":[0,0],"1":[0,0],"2":[0,0],"3":[0,0],"4":[0],"5":[0],"6":[0,0],"7":[0],"8":[0,0],"9":[0],"10":[0,0],"11":[0,0]}}
,"C:\\GitHub_Development\\the-story-teller\\lib\\mcp\\memory.ts": {"path":"C:\\GitHub_Development\\the-story-teller\\lib\\mcp\\memory.ts","statementMap":{"0":{"start":{"line":80,"column":22},"end":{"line":80,"column":41}},"1":{"start":{"line":124,"column":22},"end":{"line":124,"column":34}},"2":{"start":{"line":102,"column":22},"end":{"line":102,"column":34}},"3":{"start":{"line":35,"column":22},"end":{"line":35,"column":36}},"4":{"start":{"line":54,"column":22},"end":{"line":54,"column":36}},"5":{"start":{"line":18,"column":22},"end":{"line":18,"column":33}},"6":{"start":{"line":7,"column":31},"end":{"line":7,"column":null}},"7":{"start":{"line":22,"column":2},"end":{"line":28,"column":null}},"8":{"start":{"line":39,"column":2},"end":{"line":47,"column":null}},"9":{"start":{"line":67,"column":2},"end":{"line":73,"column":null}},"10":{"start":{"line":89,"column":2},"end":{"line":95,"column":null}},"11":{"start":{"line":111,"column":2},"end":{"line":117,"column":null}},"12":{"start":{"line":128,"column":2},"end":{"line":136,"column":null}}},"fnMap":{"0":{"name":"storeMemory","decl":{"start":{"line":18,"column":22},"end":{"line":18,"column":33}},"loc":{"start":{"line":20,"column":42},"end":{"line":30,"column":null}}},"1":{"name":"retrieveMemory","decl":{"start":{"line":35,"column":22},"end":{"line":35,"column":36}},"loc":{"start":{"line":37,"column":18},"end":{"line":49,"column":null}}},"2":{"name":"searchMemories","decl":{"start":{"line":54,"column":22},"end":{"line":54,"column":36}},"loc":{"start":{"line":65,"column":3},"end":{"line":75,"column":null}}},"3":{"name":"consolidateMemories","decl":{"start":{"line":80,"column":22},"end":{"line":80,"column":41}},"loc":{"start":{"line":87,"column":3},"end":{"line":97,"column":null}}},"4":{"name":"rankMemories","decl":{"start":{"line":102,"column":22},"end":{"line":102,"column":34}},"loc":{"start":{"line":109,"column":3},"end":{"line":119,"column":null}}},"5":{"name":"deleteMemory","decl":{"start":{"line":124,"column":22},"end":{"line":124,"column":34}},"loc":{"start":{"line":126,"column":18},"end":{"line":138,"column":null}}}},"branchMap":{},"s":{"0":0,"1":0,"2":0,"3":0,"4":0,"5":0,"6":0,"7":0,"8":0,"9":0,"10":0,"11":0,"12":0},"f":{"0":0,"1":0,"2":0,"3":0,"4":0,"5":0},"b":{}}
,"C:\\GitHub_Development\\the-story-teller\\lib\\mcp\\thinking.ts": {"path":"C:\\GitHub_Development\\the-story-teller\\lib\\mcp\\thinking.ts","statementMap":{"0":{"start":{"line":17,"column":22},"end":{"line":17,"column":36}},"1":{"start":{"line":34,"column":22},"end":{"line":34,"column":32}},"2":{"start":{"line":51,"column":22},"end":{"line":51,"column":37}},"3":{"start":{"line":68,"column":22},"end":{"line":68,"column":37}},"4":{"start":{"line":7,"column":31},"end":{"line":7,"column":null}},"5":{"start":{"line":21,"column":2},"end":{"line":27,"column":null}},"6":{"start":{"line":38,"column":2},"end":{"line":44,"column":null}},"7":{"start":{"line":55,"column":2},"end":{"line":61,"column":null}},"8":{"start":{"line":72,"column":2},"end":{"line":78,"column":null}}},"fnMap":{"0":{"name":"analyzeContent","decl":{"start":{"line":17,"column":22},"end":{"line":17,"column":36}},"loc":{"start":{"line":19,"column":45},"end":{"line":29,"column":null}}},"1":{"name":"createPlan","decl":{"start":{"line":34,"column":22},"end":{"line":34,"column":32}},"loc":{"start":{"line":36,"column":45},"end":{"line":46,"column":null}}},"2":{"name":"evaluateContent","decl":{"start":{"line":51,"column":22},"end":{"line":51,"column":37}},"loc":{"start":{"line":53,"column":26},"end":{"line":63,"column":null}}},"3":{"name":"generateContent","decl":{"start":{"line":68,"column":22},"end":{"line":68,"column":37}},"loc":{"start":{"line":70,"column":45},"end":{"line":80,"column":null}}}},"branchMap":{},"s":{"0":0,"1":0,"2":0,"3":0,"4":0,"5":0,"6":0,"7":0,"8":0},"f":{"0":0,"1":0,"2":0,"3":0},"b":{}}
,"C:\\GitHub_Development\\the-story-teller\\lib\\schemas\\story-schema.ts": {"path":"C:\\GitHub_Development\\the-story-teller\\lib\\schemas\\story-schema.ts","statementMap":{"0":{"start":{"line":71,"column":13},"end":{"line":71,"column":28}},"1":{"start":{"line":204,"column":13},"end":{"line":204,"column":27}},"2":{"start":{"line":386,"column":13},"end":{"line":386,"column":27}},"3":{"start":{"line":3,"column":13},"end":{"line":3,"column":24}},"4":{"start":{"line":306,"column":13},"end":{"line":306,"column":32}},"5":{"start":{"line":3,"column":27},"end":{"line":69,"column":null}},"6":{"start":{"line":71,"column":31},"end":{"line":202,"column":null}},"7":{"start":{"line":204,"column":30},"end":{"line":304,"column":null}},"8":{"start":{"line":306,"column":35},"end":{"line":384,"column":null}},"9":{"start":{"line":386,"column":30},"end":{"line":420,"column":null}}},"fnMap":{},"branchMap":{},"s":{"0":0,"1":0,"2":0,"3":0,"4":0,"5":0,"6":0,"7":0,"8":0,"9":0},"f":{},"b":{}}
,"C:\\GitHub_Development\\the-story-teller\\types\\index.ts": {"path":"C:\\GitHub_Development\\the-story-teller\\types\\index.ts","statementMap":{"0":{"start":{"line":17,"column":9},"end":{"line":17,"column":27}},"1":{"start":{"line":11,"column":14},"end":{"line":11,"column":null}},"2":{"start":{"line":14,"column":32},"end":{"line":14,"column":null}},"3":{"start":{"line":31,"column":14},"end":{"line":31,"column":null}}},"fnMap":{},"branchMap":{},"s":{"0":0,"1":0,"2":0,"3":0},"f":{},"b":{}}
,"C:\\GitHub_Development\\the-story-teller\\types\\models\\index.ts": {"path":"C:\\GitHub_Development\\the-story-teller\\types\\models\\index.ts","statementMap":{"0":{"start":{"line":167,"column":12},"end":{"line":167,"column":null}}},"fnMap":{},"branchMap":{},"s":{"0":0},"f":{},"b":{}}
}
