TN:
SF:auth.ts
FN:28,(anonymous_8)
FN:36,(anonymous_9)
FN:58,(anonymous_10)
FNF:3
FNH:0
FNDA:0,(anonymous_8)
FNDA:0,(anonymous_9)
FNDA:0,(anonymous_10)
DA:7,0
DA:8,0
DA:9,0
DA:10,0
DA:11,0
DA:12,0
DA:14,0
DA:29,0
DA:31,0
DA:33,0
DA:38,0
DA:39,0
DA:41,0
DA:49,0
DA:52,0
DA:58,0
LF:16
LH:0
BRDA:17,0,0,0
BRDA:17,0,1,0
BRDA:17,0,2,0
BRDA:18,1,0,0
BRDA:18,1,1,0
BRDA:18,1,2,0
BRDA:21,2,0,0
BRDA:21,2,1,0
BRDA:21,2,2,0
BRDA:22,3,0,0
BRDA:22,3,1,0
BRDA:22,3,2,0
BRDA:29,4,0,0
BRDA:38,5,0,0
BRF:14
BRH:0
end_of_record
TN:
SF:middleware.ts
FNF:0
FNH:0
DA:7,0
DA:8,0
DA:11,0
DA:14,0
LF:4
LH:0
BRF:0
BRH:0
end_of_record
TN:
SF:next.config.suppress.js
FNF:0
FNH:0
DA:2,0
LF:1
LH:0
BRF:0
BRH:0
end_of_record
TN:
SF:postcss.config.js
FNF:0
FNH:0
DA:1,0
LF:1
LH:0
BRF:0
BRH:0
end_of_record
TN:
SF:route-migration.js
FN:14,scanDirectory
FN:18,(anonymous_1)
FN:95,generateMigrationSteps
FN:99,(anonymous_3)
FN:110,(anonymous_4)
FNF:5
FNH:0
FNDA:0,scanDirectory
FNDA:0,(anonymous_1)
FNDA:0,generateMigrationSteps
FNDA:0,(anonymous_3)
FNDA:0,(anonymous_4)
DA:4,0
DA:5,0
DA:7,0
DA:10,0
DA:11,0
DA:15,0
DA:16,0
DA:18,0
DA:19,0
DA:20,0
DA:21,0
DA:23,0
DA:25,0
DA:26,0
DA:27,0
DA:36,0
DA:45,0
DA:55,0
DA:57,0
DA:58,0
DA:59,0
DA:61,0
DA:72,0
DA:82,0
DA:86,0
DA:87,0
DA:88,0
DA:91,0
DA:92,0
DA:93,0
DA:96,0
DA:97,0
DA:99,0
DA:100,0
DA:101,0
DA:102,0
DA:105,0
DA:106,0
DA:108,0
DA:109,0
DA:110,0
DA:111,0
DA:116,0
DA:119,0
DA:120,0
DA:121,0
DA:124,0
DA:156,0
DA:157,0
LF:49
LH:0
BRDA:14,0,0,0
BRDA:23,1,0,0
BRDA:23,1,1,0
BRDA:25,2,0,0
BRDA:25,2,1,0
BRDA:25,3,0,0
BRDA:25,3,1,0
BRDA:26,4,0,0
BRDA:26,4,1,0
BRDA:55,5,0,0
BRDA:55,5,1,0
BRDA:55,6,0,0
BRDA:55,6,1,0
BRDA:58,7,0,0
BRDA:58,7,1,0
BRDA:59,8,0,0
BRDA:59,8,1,0
BRDA:65,9,0,0
BRDA:65,9,1,0
BRDA:67,10,0,0
BRDA:67,10,1,0
BRDA:68,11,0,0
BRDA:68,11,1,0
BRDA:95,12,0,0
BRDA:100,13,0,0
BRDA:100,13,1,0
BRDA:101,14,0,0
BRDA:105,15,0,0
BRDA:105,16,0,0
BRDA:105,16,1,0
BRDA:108,17,0,0
BRDA:108,18,0,0
BRDA:108,18,1,0
BRF:33
BRH:0
end_of_record
TN:
SF:tailwind.config.js
FNF:0
FNH:0
DA:2,0
LF:1
LH:0
BRF:0
BRH:0
end_of_record
TN:
SF:app\layout.tsx
FN:20,RootLayout
FNF:1
FNH:0
FNDA:0,RootLayout
DA:2,0
DA:3,0
DA:4,0
DA:5,0
DA:8,0
DA:11,0
DA:13,0
DA:15,0
DA:20,0
DA:25,0
DA:27,0
LF:11
LH:0
BRF:0
BRH:0
end_of_record
TN:
SF:app\page.tsx
FN:3,Home
FNF:1
FNH:0
FNDA:0,Home
DA:1,0
DA:3,0
LF:2
LH:0
BRF:0
BRH:0
end_of_record
TN:
SF:app\providers.tsx
FN:32,Providers
FN:48,ThemeProvider
FN:52,(anonymous_7)
FN:59,(anonymous_8)
FN:75,(anonymous_9)
FN:82,(anonymous_10)
FN:92,(anonymous_11)
FN:104,AppStateProvider
FN:110,(anonymous_13)
FN:114,(anonymous_14)
FN:122,(anonymous_15)
FN:127,(anonymous_16)
FN:145,AuthProvider
FN:151,useTheme
FN:159,useAppState
FNF:15
FNH:0
FNDA:0,Providers
FNDA:0,ThemeProvider
FNDA:0,(anonymous_7)
FNDA:0,(anonymous_8)
FNDA:0,(anonymous_9)
FNDA:0,(anonymous_10)
FNDA:0,(anonymous_11)
FNDA:0,AppStateProvider
FNDA:0,(anonymous_13)
FNDA:0,(anonymous_14)
FNDA:0,(anonymous_15)
FNDA:0,(anonymous_16)
FNDA:0,AuthProvider
FNDA:0,useTheme
FNDA:0,useAppState
DA:3,0
DA:4,0
DA:5,0
DA:6,0
DA:9,0
DA:19,0
DA:29,0
DA:32,0
DA:33,0
DA:49,0
DA:50,0
DA:52,0
DA:54,0
DA:55,0
DA:56,0
DA:59,0
DA:60,0
DA:61,0
DA:62,0
DA:65,0
DA:66,0
DA:67,0
DA:69,0
DA:70,0
DA:75,0
DA:76,0
DA:79,0
DA:80,0
DA:82,0
DA:83,0
DA:84,0
DA:85,0
DA:87,0
DA:91,0
DA:92,0
DA:105,0
DA:106,0
DA:107,0
DA:110,0
DA:111,0
DA:114,0
DA:115,0
DA:116,0
DA:120,0
DA:123,0
DA:124,0
DA:128,0
DA:129,0
DA:131,0
DA:133,0
DA:145,0
DA:146,0
DA:151,0
DA:152,0
DA:153,0
DA:154,0
DA:156,0
DA:159,0
DA:160,0
DA:161,0
DA:162,0
DA:164,0
LF:62
LH:0
BRDA:54,0,0,0
BRDA:54,0,1,0
BRDA:65,1,0,0
BRDA:65,1,1,0
BRDA:65,2,0,0
BRDA:65,2,1,0
BRDA:65,2,2,0
BRDA:79,3,0,0
BRDA:83,4,0,0
BRDA:83,4,1,0
BRDA:84,5,0,0
BRDA:84,5,1,0
BRDA:115,6,0,0
BRDA:128,7,0,0
BRDA:128,7,1,0
BRDA:153,8,0,0
BRDA:161,9,0,0
BRF:17
BRH:0
end_of_record
TN:
SF:app\api\ai\route.ts
FN:8,POST
FNF:1
FNH:0
FNDA:0,POST
DA:1,0
DA:3,0
DA:4,0
DA:8,0
DA:9,0
DA:11,0
DA:12,0
DA:13,0
DA:16,0
DA:17,0
DA:18,0
DA:21,0
DA:24,0
DA:25,0
DA:30,0
DA:33,0
DA:34,0
DA:35,0
DA:39,0
DA:40,0
DA:41,0
DA:44,0
DA:47,0
DA:49,0
DA:50,0
DA:54,0
DA:60,0
DA:61,0
DA:68,0
DA:70,0
DA:71,0
DA:75,0
DA:76,0
DA:79,0
DA:80,0
DA:86,0
DA:87,0
DA:91,0
DA:99,0
DA:100,0
DA:107,0
DA:108,0
DA:114,0
DA:115,0
DA:118,0
DA:119,0
DA:125,0
DA:130,0
DA:131,0
LF:49
LH:0
BRDA:12,0,0,0
BRDA:12,1,0,0
BRDA:12,1,1,0
BRDA:17,2,0,0
BRDA:24,3,0,0
BRDA:24,4,0,0
BRDA:24,4,1,0
BRDA:24,4,2,0
BRDA:34,5,0,0
BRDA:40,6,0,0
BRDA:47,7,0,0
BRDA:47,7,1,0
BRDA:47,7,2,0
BRDA:47,7,3,0
BRDA:47,7,4,0
BRDA:49,8,0,0
BRDA:68,9,0,0
BRDA:68,10,0,0
BRDA:68,10,1,0
BRDA:70,11,0,0
BRDA:75,12,0,0
BRDA:75,12,1,0
BRDA:79,13,0,0
BRDA:79,14,0,0
BRDA:79,14,1,0
BRDA:86,15,0,0
BRDA:86,16,0,0
BRDA:86,16,1,0
BRDA:94,17,0,0
BRDA:94,17,1,0
BRDA:107,18,0,0
BRDA:114,19,0,0
BRDA:114,20,0,0
BRDA:114,20,1,0
BRF:34
BRH:0
end_of_record
TN:
SF:app\api\ai\generate-characters\route.ts
FN:21,POST
FNF:1
FNH:0
FNDA:0,POST
DA:1,0
DA:2,0
DA:3,0
DA:4,0
DA:21,0
DA:22,0
DA:24,0
DA:25,0
DA:26,0
DA:30,0
DA:31,0
DA:33,0
DA:34,0
DA:37,0
DA:38,0
DA:42,0
DA:46,0
DA:47,0
DA:54,0
DA:101,0
DA:112,0
DA:115,0
DA:116,0
DA:119,0
DA:120,0
DA:121,0
DA:124,0
DA:128,0
DA:129,0
DA:132,0
DA:133,0
DA:140,0
DA:142,0
DA:143,0
LF:34
LH:0
BRDA:25,0,0,0
BRDA:31,1,0,0
BRDA:33,2,0,0
BRDA:37,3,0,0
BRDA:46,4,0,0
BRDA:112,5,0,0
BRDA:112,5,1,0
BRDA:120,6,0,0
BRDA:120,6,1,0
BRDA:128,7,0,0
BRF:10
BRH:0
end_of_record
TN:
SF:app\api\auth\[...nextauth]\route.ts
FNF:0
FNH:0
DA:7,0
LF:1
LH:0
BRF:0
BRH:0
end_of_record
TN:
SF:app\api\mcp\route.ts
FN:11,POST
FN:56,handleMemoryMCP
FN:73,handleEverartMCP
FN:90,handleThinkingMCP
FN:107,handleDatabaseMCP
FNF:5
FNH:0
FNDA:0,POST
FNDA:0,handleMemoryMCP
FNDA:0,handleEverartMCP
FNDA:0,handleThinkingMCP
FNDA:0,handleDatabaseMCP
DA:7,0
DA:8,0
DA:9,0
DA:11,0
DA:12,0
DA:13,0
DA:14,0
DA:15,0
DA:21,0
DA:22,0
DA:24,0
DA:25,0
DA:32,0
DA:34,0
DA:36,0
DA:38,0
DA:40,0
DA:42,0
DA:48,0
DA:49,0
DA:58,0
DA:75,0
DA:92,0
DA:109,0
LF:24
LH:0
BRDA:14,0,0,0
BRDA:14,1,0,0
BRDA:14,1,1,0
BRDA:24,2,0,0
BRDA:24,3,0,0
BRDA:24,3,1,0
BRDA:32,4,0,0
BRDA:32,4,1,0
BRDA:32,4,2,0
BRDA:32,4,3,0
BRDA:32,4,4,0
BRDA:50,5,0,0
BRDA:50,5,1,0
BRDA:65,6,0,0
BRDA:65,6,1,0
BRDA:82,7,0,0
BRDA:82,7,1,0
BRDA:99,8,0,0
BRDA:99,8,1,0
BRDA:116,9,0,0
BRDA:116,9,1,0
BRF:21
BRH:0
end_of_record
TN:
SF:app\api\mcp\memory\route.ts
FN:17,POST
FN:79,handleStoreMemory
FN:141,handleRetrieveMemory
FN:207,handleUpdateMemory
FN:269,handleDeleteMemory
FN:325,handleSearchMemory
FNF:6
FNH:0
FNDA:0,POST
FNDA:0,handleStoreMemory
FNDA:0,handleRetrieveMemory
FNDA:0,handleUpdateMemory
FNDA:0,handleDeleteMemory
FNDA:0,handleSearchMemory
DA:8,0
DA:9,0
DA:10,0
DA:12,0
DA:17,0
DA:18,0
DA:20,0
DA:21,0
DA:22,0
DA:26,0
DA:29,0
DA:30,0
DA:37,0
DA:38,0
DA:41,0
DA:50,0
DA:52,0
DA:54,0
DA:56,0
DA:58,0
DA:60,0
DA:62,0
DA:68,0
DA:69,0
DA:80,0
DA:82,0
DA:83,0
DA:90,0
DA:91,0
DA:92,0
DA:93,0
DA:100,0
DA:110,0
DA:111,0
DA:112,0
DA:113,0
DA:120,0
DA:123,0
DA:130,0
DA:131,0
DA:142,0
DA:144,0
DA:145,0
DA:152,0
DA:153,0
DA:154,0
DA:155,0
DA:162,0
DA:170,0
DA:171,0
DA:172,0
DA:173,0
DA:180,0
DA:183,0
DA:196,0
DA:197,0
DA:208,0
DA:210,0
DA:211,0
DA:218,0
DA:219,0
DA:220,0
DA:221,0
DA:228,0
DA:238,0
DA:239,0
DA:240,0
DA:241,0
DA:248,0
DA:251,0
DA:258,0
DA:259,0
DA:270,0
DA:272,0
DA:273,0
DA:280,0
DA:281,0
DA:282,0
DA:283,0
DA:290,0
DA:298,0
DA:299,0
DA:300,0
DA:301,0
DA:308,0
DA:314,0
DA:315,0
DA:326,0
DA:328,0
DA:329,0
DA:336,0
DA:337,0
DA:338,0
DA:339,0
DA:346,0
DA:347,0
DA:348,0
DA:350,0
DA:351,0
DA:353,0
DA:354,0
DA:358,0
DA:371,0
DA:372,0
DA:373,0
DA:374,0
DA:381,0
DA:384,0
DA:391,0
DA:392,0
LF:110
LH:0
BRDA:21,0,0,0
BRDA:21,1,0,0
BRDA:21,1,1,0
BRDA:29,2,0,0
BRDA:29,3,0,0
BRDA:29,3,1,0
BRDA:37,4,0,0
BRDA:37,4,1,0
BRDA:38,5,0,0
BRDA:38,5,1,0
BRDA:44,6,0,0
BRDA:44,6,1,0
BRDA:50,7,0,0
BRDA:50,7,1,0
BRDA:50,7,2,0
BRDA:50,7,3,0
BRDA:50,7,4,0
BRDA:50,7,5,0
BRDA:82,8,0,0
BRDA:91,9,0,0
BRDA:104,10,0,0
BRDA:104,10,1,0
BRDA:110,11,0,0
BRDA:144,12,0,0
BRDA:153,13,0,0
BRDA:165,14,0,0
BRDA:165,14,1,0
BRDA:170,15,0,0
BRDA:210,16,0,0
BRDA:219,17,0,0
BRDA:232,18,0,0
BRDA:232,18,1,0
BRDA:238,19,0,0
BRDA:272,20,0,0
BRDA:281,21,0,0
BRDA:293,22,0,0
BRDA:293,22,1,0
BRDA:298,23,0,0
BRDA:328,24,0,0
BRDA:328,25,0,0
BRDA:328,25,1,0
BRDA:337,26,0,0
BRDA:347,27,0,0
BRDA:350,28,0,0
BRDA:353,29,0,0
BRDA:362,30,0,0
BRDA:362,30,1,0
BRDA:371,31,0,0
BRF:48
BRH:0
end_of_record
TN:
SF:app\api\stories\route.ts
FN:15,GET
FN:80,POST
FNF:2
FNH:0
FNDA:0,GET
FNDA:0,POST
DA:5,0
DA:6,0
DA:7,0
DA:10,0
DA:16,0
DA:18,0
DA:20,0
DA:21,0
DA:22,0
DA:23,0
DA:26,0
DA:27,0
DA:28,0
DA:31,0
DA:34,0
DA:37,0
DA:47,0
DA:49,0
DA:56,0
DA:67,0
DA:70,0
DA:81,0
DA:83,0
DA:85,0
DA:86,0
DA:89,0
DA:90,0
DA:91,0
DA:92,0
DA:94,0
DA:96,0
DA:102,0
DA:105,0
DA:108,0
DA:124,0
DA:126,0
DA:131,0
DA:138,0
DA:141,0
DA:149,0
DA:150,0
DA:153,0
LF:42
LH:0
BRDA:22,0,0,0
BRDA:22,0,1,0
BRDA:23,1,0,0
BRDA:23,1,1,0
BRDA:26,2,0,0
BRDA:89,3,0,0
BRDA:89,4,0,0
BRDA:89,4,1,0
BRDA:91,5,0,0
BRDA:92,6,0,0
BRDA:110,7,0,0
BRDA:110,7,1,0
BRDA:112,8,0,0
BRDA:112,8,1,0
BRDA:113,9,0,0
BRDA:113,9,1,0
BRF:16
BRH:0
end_of_record
TN:
SF:app\api\stories\[id]\route.ts
FN:16,isValidObjectId
FN:28,GET
FN:73,PUT
FN:144,DELETE
FNF:4
FNH:0
FNDA:0,isValidObjectId
FNDA:0,GET
FNDA:0,PUT
FNDA:0,DELETE
DA:5,0
DA:6,0
DA:7,0
DA:8,0
DA:11,0
DA:17,0
DA:18,0
DA:19,0
DA:21,0
DA:29,0
DA:31,0
DA:34,0
DA:35,0
DA:36,0
DA:39,0
DA:41,0
DA:44,0
DA:46,0
DA:47,0
DA:48,0
DA:51,0
DA:57,0
DA:60,0
DA:63,0
DA:74,0
DA:76,0
DA:79,0
DA:80,0
DA:81,0
DA:84,0
DA:86,0
DA:89,0
DA:92,0
DA:94,0
DA:95,0
DA:96,0
DA:100,0
DA:106,0
DA:108,0
DA:113,0
DA:118,0
DA:123,0
DA:125,0
DA:131,0
DA:134,0
DA:145,0
DA:147,0
DA:150,0
DA:151,0
DA:152,0
DA:155,0
DA:157,0
DA:160,0
DA:162,0
DA:163,0
DA:164,0
DA:168,0
DA:174,0
DA:176,0
DA:182,0
DA:188,0
DA:191,0
DA:199,0
DA:200,0
DA:201,0
DA:204,0
LF:66
LH:0
BRDA:34,0,0,0
BRDA:46,1,0,0
BRDA:79,2,0,0
BRDA:94,3,0,0
BRDA:150,4,0,0
BRDA:162,5,0,0
BRF:6
BRH:0
end_of_record
TN:
SF:app\api\stories\[id]\characters\[id]\route.ts
FN:7,GET
FN:57,PUT
FN:142,DELETE
FNF:3
FNH:0
FNDA:0,GET
FNDA:0,PUT
FNDA:0,DELETE
DA:1,0
DA:2,0
DA:3,0
DA:4,0
DA:7,0
DA:11,0
DA:13,0
DA:15,0
DA:16,0
DA:19,0
DA:20,0
DA:21,0
DA:24,0
DA:25,0
DA:28,0
DA:31,0
DA:35,0
DA:36,0
DA:40,0
DA:45,0
DA:46,0
DA:49,0
DA:51,0
DA:52,0
DA:57,0
DA:61,0
DA:63,0
DA:65,0
DA:66,0
DA:69,0
DA:70,0
DA:71,0
DA:74,0
DA:75,0
DA:78,0
DA:79,0
DA:82,0
DA:86,0
DA:87,0
DA:91,0
DA:96,0
DA:97,0
DA:101,0
DA:102,0
DA:106,0
DA:119,0
DA:124,0
DA:125,0
DA:129,0
DA:134,0
DA:136,0
DA:137,0
DA:142,0
DA:146,0
DA:148,0
DA:150,0
DA:151,0
DA:154,0
DA:155,0
DA:156,0
DA:159,0
DA:160,0
DA:163,0
DA:166,0
DA:170,0
DA:171,0
DA:175,0
DA:180,0
DA:181,0
DA:185,0
DA:192,0
DA:200,0
DA:206,0
DA:208,0
DA:209,0
LF:75
LH:0
BRDA:15,0,0,0
BRDA:15,1,0,0
BRDA:15,1,1,0
BRDA:24,2,0,0
BRDA:24,3,0,0
BRDA:24,3,1,0
BRDA:35,4,0,0
BRDA:45,5,0,0
BRDA:65,6,0,0
BRDA:65,7,0,0
BRDA:65,7,1,0
BRDA:74,8,0,0
BRDA:74,9,0,0
BRDA:74,9,1,0
BRDA:86,10,0,0
BRDA:96,11,0,0
BRDA:101,12,0,0
BRDA:108,13,0,0
BRDA:108,13,1,0
BRDA:109,14,0,0
BRDA:109,14,1,0
BRDA:110,15,0,0
BRDA:110,15,1,0
BRDA:111,16,0,0
BRDA:111,16,1,0
BRDA:112,17,0,0
BRDA:112,17,1,0
BRDA:113,18,0,0
BRDA:113,18,1,0
BRDA:114,19,0,0
BRDA:114,19,1,0
BRDA:124,20,0,0
BRDA:150,21,0,0
BRDA:150,22,0,0
BRDA:150,22,1,0
BRDA:159,23,0,0
BRDA:159,24,0,0
BRDA:159,24,1,0
BRDA:170,25,0,0
BRDA:180,26,0,0
BRF:40
BRH:0
end_of_record
TN:
SF:app\api\stories\[id]\events\[id]\route.ts
FN:7,GET
FN:57,PUT
FN:140,DELETE
FNF:3
FNH:0
FNDA:0,GET
FNDA:0,PUT
FNDA:0,DELETE
DA:1,0
DA:2,0
DA:3,0
DA:4,0
DA:7,0
DA:11,0
DA:13,0
DA:15,0
DA:16,0
DA:19,0
DA:20,0
DA:21,0
DA:24,0
DA:25,0
DA:28,0
DA:31,0
DA:35,0
DA:36,0
DA:40,0
DA:45,0
DA:46,0
DA:49,0
DA:51,0
DA:52,0
DA:57,0
DA:61,0
DA:63,0
DA:65,0
DA:66,0
DA:69,0
DA:70,0
DA:71,0
DA:74,0
DA:75,0
DA:78,0
DA:79,0
DA:82,0
DA:86,0
DA:87,0
DA:91,0
DA:96,0
DA:97,0
DA:101,0
DA:102,0
DA:106,0
DA:117,0
DA:122,0
DA:123,0
DA:127,0
DA:132,0
DA:134,0
DA:135,0
DA:140,0
DA:144,0
DA:146,0
DA:148,0
DA:149,0
DA:152,0
DA:153,0
DA:154,0
DA:157,0
DA:158,0
DA:161,0
DA:164,0
DA:168,0
DA:169,0
DA:173,0
DA:178,0
DA:179,0
DA:183,0
DA:188,0
DA:190,0
DA:191,0
LF:73
LH:0
BRDA:15,0,0,0
BRDA:15,1,0,0
BRDA:15,1,1,0
BRDA:24,2,0,0
BRDA:24,3,0,0
BRDA:24,3,1,0
BRDA:35,4,0,0
BRDA:45,5,0,0
BRDA:65,6,0,0
BRDA:65,7,0,0
BRDA:65,7,1,0
BRDA:74,8,0,0
BRDA:74,9,0,0
BRDA:74,9,1,0
BRDA:86,10,0,0
BRDA:96,11,0,0
BRDA:101,12,0,0
BRDA:108,13,0,0
BRDA:108,13,1,0
BRDA:109,14,0,0
BRDA:109,14,1,0
BRDA:110,15,0,0
BRDA:110,15,1,0
BRDA:111,16,0,0
BRDA:111,16,1,0
BRDA:112,17,0,0
BRDA:112,17,1,0
BRDA:122,18,0,0
BRDA:148,19,0,0
BRDA:148,20,0,0
BRDA:148,20,1,0
BRDA:157,21,0,0
BRDA:157,22,0,0
BRDA:157,22,1,0
BRDA:168,23,0,0
BRDA:178,24,0,0
BRF:36
BRH:0
end_of_record
TN:
SF:app\api\stories\[id]\locations\[id]\route.ts
FN:7,GET
FN:57,PUT
FN:142,DELETE
FNF:3
FNH:0
FNDA:0,GET
FNDA:0,PUT
FNDA:0,DELETE
DA:1,0
DA:2,0
DA:3,0
DA:4,0
DA:7,0
DA:11,0
DA:13,0
DA:15,0
DA:16,0
DA:19,0
DA:20,0
DA:21,0
DA:24,0
DA:25,0
DA:28,0
DA:31,0
DA:35,0
DA:36,0
DA:40,0
DA:45,0
DA:46,0
DA:49,0
DA:51,0
DA:52,0
DA:57,0
DA:61,0
DA:63,0
DA:65,0
DA:66,0
DA:69,0
DA:70,0
DA:71,0
DA:74,0
DA:75,0
DA:78,0
DA:79,0
DA:82,0
DA:86,0
DA:87,0
DA:91,0
DA:96,0
DA:97,0
DA:101,0
DA:102,0
DA:106,0
DA:119,0
DA:124,0
DA:125,0
DA:129,0
DA:134,0
DA:136,0
DA:137,0
DA:142,0
DA:146,0
DA:148,0
DA:150,0
DA:151,0
DA:154,0
DA:155,0
DA:156,0
DA:159,0
DA:160,0
DA:163,0
DA:166,0
DA:170,0
DA:171,0
DA:175,0
DA:180,0
DA:181,0
DA:185,0
DA:191,0
DA:197,0
DA:202,0
DA:204,0
DA:205,0
LF:75
LH:0
BRDA:15,0,0,0
BRDA:15,1,0,0
BRDA:15,1,1,0
BRDA:24,2,0,0
BRDA:24,3,0,0
BRDA:24,3,1,0
BRDA:35,4,0,0
BRDA:45,5,0,0
BRDA:65,6,0,0
BRDA:65,7,0,0
BRDA:65,7,1,0
BRDA:74,8,0,0
BRDA:74,9,0,0
BRDA:74,9,1,0
BRDA:86,10,0,0
BRDA:96,11,0,0
BRDA:101,12,0,0
BRDA:108,13,0,0
BRDA:108,13,1,0
BRDA:109,14,0,0
BRDA:109,14,1,0
BRDA:110,15,0,0
BRDA:110,15,1,0
BRDA:111,16,0,0
BRDA:111,16,1,0
BRDA:112,17,0,0
BRDA:112,17,1,0
BRDA:113,18,0,0
BRDA:113,18,1,0
BRDA:114,19,0,0
BRDA:114,19,1,0
BRDA:124,20,0,0
BRDA:150,21,0,0
BRDA:150,22,0,0
BRDA:150,22,1,0
BRDA:159,23,0,0
BRDA:159,24,0,0
BRDA:159,24,1,0
BRDA:170,25,0,0
BRDA:180,26,0,0
BRF:40
BRH:0
end_of_record
TN:
SF:app\api\stories\[storyId]\characters\route.ts
FN:7,GET
FN:51,POST
FNF:2
FNH:0
FNDA:0,GET
FNDA:0,POST
DA:1,0
DA:2,0
DA:3,0
DA:4,0
DA:7,0
DA:11,0
DA:13,0
DA:15,0
DA:16,0
DA:19,0
DA:20,0
DA:23,0
DA:24,0
DA:27,0
DA:30,0
DA:34,0
DA:35,0
DA:39,0
DA:43,0
DA:45,0
DA:46,0
DA:51,0
DA:55,0
DA:57,0
DA:59,0
DA:60,0
DA:63,0
DA:64,0
DA:67,0
DA:68,0
DA:71,0
DA:74,0
DA:78,0
DA:79,0
DA:82,0
DA:85,0
DA:86,0
DA:90,0
DA:121,0
DA:124,0
DA:129,0
DA:130,0
LF:42
LH:0
BRDA:15,0,0,0
BRDA:15,1,0,0
BRDA:15,1,1,0
BRDA:23,2,0,0
BRDA:34,3,0,0
BRDA:59,4,0,0
BRDA:59,5,0,0
BRDA:59,5,1,0
BRDA:67,6,0,0
BRDA:78,7,0,0
BRDA:85,8,0,0
BRDA:94,9,0,0
BRDA:94,9,1,0
BRDA:95,10,0,0
BRDA:95,10,1,0
BRDA:96,11,0,0
BRDA:96,11,1,0
BRDA:97,12,0,0
BRDA:97,12,1,0
BRDA:98,13,0,0
BRDA:98,13,1,0
BRDA:104,14,0,0
BRDA:104,14,1,0
BRDA:109,15,0,0
BRDA:109,15,1,0
BRDA:114,16,0,0
BRDA:114,16,1,0
BRDA:115,17,0,0
BRDA:115,17,1,0
BRF:29
BRH:0
end_of_record
TN:
SF:app\api\stories\[storyId]\characters\[id]\route.ts
FN:15,GET
FN:64,PUT
FN:150,DELETE
FNF:3
FNH:0
FNDA:0,GET
FNDA:0,PUT
FNDA:0,DELETE
DA:1,0
DA:2,0
DA:3,0
DA:4,0
DA:15,0
DA:19,0
DA:21,0
DA:23,0
DA:24,0
DA:27,0
DA:28,0
DA:31,0
DA:32,0
DA:35,0
DA:38,0
DA:42,0
DA:43,0
DA:47,0
DA:52,0
DA:53,0
DA:56,0
DA:58,0
DA:59,0
DA:64,0
DA:68,0
DA:70,0
DA:72,0
DA:73,0
DA:76,0
DA:77,0
DA:80,0
DA:81,0
DA:84,0
DA:85,0
DA:88,0
DA:92,0
DA:93,0
DA:97,0
DA:102,0
DA:103,0
DA:107,0
DA:108,0
DA:112,0
DA:127,0
DA:132,0
DA:133,0
DA:137,0
DA:142,0
DA:144,0
DA:145,0
DA:150,0
DA:154,0
DA:156,0
DA:158,0
DA:159,0
DA:162,0
DA:163,0
DA:164,0
DA:167,0
DA:168,0
DA:171,0
DA:174,0
DA:178,0
DA:179,0
DA:183,0
DA:188,0
DA:189,0
DA:193,0
DA:199,0
DA:207,0
DA:213,0
DA:221,0
DA:226,0
DA:228,0
DA:229,0
LF:75
LH:0
BRDA:23,0,0,0
BRDA:23,1,0,0
BRDA:23,1,1,0
BRDA:31,2,0,0
BRDA:31,3,0,0
BRDA:31,3,1,0
BRDA:42,4,0,0
BRDA:52,5,0,0
BRDA:72,6,0,0
BRDA:72,7,0,0
BRDA:72,7,1,0
BRDA:80,8,0,0
BRDA:80,9,0,0
BRDA:80,9,1,0
BRDA:92,10,0,0
BRDA:102,11,0,0
BRDA:107,12,0,0
BRDA:114,13,0,0
BRDA:114,13,1,0
BRDA:115,14,0,0
BRDA:115,14,1,0
BRDA:116,15,0,0
BRDA:116,15,1,0
BRDA:117,16,0,0
BRDA:117,16,1,0
BRDA:118,17,0,0
BRDA:118,17,1,0
BRDA:119,18,0,0
BRDA:119,18,1,0
BRDA:120,19,0,0
BRDA:120,19,1,0
BRDA:121,20,0,0
BRDA:121,20,1,0
BRDA:122,21,0,0
BRDA:122,21,1,0
BRDA:132,22,0,0
BRDA:158,23,0,0
BRDA:158,24,0,0
BRDA:158,24,1,0
BRDA:167,25,0,0
BRDA:167,26,0,0
BRDA:167,26,1,0
BRDA:178,27,0,0
BRDA:188,28,0,0
BRF:44
BRH:0
end_of_record
TN:
SF:app\api\stories\[storyId]\content\route.ts
FN:36,GET
FN:141,POST
FNF:2
FNH:0
FNDA:0,GET
FNDA:0,POST
DA:1,0
DA:2,0
DA:3,0
DA:4,0
DA:5,0
DA:36,0
DA:40,0
DA:42,0
DA:43,0
DA:44,0
DA:48,0
DA:51,0
DA:52,0
DA:55,0
DA:56,0
DA:60,0
DA:63,0
DA:67,0
DA:68,0
DA:72,0
DA:73,0
DA:75,0
DA:76,0
DA:80,0
DA:81,0
DA:85,0
DA:86,0
DA:89,0
DA:93,0
DA:98,0
DA:99,0
DA:102,0
DA:106,0
DA:111,0
DA:112,0
DA:128,0
DA:132,0
DA:135,0
DA:136,0
DA:141,0
DA:145,0
DA:147,0
DA:148,0
DA:149,0
DA:153,0
DA:156,0
DA:157,0
DA:161,0
DA:164,0
DA:165,0
DA:168,0
DA:169,0
DA:173,0
DA:176,0
DA:180,0
DA:181,0
DA:185,0
DA:189,0
DA:192,0
DA:200,0
DA:202,0
DA:211,0
DA:217,0
DA:224,0
DA:240,0
DA:247,0
DA:248,0
LF:67
LH:0
BRDA:43,0,0,0
BRDA:43,1,0,0
BRDA:43,1,1,0
BRDA:55,2,0,0
BRDA:55,3,0,0
BRDA:55,3,1,0
BRDA:67,4,0,0
BRDA:72,5,0,0
BRDA:72,5,1,0
BRDA:75,6,0,0
BRDA:80,7,0,0
BRDA:85,8,0,0
BRDA:98,9,0,0
BRDA:111,10,0,0
BRDA:122,11,0,0
BRDA:122,11,1,0
BRDA:148,12,0,0
BRDA:148,13,0,0
BRDA:148,13,1,0
BRDA:156,14,0,0
BRDA:156,15,0,0
BRDA:156,15,1,0
BRDA:164,16,0,0
BRDA:164,17,0,0
BRDA:164,17,1,0
BRDA:168,18,0,0
BRDA:168,19,0,0
BRDA:168,19,1,0
BRDA:180,20,0,0
BRDA:189,21,0,0
BRDA:189,21,1,0
BRDA:200,22,0,0
BRDA:200,22,1,0
BRDA:232,23,0,0
BRDA:232,23,1,0
BRDA:233,24,0,0
BRDA:233,24,1,0
BRDA:234,25,0,0
BRDA:234,25,1,0
BRF:39
BRH:0
end_of_record
TN:
SF:app\api\stories\[storyId]\locations\route.ts
FN:7,GET
FN:51,POST
FNF:2
FNH:0
FNDA:0,GET
FNDA:0,POST
DA:1,0
DA:2,0
DA:3,0
DA:4,0
DA:7,0
DA:11,0
DA:13,0
DA:15,0
DA:16,0
DA:19,0
DA:20,0
DA:23,0
DA:24,0
DA:27,0
DA:30,0
DA:34,0
DA:35,0
DA:39,0
DA:43,0
DA:45,0
DA:46,0
DA:51,0
DA:55,0
DA:57,0
DA:59,0
DA:60,0
DA:63,0
DA:64,0
DA:67,0
DA:68,0
DA:71,0
DA:74,0
DA:78,0
DA:79,0
DA:82,0
DA:85,0
DA:86,0
DA:90,0
DA:113,0
DA:116,0
DA:121,0
DA:122,0
LF:42
LH:0
BRDA:15,0,0,0
BRDA:15,1,0,0
BRDA:15,1,1,0
BRDA:23,2,0,0
BRDA:34,3,0,0
BRDA:59,4,0,0
BRDA:59,5,0,0
BRDA:59,5,1,0
BRDA:67,6,0,0
BRDA:78,7,0,0
BRDA:85,8,0,0
BRDA:94,9,0,0
BRDA:94,9,1,0
BRDA:95,10,0,0
BRDA:95,10,1,0
BRDA:96,11,0,0
BRDA:96,11,1,0
BRDA:101,12,0,0
BRDA:101,12,1,0
BRDA:106,13,0,0
BRDA:106,13,1,0
BRDA:107,14,0,0
BRDA:107,14,1,0
BRF:23
BRH:0
end_of_record
TN:
SF:app\api\stories\[storyId]\locations\[id]\route.ts
FN:15,GET
FN:64,PUT
FN:147,DELETE
FNF:3
FNH:0
FNDA:0,GET
FNDA:0,PUT
FNDA:0,DELETE
DA:1,0
DA:2,0
DA:3,0
DA:4,0
DA:15,0
DA:19,0
DA:21,0
DA:23,0
DA:24,0
DA:27,0
DA:28,0
DA:31,0
DA:32,0
DA:35,0
DA:38,0
DA:42,0
DA:43,0
DA:47,0
DA:52,0
DA:53,0
DA:56,0
DA:58,0
DA:59,0
DA:64,0
DA:68,0
DA:70,0
DA:72,0
DA:73,0
DA:76,0
DA:77,0
DA:80,0
DA:81,0
DA:84,0
DA:85,0
DA:88,0
DA:92,0
DA:93,0
DA:97,0
DA:102,0
DA:103,0
DA:107,0
DA:108,0
DA:112,0
DA:124,0
DA:129,0
DA:130,0
DA:134,0
DA:139,0
DA:141,0
DA:142,0
DA:147,0
DA:151,0
DA:153,0
DA:155,0
DA:156,0
DA:159,0
DA:160,0
DA:161,0
DA:164,0
DA:165,0
DA:168,0
DA:171,0
DA:175,0
DA:176,0
DA:180,0
DA:185,0
DA:186,0
DA:190,0
DA:196,0
DA:204,0
DA:210,0
DA:216,0
DA:221,0
DA:223,0
DA:224,0
LF:75
LH:0
BRDA:23,0,0,0
BRDA:23,1,0,0
BRDA:23,1,1,0
BRDA:31,2,0,0
BRDA:31,3,0,0
BRDA:31,3,1,0
BRDA:42,4,0,0
BRDA:52,5,0,0
BRDA:72,6,0,0
BRDA:72,7,0,0
BRDA:72,7,1,0
BRDA:80,8,0,0
BRDA:80,9,0,0
BRDA:80,9,1,0
BRDA:92,10,0,0
BRDA:102,11,0,0
BRDA:107,12,0,0
BRDA:114,13,0,0
BRDA:114,13,1,0
BRDA:115,14,0,0
BRDA:115,14,1,0
BRDA:116,15,0,0
BRDA:116,15,1,0
BRDA:117,16,0,0
BRDA:117,16,1,0
BRDA:118,17,0,0
BRDA:118,17,1,0
BRDA:119,18,0,0
BRDA:119,18,1,0
BRDA:129,19,0,0
BRDA:155,20,0,0
BRDA:155,21,0,0
BRDA:155,21,1,0
BRDA:164,22,0,0
BRDA:164,23,0,0
BRDA:164,23,1,0
BRDA:175,24,0,0
BRDA:185,25,0,0
BRF:38
BRH:0
end_of_record
TN:
SF:app\api\stories\[storyId]\route\route.ts
FN:7,GET
FN:46,PUT
FN:108,DELETE
FNF:3
FNH:0
FNDA:0,GET
FNDA:0,PUT
FNDA:0,DELETE
DA:1,0
DA:2,0
DA:3,0
DA:4,0
DA:7,0
DA:11,0
DA:13,0
DA:15,0
DA:16,0
DA:19,0
DA:20,0
DA:23,0
DA:24,0
DA:27,0
DA:30,0
DA:34,0
DA:35,0
DA:38,0
DA:40,0
DA:41,0
DA:46,0
DA:50,0
DA:52,0
DA:54,0
DA:55,0
DA:58,0
DA:59,0
DA:62,0
DA:63,0
DA:66,0
DA:67,0
DA:70,0
DA:71,0
DA:75,0
DA:86,0
DA:91,0
DA:92,0
DA:96,0
DA:100,0
DA:102,0
DA:103,0
DA:108,0
DA:112,0
DA:114,0
DA:116,0
DA:117,0
DA:120,0
DA:121,0
DA:124,0
DA:125,0
DA:128,0
DA:131,0
DA:135,0
DA:136,0
DA:140,0
DA:145,0
DA:153,0
DA:158,0
DA:160,0
DA:161,0
LF:60
LH:0
BRDA:15,0,0,0
BRDA:15,1,0,0
BRDA:15,1,1,0
BRDA:23,2,0,0
BRDA:34,3,0,0
BRDA:54,4,0,0
BRDA:54,5,0,0
BRDA:54,5,1,0
BRDA:62,6,0,0
BRDA:70,7,0,0
BRDA:77,8,0,0
BRDA:77,8,1,0
BRDA:78,9,0,0
BRDA:78,9,1,0
BRDA:79,10,0,0
BRDA:79,10,1,0
BRDA:82,11,0,0
BRDA:82,11,1,0
BRDA:91,12,0,0
BRDA:116,13,0,0
BRDA:116,14,0,0
BRDA:116,14,1,0
BRDA:124,15,0,0
BRDA:135,16,0,0
BRF:24
BRH:0
end_of_record
TN:
SF:app\api\stories\[storyId]\timeline\route.ts
FN:7,GET
FN:51,POST
FNF:2
FNH:0
FNDA:0,GET
FNDA:0,POST
DA:1,0
DA:2,0
DA:3,0
DA:4,0
DA:7,0
DA:11,0
DA:13,0
DA:15,0
DA:16,0
DA:19,0
DA:20,0
DA:23,0
DA:24,0
DA:27,0
DA:30,0
DA:34,0
DA:35,0
DA:39,0
DA:43,0
DA:45,0
DA:46,0
DA:51,0
DA:55,0
DA:57,0
DA:59,0
DA:60,0
DA:63,0
DA:64,0
DA:67,0
DA:68,0
DA:71,0
DA:74,0
DA:78,0
DA:79,0
DA:82,0
DA:85,0
DA:86,0
DA:90,0
DA:107,0
DA:110,0
DA:115,0
DA:116,0
LF:42
LH:0
BRDA:15,0,0,0
BRDA:15,1,0,0
BRDA:15,1,1,0
BRDA:23,2,0,0
BRDA:34,3,0,0
BRDA:59,4,0,0
BRDA:59,5,0,0
BRDA:59,5,1,0
BRDA:67,6,0,0
BRDA:78,7,0,0
BRDA:85,8,0,0
BRDA:94,9,0,0
BRDA:94,9,1,0
BRDA:95,10,0,0
BRDA:95,10,1,0
BRDA:96,11,0,0
BRDA:96,11,1,0
BRDA:97,12,0,0
BRDA:97,12,1,0
BRDA:98,13,0,0
BRDA:98,13,1,0
BRDA:99,14,0,0
BRDA:99,14,1,0
BRDA:100,15,0,0
BRDA:100,15,1,0
BRDA:101,16,0,0
BRDA:101,16,1,0
BRF:27
BRH:0
end_of_record
TN:
SF:app\api\stories\[storyId]\timeline\[id]\route.ts
FN:7,GET
FN:56,PUT
FN:150,DELETE
FNF:3
FNH:0
FNDA:0,GET
FNDA:0,PUT
FNDA:0,DELETE
DA:1,0
DA:2,0
DA:3,0
DA:4,0
DA:7,0
DA:11,0
DA:13,0
DA:15,0
DA:16,0
DA:19,0
DA:20,0
DA:23,0
DA:24,0
DA:27,0
DA:30,0
DA:34,0
DA:35,0
DA:39,0
DA:44,0
DA:45,0
DA:48,0
DA:50,0
DA:51,0
DA:56,0
DA:60,0
DA:62,0
DA:64,0
DA:65,0
DA:68,0
DA:69,0
DA:72,0
DA:73,0
DA:76,0
DA:77,0
DA:80,0
DA:84,0
DA:85,0
DA:89,0
DA:94,0
DA:95,0
DA:99,0
DA:100,0
DA:104,0
DA:105,0
DA:106,0
DA:107,0
DA:108,0
DA:113,0
DA:127,0
DA:132,0
DA:133,0
DA:137,0
DA:142,0
DA:144,0
DA:145,0
DA:150,0
DA:154,0
DA:156,0
DA:158,0
DA:159,0
DA:162,0
DA:163,0
DA:166,0
DA:167,0
DA:170,0
DA:173,0
DA:177,0
DA:178,0
DA:182,0
DA:187,0
DA:188,0
DA:192,0
DA:198,0
DA:208,0
DA:210,0
DA:211,0
LF:76
LH:0
BRDA:15,0,0,0
BRDA:15,1,0,0
BRDA:15,1,1,0
BRDA:23,2,0,0
BRDA:23,3,0,0
BRDA:23,3,1,0
BRDA:34,4,0,0
BRDA:44,5,0,0
BRDA:64,6,0,0
BRDA:64,7,0,0
BRDA:64,7,1,0
BRDA:72,8,0,0
BRDA:72,9,0,0
BRDA:72,9,1,0
BRDA:84,10,0,0
BRDA:94,11,0,0
BRDA:99,12,0,0
BRDA:105,13,0,0
BRDA:107,14,0,0
BRDA:115,15,0,0
BRDA:115,15,1,0
BRDA:116,16,0,0
BRDA:116,16,1,0
BRDA:118,17,0,0
BRDA:118,17,1,0
BRDA:119,18,0,0
BRDA:119,18,1,0
BRDA:120,19,0,0
BRDA:120,19,1,0
BRDA:121,20,0,0
BRDA:121,20,1,0
BRDA:122,21,0,0
BRDA:122,21,1,0
BRDA:132,22,0,0
BRDA:158,23,0,0
BRDA:158,24,0,0
BRDA:158,24,1,0
BRDA:166,25,0,0
BRDA:166,26,0,0
BRDA:166,26,1,0
BRDA:177,27,0,0
BRDA:187,28,0,0
BRF:42
BRH:0
end_of_record
TN:
SF:app\auth\signin\page.tsx
FN:8,SignIn
FN:11,(anonymous_3)
FN:28,(anonymous_4)
FN:44,(anonymous_5)
FNF:4
FNH:0
FNDA:0,SignIn
FNDA:0,(anonymous_3)
FNDA:0,(anonymous_4)
FNDA:0,(anonymous_5)
DA:3,0
DA:5,0
DA:6,0
DA:8,0
DA:9,0
DA:11,0
DA:12,0
DA:13,0
DA:28,0
DA:44,0
LF:10
LH:0
BRF:0
BRH:0
end_of_record
TN:
SF:app\dashboard\layout.tsx
FN:3,DashboardLayout
FNF:1
FNH:0
FNDA:0,DashboardLayout
DA:1,0
DA:3,0
LF:2
LH:0
BRF:0
BRH:0
end_of_record
TN:
SF:app\dashboard\page.tsx
FN:20,Dashboard
FN:28,(anonymous_3)
FN:40,(anonymous_4)
FN:61,(anonymous_5)
FN:69,(anonymous_6)
FNF:5
FNH:0
FNDA:0,Dashboard
FNDA:0,(anonymous_3)
FNDA:0,(anonymous_4)
FNDA:0,(anonymous_5)
FNDA:0,(anonymous_6)
DA:3,0
DA:4,0
DA:5,0
DA:6,0
DA:7,0
DA:8,0
DA:20,0
DA:21,0
DA:22,0
DA:23,0
DA:24,0
DA:25,0
DA:26,0
DA:28,0
DA:30,0
DA:31,0
DA:35,0
DA:36,0
DA:40,0
DA:41,0
DA:42,0
DA:43,0
DA:44,0
DA:46,0
DA:47,0
DA:50,0
DA:51,0
DA:52,0
DA:54,0
DA:55,0
DA:57,0
DA:61,0
DA:62,0
DA:63,0
DA:64,0
DA:67,0
DA:68,0
DA:70,0
DA:73,0
DA:76,0
LF:40
LH:0
BRDA:30,0,0,0
BRDA:35,1,0,0
BRDA:46,2,0,0
BRDA:62,3,0,0
BRDA:70,4,0,0
BRDA:70,4,1,0
BRDA:70,4,2,0
BRDA:76,5,0,0
BRDA:76,6,0,0
BRDA:76,6,1,0
BRDA:121,7,0,0
BRF:11
BRH:0
end_of_record
TN:
SF:app\dashboard\mcp\page.tsx
FN:18,MCPServerPage
FNF:1
FNH:0
FNDA:0,MCPServerPage
DA:7,0
DA:8,0
DA:9,0
DA:10,0
DA:11,0
DA:13,0
DA:18,0
DA:19,0
DA:21,0
DA:22,0
LF:10
LH:0
BRDA:21,0,0,0
BRDA:21,1,0,0
BRDA:21,1,1,0
BRF:3
BRH:0
end_of_record
TN:
SF:app\providers\index.tsx
FN:5,AuthProvider
FNF:1
FNH:0
FNDA:0,AuthProvider
DA:3,0
DA:5,0
LF:2
LH:0
BRF:0
BRH:0
end_of_record
TN:
SF:app\stories\layout.tsx
FN:3,StoriesLayout
FNF:1
FNH:0
FNDA:0,StoriesLayout
DA:1,0
DA:3,0
LF:2
LH:0
BRF:0
BRH:0
end_of_record
TN:
SF:app\stories\page.tsx
FN:20,StoriesPage
FN:28,(anonymous_3)
FN:40,(anonymous_4)
FN:61,(anonymous_5)
FN:69,(anonymous_6)
FNF:5
FNH:0
FNDA:0,StoriesPage
FNDA:0,(anonymous_3)
FNDA:0,(anonymous_4)
FNDA:0,(anonymous_5)
FNDA:0,(anonymous_6)
DA:3,0
DA:4,0
DA:5,0
DA:6,0
DA:7,0
DA:8,0
DA:20,0
DA:21,0
DA:22,0
DA:23,0
DA:24,0
DA:25,0
DA:26,0
DA:28,0
DA:30,0
DA:31,0
DA:35,0
DA:36,0
DA:40,0
DA:41,0
DA:42,0
DA:43,0
DA:44,0
DA:46,0
DA:47,0
DA:50,0
DA:51,0
DA:52,0
DA:54,0
DA:55,0
DA:57,0
DA:61,0
DA:62,0
DA:63,0
DA:64,0
DA:67,0
DA:68,0
DA:70,0
DA:73,0
DA:76,0
LF:40
LH:0
BRDA:30,0,0,0
BRDA:35,1,0,0
BRDA:46,2,0,0
BRDA:62,3,0,0
BRDA:70,4,0,0
BRDA:70,4,1,0
BRDA:70,4,2,0
BRDA:76,5,0,0
BRDA:76,6,0,0
BRDA:76,6,1,0
BRDA:121,7,0,0
BRF:11
BRH:0
end_of_record
TN:
SF:app\stories\[id]\page.tsx
FN:26,StoryDetail
FN:33,(anonymous_3)
FN:45,(anonymous_4)
FN:81,(anonymous_5)
FN:203,(anonymous_6)
FNF:5
FNH:0
FNDA:0,StoryDetail
FNDA:0,(anonymous_3)
FNDA:0,(anonymous_4)
FNDA:0,(anonymous_5)
FNDA:0,(anonymous_6)
DA:3,0
DA:4,0
DA:5,0
DA:6,0
DA:7,0
DA:26,0
DA:27,0
DA:28,0
DA:29,0
DA:30,0
DA:31,0
DA:33,0
DA:35,0
DA:36,0
DA:40,0
DA:41,0
DA:45,0
DA:46,0
DA:47,0
DA:48,0
DA:49,0
DA:51,0
DA:52,0
DA:55,0
DA:56,0
DA:58,0
DA:59,0
DA:61,0
DA:65,0
DA:75,0
DA:81,0
DA:204,0
LF:32
LH:0
BRDA:35,0,0,0
BRDA:40,1,0,0
BRDA:40,2,0,0
BRDA:40,2,1,0
BRDA:51,3,0,0
BRDA:65,4,0,0
BRDA:65,5,0,0
BRDA:65,5,1,0
BRDA:75,6,0,0
BRDA:75,7,0,0
BRDA:75,7,1,0
BRDA:79,8,0,0
BRDA:79,8,1,0
BRDA:103,9,0,0
BRDA:131,10,0,0
BRDA:145,11,0,0
BRDA:162,12,0,0
BRDA:162,12,1,0
BRDA:163,13,0,0
BRDA:163,13,1,0
BRDA:166,14,0,0
BRDA:166,14,1,0
BRDA:185,15,0,0
BRDA:192,16,0,0
BRDA:199,17,0,0
BRDA:199,17,1,0
BRF:26
BRH:0
end_of_record
TN:
SF:app\stories\[id]\characters\page.tsx
FN:55,CharactersPage
FN:65,(anonymous_3)
FN:78,(anonymous_4)
FN:94,(anonymous_5)
FN:109,(anonymous_6)
FN:111,(anonymous_7)
FN:131,(anonymous_8)
FN:142,(anonymous_9)
FN:142,(anonymous_10)
FN:145,(anonymous_11)
FN:147,(anonymous_12)
FN:147,(anonymous_13)
FN:174,(anonymous_14)
FN:209,(anonymous_15)
FN:258,(anonymous_16)
FNF:15
FNH:0
FNDA:0,CharactersPage
FNDA:0,(anonymous_3)
FNDA:0,(anonymous_4)
FNDA:0,(anonymous_5)
FNDA:0,(anonymous_6)
FNDA:0,(anonymous_7)
FNDA:0,(anonymous_8)
FNDA:0,(anonymous_9)
FNDA:0,(anonymous_10)
FNDA:0,(anonymous_11)
FNDA:0,(anonymous_12)
FNDA:0,(anonymous_13)
FNDA:0,(anonymous_14)
FNDA:0,(anonymous_15)
FNDA:0,(anonymous_16)
DA:3,0
DA:4,0
DA:5,0
DA:6,0
DA:7,0
DA:8,0
DA:55,0
DA:56,0
DA:57,0
DA:58,0
DA:59,0
DA:60,0
DA:61,0
DA:62,0
DA:63,0
DA:65,0
DA:67,0
DA:68,0
DA:72,0
DA:73,0
DA:74,0
DA:78,0
DA:79,0
DA:80,0
DA:82,0
DA:83,0
DA:86,0
DA:87,0
DA:89,0
DA:90,0
DA:94,0
DA:95,0
DA:96,0
DA:97,0
DA:98,0
DA:100,0
DA:101,0
DA:104,0
DA:105,0
DA:108,0
DA:109,0
DA:110,0
DA:111,0
DA:112,0
DA:121,0
DA:124,0
DA:125,0
DA:127,0
DA:131,0
DA:132,0
DA:133,0
DA:137,0
DA:138,0
DA:142,0
DA:145,0
DA:146,0
DA:147,0
DA:148,0
DA:153,0
DA:154,0
DA:158,0
DA:168,0
DA:174,0
DA:209,0
DA:258,0
LF:65
LH:0
BRDA:67,0,0,0
BRDA:72,1,0,0
BRDA:72,2,0,0
BRDA:72,2,1,0
BRDA:82,3,0,0
BRDA:100,4,0,0
BRDA:110,5,0,0
BRDA:110,6,0,0
BRDA:110,6,1,0
BRDA:137,7,0,0
BRDA:146,8,0,0
BRDA:148,9,0,0
BRDA:148,9,1,0
BRDA:158,10,0,0
BRDA:158,11,0,0
BRDA:158,11,1,0
BRDA:168,12,0,0
BRDA:168,13,0,0
BRDA:168,13,1,0
BRDA:193,14,0,0
BRDA:193,14,1,0
BRDA:203,15,0,0
BRDA:203,15,1,0
BRDA:211,16,0,0
BRDA:211,16,1,0
BRDA:216,17,0,0
BRDA:216,17,1,0
BRDA:243,18,0,0
BRDA:255,19,0,0
BRDA:255,19,1,0
BRDA:269,20,0,0
BRDA:269,20,1,0
BRF:32
BRH:0
end_of_record
TN:
SF:app\stories\[id]\characters\[characterId]\page.tsx
FN:51,CharacterDetailPage
FN:62,(anonymous_3)
FN:76,(anonymous_4)
FN:92,(anonymous_5)
FN:112,(anonymous_6)
FN:124,(anonymous_7)
FN:135,(anonymous_8)
FN:157,(anonymous_9)
FN:169,(anonymous_10)
FN:172,(anonymous_11)
FN:207,(anonymous_12)
FN:223,(anonymous_13)
FN:257,(anonymous_14)
FN:350,(anonymous_15)
FN:376,(anonymous_16)
FN:389,(anonymous_17)
FN:402,(anonymous_18)
FN:437,(anonymous_19)
FN:455,(anonymous_20)
FN:507,(anonymous_21)
FNF:20
FNH:0
FNDA:0,CharacterDetailPage
FNDA:0,(anonymous_3)
FNDA:0,(anonymous_4)
FNDA:0,(anonymous_5)
FNDA:0,(anonymous_6)
FNDA:0,(anonymous_7)
FNDA:0,(anonymous_8)
FNDA:0,(anonymous_9)
FNDA:0,(anonymous_10)
FNDA:0,(anonymous_11)
FNDA:0,(anonymous_12)
FNDA:0,(anonymous_13)
FNDA:0,(anonymous_14)
FNDA:0,(anonymous_15)
FNDA:0,(anonymous_16)
FNDA:0,(anonymous_17)
FNDA:0,(anonymous_18)
FNDA:0,(anonymous_19)
FNDA:0,(anonymous_20)
FNDA:0,(anonymous_21)
DA:3,0
DA:4,0
DA:5,0
DA:6,0
DA:51,0
DA:52,0
DA:53,0
DA:54,0
DA:55,0
DA:56,0
DA:57,0
DA:58,0
DA:59,0
DA:60,0
DA:62,0
DA:64,0
DA:65,0
DA:69,0
DA:70,0
DA:71,0
DA:72,0
DA:76,0
DA:77,0
DA:78,0
DA:80,0
DA:81,0
DA:84,0
DA:85,0
DA:87,0
DA:88,0
DA:92,0
DA:93,0
DA:94,0
DA:95,0
DA:96,0
DA:98,0
DA:99,0
DA:102,0
DA:103,0
DA:105,0
DA:106,0
DA:108,0
DA:112,0
DA:113,0
DA:114,0
DA:116,0
DA:117,0
DA:120,0
DA:123,0
DA:124,0
DA:125,0
DA:128,0
DA:130,0
DA:135,0
DA:136,0
DA:137,0
DA:138,0
DA:142,0
DA:143,0
DA:146,0
DA:148,0
DA:149,0
DA:150,0
DA:152,0
DA:157,0
DA:158,0
DA:159,0
DA:160,0
DA:162,0
DA:163,0
DA:164,0
DA:165,0
DA:169,0
DA:170,0
DA:172,0
DA:178,0
DA:184,0
DA:191,0
DA:201,0
DA:207,0
DA:217,0
DA:223,0
DA:257,0
DA:351,0
DA:377,0
DA:390,0
DA:403,0
DA:438,0
DA:456,0
DA:457,0
DA:507,0
LF:91
LH:0
BRDA:64,0,0,0
BRDA:69,1,0,0
BRDA:69,2,0,0
BRDA:69,2,1,0
BRDA:69,2,2,0
BRDA:80,3,0,0
BRDA:98,4,0,0
BRDA:116,5,0,0
BRDA:142,6,0,0
BRDA:191,7,0,0
BRDA:191,8,0,0
BRDA:191,8,1,0
BRDA:201,9,0,0
BRDA:201,10,0,0
BRDA:201,10,1,0
BRDA:217,11,0,0
BRDA:242,12,0,0
BRDA:242,12,1,0
BRDA:273,13,0,0
BRDA:292,14,0,0
BRDA:292,14,1,0
BRDA:297,15,0,0
BRDA:298,16,0,0
BRDA:298,16,1,0
BRDA:302,17,0,0
BRDA:303,18,0,0
BRDA:303,18,1,0
BRDA:311,19,0,0
BRDA:318,20,0,0
BRDA:326,21,0,0
BRDA:331,22,0,0
BRDA:338,23,0,0
BRDA:346,24,0,0
BRDA:346,24,1,0
BRDA:359,25,0,0
BRDA:368,26,0,0
BRDA:372,27,0,0
BRDA:372,27,1,0
BRDA:385,28,0,0
BRDA:385,28,1,0
BRDA:398,29,0,0
BRDA:398,29,1,0
BRDA:413,30,0,0
BRDA:418,31,0,0
BRDA:425,32,0,0
BRDA:433,33,0,0
BRDA:433,33,1,0
BRDA:454,34,0,0
BRDA:453,35,0,0
BRDA:453,35,1,0
BRDA:461,36,0,0
BRDA:461,36,1,0
BRDA:467,37,0,0
BRDA:498,38,0,0
BRDA:518,39,0,0
BRDA:518,39,1,0
BRF:56
BRH:0
end_of_record
TN:
SF:app\stories\[id]\characters\[characterId]\edit\page.tsx
FN:10,EditCharacterPage
FN:21,(anonymous_3)
FN:37,(anonymous_4)
FN:57,(anonymous_5)
FN:68,(anonymous_6)
FN:70,(anonymous_7)
FN:83,(anonymous_8)
FN:97,(anonymous_9)
FN:140,(anonymous_10)
FN:156,(anonymous_11)
FNF:10
FNH:0
FNDA:0,EditCharacterPage
FNDA:0,(anonymous_3)
FNDA:0,(anonymous_4)
FNDA:0,(anonymous_5)
FNDA:0,(anonymous_6)
FNDA:0,(anonymous_7)
FNDA:0,(anonymous_8)
FNDA:0,(anonymous_9)
FNDA:0,(anonymous_10)
FNDA:0,(anonymous_11)
DA:3,0
DA:4,0
DA:5,0
DA:6,0
DA:7,0
DA:10,0
DA:11,0
DA:12,0
DA:14,0
DA:15,0
DA:16,0
DA:17,0
DA:18,0
DA:19,0
DA:21,0
DA:22,0
DA:23,0
DA:25,0
DA:26,0
DA:29,0
DA:30,0
DA:32,0
DA:33,0
DA:37,0
DA:38,0
DA:39,0
DA:40,0
DA:41,0
DA:43,0
DA:44,0
DA:47,0
DA:48,0
DA:50,0
DA:51,0
DA:53,0
DA:57,0
DA:58,0
DA:59,0
DA:61,0
DA:62,0
DA:65,0
DA:68,0
DA:69,0
DA:70,0
DA:76,0
DA:78,0
DA:83,0
DA:85,0
DA:86,0
DA:90,0
DA:91,0
DA:92,0
DA:93,0
DA:97,0
DA:98,0
DA:99,0
DA:100,0
DA:102,0
DA:110,0
DA:111,0
DA:112,0
DA:115,0
DA:117,0
DA:118,0
DA:120,0
DA:124,0
DA:134,0
DA:140,0
DA:150,0
DA:156,0
LF:70
LH:0
BRDA:25,0,0,0
BRDA:43,1,0,0
BRDA:61,2,0,0
BRDA:85,3,0,0
BRDA:90,4,0,0
BRDA:90,5,0,0
BRDA:90,5,1,0
BRDA:90,5,2,0
BRDA:110,6,0,0
BRDA:112,7,0,0
BRDA:112,7,1,0
BRDA:118,8,0,0
BRDA:118,8,1,0
BRDA:124,9,0,0
BRDA:124,10,0,0
BRDA:124,10,1,0
BRDA:134,11,0,0
BRDA:134,12,0,0
BRDA:134,12,1,0
BRDA:150,13,0,0
BRDA:175,14,0,0
BRDA:175,14,1,0
BRDA:195,15,0,0
BRF:23
BRH:0
end_of_record
TN:
SF:app\stories\[id]\characters\[id]\page.tsx
FN:9,CharacterPage
FN:23,(anonymous_3)
FN:37,(anonymous_4)
FN:53,(anonymous_5)
FN:73,(anonymous_6)
FN:86,(anonymous_7)
FN:88,(anonymous_8)
FN:101,(anonymous_9)
FN:166,(anonymous_10)
FNF:9
FNH:0
FNDA:0,CharacterPage
FNDA:0,(anonymous_3)
FNDA:0,(anonymous_4)
FNDA:0,(anonymous_5)
FNDA:0,(anonymous_6)
FNDA:0,(anonymous_7)
FNDA:0,(anonymous_8)
FNDA:0,(anonymous_9)
FNDA:0,(anonymous_10)
DA:3,0
DA:4,0
DA:5,0
DA:6,0
DA:9,0
DA:10,0
DA:11,0
DA:12,0
DA:13,0
DA:14,0
DA:15,0
DA:16,0
DA:17,0
DA:20,0
DA:21,0
DA:23,0
DA:25,0
DA:26,0
DA:30,0
DA:31,0
DA:32,0
DA:33,0
DA:37,0
DA:38,0
DA:39,0
DA:41,0
DA:42,0
DA:45,0
DA:46,0
DA:48,0
DA:49,0
DA:53,0
DA:54,0
DA:55,0
DA:56,0
DA:57,0
DA:59,0
DA:60,0
DA:63,0
DA:64,0
DA:66,0
DA:67,0
DA:69,0
DA:73,0
DA:74,0
DA:75,0
DA:77,0
DA:78,0
DA:81,0
DA:85,0
DA:86,0
DA:88,0
DA:94,0
DA:96,0
DA:101,0
DA:102,0
DA:103,0
DA:107,0
DA:108,0
DA:111,0
DA:113,0
DA:114,0
DA:115,0
DA:166,0
LF:64
LH:0
BRDA:25,0,0,0
BRDA:30,1,0,0
BRDA:30,2,0,0
BRDA:30,2,1,0
BRDA:30,2,2,0
BRDA:41,3,0,0
BRDA:59,4,0,0
BRDA:77,5,0,0
BRDA:107,6,0,0
BRDA:130,7,0,0
BRDA:130,7,1,0
BRDA:137,8,0,0
BRDA:137,8,1,0
BRDA:141,9,0,0
BRDA:141,9,1,0
BRF:15
BRH:0
end_of_record
TN:
SF:app\stories\[id]\characters\[id]\edit\page.tsx
FN:8,EditCharacterPage
FN:22,(anonymous_3)
FN:36,(anonymous_4)
FN:52,(anonymous_5)
FN:72,(anonymous_6)
FN:83,(anonymous_7)
FN:85,(anonymous_8)
FN:98,(anonymous_9)
FNF:8
FNH:0
FNDA:0,EditCharacterPage
FNDA:0,(anonymous_3)
FNDA:0,(anonymous_4)
FNDA:0,(anonymous_5)
FNDA:0,(anonymous_6)
FNDA:0,(anonymous_7)
FNDA:0,(anonymous_8)
FNDA:0,(anonymous_9)
DA:1,0
DA:2,0
DA:3,0
DA:4,0
DA:5,0
DA:8,0
DA:9,0
DA:10,0
DA:11,0
DA:12,0
DA:13,0
DA:14,0
DA:15,0
DA:16,0
DA:19,0
DA:20,0
DA:22,0
DA:24,0
DA:25,0
DA:29,0
DA:30,0
DA:31,0
DA:32,0
DA:36,0
DA:37,0
DA:38,0
DA:40,0
DA:41,0
DA:44,0
DA:45,0
DA:47,0
DA:48,0
DA:52,0
DA:53,0
DA:54,0
DA:55,0
DA:56,0
DA:58,0
DA:59,0
DA:62,0
DA:63,0
DA:65,0
DA:66,0
DA:68,0
DA:72,0
DA:73,0
DA:74,0
DA:76,0
DA:77,0
DA:80,0
DA:83,0
DA:84,0
DA:85,0
DA:91,0
DA:93,0
DA:98,0
DA:99,0
DA:100,0
DA:101,0
DA:103,0
DA:111,0
DA:112,0
DA:113,0
DA:116,0
DA:118,0
DA:119,0
DA:121,0
LF:67
LH:0
BRDA:24,0,0,0
BRDA:29,1,0,0
BRDA:29,2,0,0
BRDA:29,2,1,0
BRDA:29,2,2,0
BRDA:40,3,0,0
BRDA:58,4,0,0
BRDA:76,5,0,0
BRDA:111,6,0,0
BRDA:113,7,0,0
BRDA:113,7,1,0
BRDA:119,8,0,0
BRDA:119,8,1,0
BRDA:134,9,0,0
BRDA:134,9,1,0
BRDA:154,10,0,0
BRDA:160,11,0,0
BRF:17
BRH:0
end_of_record
TN:
SF:app\stories\[id]\characters\new\page.tsx
FN:28,NewCharacterPage
FN:37,(anonymous_3)
FN:50,(anonymous_4)
FN:68,(anonymous_5)
FN:79,(anonymous_6)
FN:91,(anonymous_7)
FN:136,(anonymous_8)
FNF:7
FNH:0
FNDA:0,NewCharacterPage
FNDA:0,(anonymous_3)
FNDA:0,(anonymous_4)
FNDA:0,(anonymous_5)
FNDA:0,(anonymous_6)
FNDA:0,(anonymous_7)
FNDA:0,(anonymous_8)
DA:3,0
DA:4,0
DA:5,0
DA:6,0
DA:7,0
DA:28,0
DA:29,0
DA:30,0
DA:31,0
DA:32,0
DA:33,0
DA:34,0
DA:35,0
DA:37,0
DA:39,0
DA:40,0
DA:44,0
DA:45,0
DA:46,0
DA:50,0
DA:51,0
DA:52,0
DA:54,0
DA:55,0
DA:58,0
DA:59,0
DA:61,0
DA:62,0
DA:64,0
DA:68,0
DA:69,0
DA:70,0
DA:72,0
DA:73,0
DA:76,0
DA:79,0
DA:86,0
DA:91,0
DA:92,0
DA:93,0
DA:94,0
DA:96,0
DA:104,0
DA:105,0
DA:106,0
DA:109,0
DA:110,0
DA:113,0
DA:114,0
DA:116,0
DA:120,0
DA:130,0
DA:136,0
LF:53
LH:0
BRDA:39,0,0,0
BRDA:44,1,0,0
BRDA:44,2,0,0
BRDA:44,2,1,0
BRDA:54,3,0,0
BRDA:72,4,0,0
BRDA:104,5,0,0
BRDA:106,6,0,0
BRDA:106,6,1,0
BRDA:114,7,0,0
BRDA:114,7,1,0
BRDA:120,8,0,0
BRDA:120,9,0,0
BRDA:120,9,1,0
BRDA:130,10,0,0
BRDA:130,11,0,0
BRDA:130,11,1,0
BRDA:155,12,0,0
BRDA:155,12,1,0
BRDA:167,13,0,0
BRDA:167,13,1,0
BRDA:171,14,0,0
BRF:22
BRH:0
end_of_record
TN:
SF:app\stories\[id]\edit\page.tsx
FN:25,EditStory
FN:45,(anonymous_3)
FN:57,(anonymous_4)
FN:88,(anonymous_5)
FN:93,(anonymous_6)
FN:101,(anonymous_7)
FN:108,(anonymous_8)
FN:109,(anonymous_9)
FN:109,(anonymous_10)
FN:110,(anonymous_11)
FN:119,(anonymous_12)
FN:153,(anonymous_13)
FN:354,(anonymous_14)
FN:397,(anonymous_15)
FNF:14
FNH:0
FNDA:0,EditStory
FNDA:0,(anonymous_3)
FNDA:0,(anonymous_4)
FNDA:0,(anonymous_5)
FNDA:0,(anonymous_6)
FNDA:0,(anonymous_7)
FNDA:0,(anonymous_8)
FNDA:0,(anonymous_9)
FNDA:0,(anonymous_10)
FNDA:0,(anonymous_11)
FNDA:0,(anonymous_12)
FNDA:0,(anonymous_13)
FNDA:0,(anonymous_14)
FNDA:0,(anonymous_15)
DA:3,0
DA:4,0
DA:5,0
DA:6,0
DA:25,0
DA:26,0
DA:27,0
DA:28,0
DA:29,0
DA:30,0
DA:31,0
DA:32,0
DA:45,0
DA:47,0
DA:48,0
DA:52,0
DA:53,0
DA:57,0
DA:58,0
DA:59,0
DA:60,0
DA:61,0
DA:63,0
DA:64,0
DA:67,0
DA:68,0
DA:81,0
DA:82,0
DA:84,0
DA:88,0
DA:89,0
DA:91,0
DA:92,0
DA:93,0
DA:101,0
DA:108,0
DA:109,0
DA:110,0
DA:119,0
DA:120,0
DA:121,0
DA:122,0
DA:124,0
DA:125,0
DA:126,0
DA:127,0
DA:130,0
DA:131,0
DA:139,0
DA:140,0
DA:141,0
DA:144,0
DA:146,0
DA:147,0
DA:149,0
DA:153,0
DA:154,0
DA:155,0
DA:157,0
DA:158,0
DA:162,0
DA:163,0
DA:164,0
DA:167,0
DA:169,0
DA:170,0
DA:171,0
DA:173,0
DA:177,0
DA:354,0
DA:397,0
LF:71
LH:0
BRDA:47,0,0,0
BRDA:52,1,0,0
BRDA:52,2,0,0
BRDA:52,2,1,0
BRDA:63,3,0,0
BRDA:69,4,0,0
BRDA:69,4,1,0
BRDA:70,5,0,0
BRDA:70,5,1,0
BRDA:71,6,0,0
BRDA:71,6,1,0
BRDA:72,7,0,0
BRDA:72,7,1,0
BRDA:73,8,0,0
BRDA:73,8,1,0
BRDA:75,9,0,0
BRDA:75,9,1,0
BRDA:76,10,0,0
BRDA:76,10,1,0
BRDA:77,11,0,0
BRDA:77,11,1,0
BRDA:91,12,0,0
BRDA:91,12,1,0
BRDA:124,13,0,0
BRDA:139,14,0,0
BRDA:141,15,0,0
BRDA:141,15,1,0
BRDA:146,16,0,0
BRDA:146,16,1,0
BRDA:162,17,0,0
BRDA:164,18,0,0
BRDA:164,18,1,0
BRDA:169,19,0,0
BRDA:169,19,1,0
BRDA:177,20,0,0
BRDA:177,21,0,0
BRDA:177,21,1,0
BRDA:204,22,0,0
BRDA:373,23,0,0
BRDA:373,23,1,0
BRDA:387,24,0,0
BRDA:407,25,0,0
BRDA:407,25,1,0
BRF:43
BRH:0
end_of_record
TN:
SF:app\stories\[storyId]\page.tsx
FN:9,StoryPage
FN:16,(anonymous_3)
FN:28,(anonymous_4)
FNF:3
FNH:0
FNDA:0,StoryPage
FNDA:0,(anonymous_3)
FNDA:0,(anonymous_4)
DA:3,0
DA:4,0
DA:5,0
DA:6,0
DA:9,0
DA:10,0
DA:11,0
DA:12,0
DA:13,0
DA:14,0
DA:16,0
DA:18,0
DA:19,0
DA:23,0
DA:24,0
DA:28,0
DA:29,0
DA:30,0
DA:31,0
DA:32,0
DA:34,0
DA:35,0
DA:38,0
DA:39,0
DA:41,0
DA:42,0
DA:44,0
LF:27
LH:0
BRDA:18,0,0,0
BRDA:23,1,0,0
BRDA:23,2,0,0
BRDA:23,2,1,0
BRDA:34,3,0,0
BRF:5
BRH:0
end_of_record
TN:
SF:app\stories\[storyId]\editor\client.tsx
FN:35,StoryEditorClient
FN:46,(anonymous_6)
FN:83,(anonymous_7)
FNF:3
FNH:0
FNDA:0,StoryEditorClient
FNDA:0,(anonymous_6)
FNDA:0,(anonymous_7)
DA:3,0
DA:4,0
DA:5,0
DA:6,0
DA:7,0
DA:35,0
DA:40,0
DA:41,0
DA:42,0
DA:43,0
DA:46,0
DA:47,0
DA:48,0
DA:50,0
DA:51,0
DA:59,0
DA:60,0
DA:61,0
DA:64,0
DA:65,0
DA:68,0
DA:69,0
DA:72,0
DA:74,0
DA:75,0
DA:76,0
DA:78,0
DA:83,0
DA:84,0
LF:29
LH:0
BRDA:59,0,0,0
BRDA:61,1,0,0
BRDA:61,1,1,0
BRDA:68,2,0,0
BRDA:75,3,0,0
BRDA:75,3,1,0
BRDA:101,4,0,0
BRDA:101,4,1,0
BRDA:106,5,0,0
BRDA:113,6,0,0
BRDA:123,7,0,0
BRF:11
BRH:0
end_of_record
TN:
SF:app\stories\[storyId]\editor\page.tsx
FN:45,StoryEditorPage
FNF:1
FNH:0
FNDA:0,StoryEditorPage
DA:1,0
DA:2,0
DA:3,0
DA:4,0
DA:5,0
DA:6,0
DA:7,0
DA:45,0
DA:47,0
DA:50,0
DA:51,0
DA:54,0
DA:57,0
DA:68,0
DA:70,0
DA:73,0
DA:77,0
DA:89,0
DA:94,0
DA:104,0
DA:121,0
LF:21
LH:0
BRDA:50,0,0,0
BRDA:50,1,0,0
BRDA:50,1,1,0
BRDA:57,2,0,0
BRDA:57,3,0,0
BRDA:57,3,1,0
BRDA:77,4,0,0
BRDA:94,5,0,0
BRDA:94,5,1,0
BRDA:104,6,0,0
BRDA:104,6,1,0
BRDA:128,7,0,0
BRDA:128,7,1,0
BRF:13
BRH:0
end_of_record
TN:
SF:app\stories\new\page.tsx
FN:8,NewStory
FN:43,(anonymous_3)
FN:48,(anonymous_4)
FN:56,(anonymous_5)
FN:63,(anonymous_6)
FN:64,(anonymous_7)
FN:64,(anonymous_8)
FN:65,(anonymous_9)
FN:74,(anonymous_10)
FNF:9
FNH:0
FNDA:0,NewStory
FNDA:0,(anonymous_3)
FNDA:0,(anonymous_4)
FNDA:0,(anonymous_5)
FNDA:0,(anonymous_6)
FNDA:0,(anonymous_7)
FNDA:0,(anonymous_8)
FNDA:0,(anonymous_9)
FNDA:0,(anonymous_10)
DA:3,0
DA:4,0
DA:5,0
DA:6,0
DA:8,0
DA:9,0
DA:10,0
DA:11,0
DA:12,0
DA:24,0
DA:27,0
DA:28,0
DA:29,0
DA:33,0
DA:43,0
DA:44,0
DA:46,0
DA:47,0
DA:48,0
DA:56,0
DA:63,0
DA:64,0
DA:65,0
DA:74,0
DA:75,0
DA:76,0
DA:77,0
DA:79,0
DA:80,0
DA:81,0
DA:82,0
DA:85,0
DA:86,0
DA:94,0
DA:95,0
DA:96,0
DA:99,0
DA:100,0
DA:102,0
DA:103,0
DA:105,0
LF:41
LH:0
BRDA:27,0,0,0
BRDA:33,1,0,0
BRDA:46,2,0,0
BRDA:46,2,1,0
BRDA:79,3,0,0
BRDA:94,4,0,0
BRDA:96,5,0,0
BRDA:96,5,1,0
BRDA:102,6,0,0
BRDA:102,6,1,0
BRDA:122,7,0,0
BRDA:282,8,0,0
BRDA:282,8,1,0
BRF:13
BRH:0
end_of_record
TN:
SF:components\TagInput.tsx
FN:20,TagInput
FN:29,(anonymous_5)
FN:33,(anonymous_6)
FN:58,(anonymous_7)
FN:59,(anonymous_8)
FN:65,(anonymous_9)
FN:74,(anonymous_10)
FNF:7
FNH:0
FNDA:0,TagInput
FNDA:0,(anonymous_5)
FNDA:0,(anonymous_6)
FNDA:0,(anonymous_7)
FNDA:0,(anonymous_8)
FNDA:0,(anonymous_9)
FNDA:0,(anonymous_10)
DA:3,0
DA:4,0
DA:5,0
DA:6,0
DA:20,0
DA:27,0
DA:29,0
DA:30,0
DA:33,0
DA:35,0
DA:36,0
DA:39,0
DA:42,0
DA:43,0
DA:47,0
DA:51,0
DA:52,0
DA:53,0
DA:54,0
DA:58,0
DA:59,0
DA:66,0
DA:74,0
LF:23
LH:0
BRDA:23,0,0,0
BRDA:24,1,0,0
BRDA:25,2,0,0
BRDA:35,3,0,0
BRDA:35,4,0,0
BRDA:35,4,1,0
BRDA:39,5,0,0
BRDA:42,6,0,0
BRDA:51,7,0,0
BRDA:51,8,0,0
BRDA:51,8,1,0
BRDA:51,8,2,0
BRDA:84,9,0,0
BRDA:90,10,0,0
BRDA:90,10,1,0
BRF:15
BRH:0
end_of_record
TN:
SF:components\ai\CharacterGenerator.tsx
FN:56,CharacterGenerator
FN:72,(anonymous_5)
FN:77,(anonymous_6)
FN:98,(anonymous_7)
FN:124,(anonymous_8)
FN:126,(anonymous_9)
FN:129,(anonymous_10)
FN:140,(anonymous_11)
FN:150,(anonymous_12)
FN:175,(anonymous_13)
FN:186,(anonymous_14)
FN:197,(anonymous_15)
FN:208,(anonymous_16)
FN:227,(anonymous_17)
FN:238,(anonymous_18)
FN:276,(anonymous_19)
FN:333,(anonymous_20)
FN:369,(anonymous_21)
FN:400,(anonymous_22)
FNF:19
FNH:0
FNDA:0,CharacterGenerator
FNDA:0,(anonymous_5)
FNDA:0,(anonymous_6)
FNDA:0,(anonymous_7)
FNDA:0,(anonymous_8)
FNDA:0,(anonymous_9)
FNDA:0,(anonymous_10)
FNDA:0,(anonymous_11)
FNDA:0,(anonymous_12)
FNDA:0,(anonymous_13)
FNDA:0,(anonymous_14)
FNDA:0,(anonymous_15)
FNDA:0,(anonymous_16)
FNDA:0,(anonymous_17)
FNDA:0,(anonymous_18)
FNDA:0,(anonymous_19)
FNDA:0,(anonymous_20)
FNDA:0,(anonymous_21)
FNDA:0,(anonymous_22)
DA:3,0
DA:4,0
DA:56,0
DA:64,0
DA:65,0
DA:66,0
DA:67,0
DA:68,0
DA:69,0
DA:72,0
DA:73,0
DA:74,0
DA:76,0
DA:77,0
DA:78,0
DA:80,0
DA:90,0
DA:98,0
DA:108,0
DA:109,0
DA:110,0
DA:113,0
DA:114,0
DA:116,0
DA:117,0
DA:119,0
DA:124,0
DA:126,0
DA:128,0
DA:129,0
DA:132,0
DA:140,0
DA:142,0
DA:150,0
DA:151,0
DA:152,0
DA:175,0
DA:186,0
DA:197,0
DA:208,0
DA:227,0
DA:238,0
DA:277,0
DA:334,0
DA:370,0
DA:400,0
LF:46
LH:0
BRDA:58,0,0,0
BRDA:59,1,0,0
BRDA:60,2,0,0
BRDA:61,3,0,0
BRDA:80,4,0,0
BRDA:80,4,1,0
BRDA:80,5,0,0
BRDA:80,5,1,0
BRDA:83,6,0,0
BRDA:83,6,1,0
BRDA:85,7,0,0
BRDA:85,7,1,0
BRDA:108,8,0,0
BRDA:110,9,0,0
BRDA:110,9,1,0
BRDA:117,10,0,0
BRDA:117,10,1,0
BRDA:126,11,0,0
BRDA:126,11,1,0
BRDA:133,12,0,0
BRDA:133,12,1,0
BRDA:177,13,0,0
BRDA:177,13,1,0
BRDA:188,14,0,0
BRDA:188,14,1,0
BRDA:199,15,0,0
BRDA:199,15,1,0
BRDA:210,16,0,0
BRDA:210,16,1,0
BRDA:230,17,0,0
BRDA:230,17,1,0
BRDA:235,18,0,0
BRDA:249,19,0,0
BRDA:249,19,1,0
BRDA:255,20,0,0
BRDA:255,20,1,0
BRDA:261,21,0,0
BRDA:261,21,1,0
BRDA:270,22,0,0
BRDA:280,23,0,0
BRDA:280,23,1,0
BRDA:282,24,0,0
BRDA:282,24,1,0
BRDA:284,25,0,0
BRDA:284,25,1,0
BRDA:304,26,0,0
BRDA:317,27,0,0
BRDA:327,28,0,0
BRDA:345,29,0,0
BRDA:345,29,1,0
BRDA:347,30,0,0
BRDA:347,30,1,0
BRDA:349,31,0,0
BRDA:349,31,1,0
BRDA:358,32,0,0
BRDA:365,33,0,0
BRDA:377,34,0,0
BRDA:386,35,0,0
BRF:58
BRH:0
end_of_record
TN:
SF:components\characters\CharacterCard.tsx
FN:21,CharacterCard
FN:38,(anonymous_3)
FN:41,(anonymous_4)
FN:48,(anonymous_5)
FN:59,(anonymous_6)
FN:130,(anonymous_7)
FN:150,(anonymous_8)
FNF:7
FNH:0
FNDA:0,CharacterCard
FNDA:0,(anonymous_3)
FNDA:0,(anonymous_4)
FNDA:0,(anonymous_5)
FNDA:0,(anonymous_6)
FNDA:0,(anonymous_7)
FNDA:0,(anonymous_8)
DA:3,0
DA:4,0
DA:21,0
DA:22,0
DA:24,0
DA:30,0
DA:38,0
DA:39,0
DA:41,0
DA:48,0
DA:49,0
DA:50,0
DA:51,0
DA:53,0
DA:54,0
DA:55,0
DA:56,0
DA:59,0
DA:60,0
DA:61,0
DA:62,0
DA:130,0
DA:150,0
LF:23
LH:0
BRDA:61,0,0,0
BRDA:81,1,0,0
BRDA:81,1,1,0
BRDA:90,2,0,0
BRDA:91,3,0,0
BRDA:91,3,1,0
BRDA:95,4,0,0
BRDA:96,5,0,0
BRDA:96,5,1,0
BRDA:102,6,0,0
BRDA:108,7,0,0
BRDA:128,8,0,0
BRDA:141,9,0,0
BRF:13
BRH:0
end_of_record
TN:
SF:components\characters\CharacterForm.tsx
FN:53,CharacterForm
FN:90,(anonymous_3)
FN:116,(anonymous_4)
FN:122,(anonymous_5)
FN:136,(anonymous_6)
FN:143,(anonymous_7)
FN:145,(anonymous_8)
FN:145,(anonymous_9)
FN:150,(anonymous_10)
FN:164,(anonymous_11)
FN:171,(anonymous_12)
FN:172,(anonymous_13)
FN:185,(anonymous_14)
FN:186,(anonymous_15)
FN:195,(anonymous_16)
FN:196,(anonymous_17)
FN:206,(anonymous_18)
FN:368,(anonymous_19)
FN:403,(anonymous_20)
FN:418,(anonymous_21)
FN:433,(anonymous_22)
FN:486,(anonymous_23)
FN:497,(anonymous_24)
FN:503,(anonymous_25)
FN:518,(anonymous_26)
FN:523,(anonymous_27)
FN:538,(anonymous_28)
FN:562,(anonymous_29)
FNF:28
FNH:0
FNDA:0,CharacterForm
FNDA:0,(anonymous_3)
FNDA:0,(anonymous_4)
FNDA:0,(anonymous_5)
FNDA:0,(anonymous_6)
FNDA:0,(anonymous_7)
FNDA:0,(anonymous_8)
FNDA:0,(anonymous_9)
FNDA:0,(anonymous_10)
FNDA:0,(anonymous_11)
FNDA:0,(anonymous_12)
FNDA:0,(anonymous_13)
FNDA:0,(anonymous_14)
FNDA:0,(anonymous_15)
FNDA:0,(anonymous_16)
FNDA:0,(anonymous_17)
FNDA:0,(anonymous_18)
FNDA:0,(anonymous_19)
FNDA:0,(anonymous_20)
FNDA:0,(anonymous_21)
FNDA:0,(anonymous_22)
FNDA:0,(anonymous_23)
FNDA:0,(anonymous_24)
FNDA:0,(anonymous_25)
FNDA:0,(anonymous_26)
FNDA:0,(anonymous_27)
FNDA:0,(anonymous_28)
FNDA:0,(anonymous_29)
DA:3,0
DA:4,0
DA:53,0
DA:60,0
DA:62,0
DA:90,0
DA:91,0
DA:92,0
DA:116,0
DA:117,0
DA:119,0
DA:121,0
DA:122,0
DA:124,0
DA:126,0
DA:136,0
DA:143,0
DA:144,0
DA:145,0
DA:147,0
DA:149,0
DA:150,0
DA:152,0
DA:154,0
DA:164,0
DA:171,0
DA:172,0
DA:173,0
DA:174,0
DA:178,0
DA:185,0
DA:186,0
DA:195,0
DA:196,0
DA:197,0
DA:198,0
DA:199,0
DA:206,0
DA:207,0
DA:208,0
DA:368,0
DA:403,0
DA:418,0
DA:433,0
DA:486,0
DA:498,0
DA:503,0
DA:518,0
DA:524,0
DA:538,0
DA:562,0
LF:51
LH:0
BRDA:56,0,0,0
BRDA:57,1,0,0
BRDA:91,2,0,0
BRDA:95,3,0,0
BRDA:95,3,1,0
BRDA:101,4,0,0
BRDA:101,4,1,0
BRDA:106,5,0,0
BRDA:106,5,1,0
BRDA:111,6,0,0
BRDA:111,6,1,0
BRDA:119,7,0,0
BRDA:119,7,1,0
BRDA:124,8,0,0
BRDA:124,8,1,0
BRDA:147,9,0,0
BRDA:147,9,1,0
BRDA:152,10,0,0
BRDA:152,10,1,0
BRDA:173,11,0,0
BRDA:173,11,1,0
BRDA:189,12,0,0
BRDA:189,12,1,0
BRDA:197,13,0,0
BRDA:197,13,1,0
BRDA:242,14,0,0
BRDA:242,14,1,0
BRDA:259,15,0,0
BRDA:259,15,1,0
BRDA:278,16,0,0
BRDA:278,16,1,0
BRDA:298,17,0,0
BRDA:298,17,1,0
BRDA:313,18,0,0
BRDA:313,18,1,0
BRDA:335,19,0,0
BRDA:335,19,1,0
BRDA:351,20,0,0
BRDA:351,20,1,0
BRDA:367,21,0,0
BRDA:367,21,1,0
BRDA:383,22,0,0
BRDA:383,22,1,0
BRDA:402,23,0,0
BRDA:402,23,1,0
BRDA:417,24,0,0
BRDA:417,24,1,0
BRDA:432,25,0,0
BRDA:432,25,1,0
BRDA:453,26,0,0
BRDA:453,26,1,0
BRDA:469,27,0,0
BRDA:469,27,1,0
BRDA:485,28,0,0
BRDA:485,28,1,0
BRDA:497,29,0,0
BRDA:497,29,1,0
BRDA:598,30,0,0
BRDA:598,30,1,0
BRDA:600,31,0,0
BRDA:600,31,1,0
BRF:61
BRH:0
end_of_record
TN:
SF:components\characters\CharacterRelationships.tsx
FN:41,CharacterRelationships
FN:67,(anonymous_5)
FN:85,(anonymous_6)
FN:96,(anonymous_7)
FN:105,(anonymous_8)
FN:108,(anonymous_9)
FN:116,(anonymous_10)
FN:130,(anonymous_11)
FN:132,(anonymous_12)
FN:138,(anonymous_13)
FN:156,(anonymous_14)
FN:161,(anonymous_15)
FN:169,(anonymous_16)
FN:170,(anonymous_17)
FN:176,(anonymous_18)
FN:179,(anonymous_19)
FN:181,(anonymous_20)
FN:192,ticked
FN:194,(anonymous_22)
FN:195,(anonymous_23)
FN:196,(anonymous_24)
FN:197,(anonymous_25)
FN:200,(anonymous_26)
FN:204,dragstarted
FN:210,dragged
FN:215,dragended
FN:222,(anonymous_30)
FNF:27
FNH:0
FNDA:0,CharacterRelationships
FNDA:0,(anonymous_5)
FNDA:0,(anonymous_6)
FNDA:0,(anonymous_7)
FNDA:0,(anonymous_8)
FNDA:0,(anonymous_9)
FNDA:0,(anonymous_10)
FNDA:0,(anonymous_11)
FNDA:0,(anonymous_12)
FNDA:0,(anonymous_13)
FNDA:0,(anonymous_14)
FNDA:0,(anonymous_15)
FNDA:0,(anonymous_16)
FNDA:0,(anonymous_17)
FNDA:0,(anonymous_18)
FNDA:0,(anonymous_19)
FNDA:0,(anonymous_20)
FNDA:0,ticked
FNDA:0,(anonymous_22)
FNDA:0,(anonymous_23)
FNDA:0,(anonymous_24)
FNDA:0,(anonymous_25)
FNDA:0,(anonymous_26)
FNDA:0,dragstarted
FNDA:0,dragged
FNDA:0,dragended
FNDA:0,(anonymous_30)
DA:3,0
DA:4,0
DA:41,0
DA:42,0
DA:43,0
DA:44,0
DA:45,0
DA:48,0
DA:56,0
DA:67,0
DA:68,0
DA:71,0
DA:74,0
DA:75,0
DA:76,0
DA:79,0
DA:85,0
DA:96,0
DA:104,0
DA:105,0
DA:108,0
DA:111,0
DA:114,0
DA:117,0
DA:120,0
DA:123,0
DA:130,0
DA:133,0
DA:136,0
DA:139,0
DA:142,0
DA:146,0
DA:157,0
DA:159,0
DA:162,0
DA:164,0
DA:168,0
DA:169,0
DA:170,0
DA:175,0
DA:176,0
DA:179,0
DA:181,0
DA:184,0
DA:187,0
DA:188,0
DA:193,0
DA:194,0
DA:195,0
DA:196,0
DA:197,0
DA:199,0
DA:200,0
DA:205,0
DA:206,0
DA:207,0
DA:211,0
DA:212,0
DA:216,0
DA:217,0
DA:218,0
DA:222,0
DA:223,0
LF:63
LH:0
BRDA:68,0,0,0
BRDA:68,1,0,0
BRDA:68,1,1,0
BRDA:74,2,0,0
BRDA:74,2,1,0
BRDA:89,3,0,0
BRDA:89,3,1,0
BRDA:90,4,0,0
BRDA:90,4,1,0
BRDA:90,5,0,0
BRDA:90,5,1,0
BRDA:99,6,0,0
BRDA:99,6,1,0
BRDA:108,7,0,0
BRDA:108,7,1,0
BRDA:130,8,0,0
BRDA:130,8,1,0
BRDA:169,9,0,0
BRDA:169,9,1,0
BRDA:170,10,0,0
BRDA:170,10,1,0
BRDA:176,11,0,0
BRDA:176,11,1,0
BRDA:179,12,0,0
BRDA:179,12,1,0
BRDA:179,13,0,0
BRDA:179,13,1,0
BRDA:187,14,0,0
BRDA:205,15,0,0
BRDA:216,16,0,0
BRDA:254,17,0,0
BRDA:254,17,1,0
BRDA:256,18,0,0
BRDA:259,19,0,0
BRDA:265,20,0,0
BRDA:268,21,0,0
BRDA:272,22,0,0
BRDA:272,22,1,0
BRDA:273,23,0,0
BRDA:273,23,1,0
BRF:40
BRH:0
end_of_record
TN:
SF:components\characters\CharactersGrid.tsx
FN:25,CharactersGrid
FN:32,(anonymous_3)
FN:36,(anonymous_4)
FN:40,(anonymous_5)
FN:44,(anonymous_6)
FN:48,(anonymous_7)
FN:53,(anonymous_8)
FN:63,(anonymous_9)
FN:199,(anonymous_10)
FNF:9
FNH:0
FNDA:0,CharactersGrid
FNDA:0,(anonymous_3)
FNDA:0,(anonymous_4)
FNDA:0,(anonymous_5)
FNDA:0,(anonymous_6)
FNDA:0,(anonymous_7)
FNDA:0,(anonymous_8)
FNDA:0,(anonymous_9)
FNDA:0,(anonymous_10)
DA:3,0
DA:4,0
DA:5,0
DA:25,0
DA:26,0
DA:27,0
DA:28,0
DA:29,0
DA:30,0
DA:32,0
DA:33,0
DA:36,0
DA:37,0
DA:40,0
DA:41,0
DA:44,0
DA:45,0
DA:48,0
DA:49,0
DA:52,0
DA:54,0
DA:64,0
DA:65,0
DA:68,0
DA:69,0
DA:70,0
DA:71,0
DA:75,0
DA:76,0
DA:77,0
DA:83,0
DA:200,0
LF:32
LH:0
BRDA:49,0,0,0
BRDA:49,0,1,0
BRDA:54,1,0,0
BRDA:54,1,1,0
BRDA:54,1,2,0
BRDA:54,1,3,0
BRDA:54,1,4,0
BRDA:54,1,5,0
BRDA:54,1,6,0
BRDA:54,1,7,0
BRDA:54,1,8,0
BRDA:54,1,9,0
BRDA:64,2,0,0
BRDA:64,2,1,0
BRDA:65,3,0,0
BRDA:65,3,1,0
BRDA:68,4,0,0
BRDA:68,4,1,0
BRDA:69,5,0,0
BRDA:69,5,1,0
BRDA:70,6,0,0
BRDA:70,6,1,0
BRDA:71,7,0,0
BRDA:71,7,1,0
BRDA:75,8,0,0
BRDA:75,8,1,0
BRDA:76,9,0,0
BRDA:76,9,1,0
BRDA:77,10,0,0
BRDA:77,10,1,0
BRDA:83,11,0,0
BRDA:175,12,0,0
BRDA:193,13,0,0
BRDA:193,13,1,0
BRF:34
BRH:0
end_of_record
TN:
SF:components\dashboard\MCPStatusCard.tsx
FN:18,MCPStatusCard
FN:44,(anonymous_3)
FN:45,(anonymous_4)
FN:74,(anonymous_5)
FN:87,(anonymous_6)
FN:100,(anonymous_7)
FN:101,(anonymous_8)
FN:133,(anonymous_9)
FNF:8
FNH:0
FNDA:0,MCPStatusCard
FNDA:0,(anonymous_3)
FNDA:0,(anonymous_4)
FNDA:0,(anonymous_5)
FNDA:0,(anonymous_6)
FNDA:0,(anonymous_7)
FNDA:0,(anonymous_8)
FNDA:0,(anonymous_9)
DA:9,0
DA:10,0
DA:18,0
DA:19,0
DA:42,0
DA:44,0
DA:45,0
DA:46,0
DA:47,0
DA:50,0
DA:74,0
DA:76,0
DA:78,0
DA:80,0
DA:84,0
DA:87,0
DA:88,0
DA:90,0
DA:92,0
DA:94,0
DA:96,0
DA:100,0
DA:101,0
DA:102,0
DA:103,0
DA:105,0
DA:134,0
LF:27
LH:0
BRDA:88,0,0,0
BRDA:88,0,1,0
BRDA:88,0,2,0
BRDA:88,0,3,0
BRDA:102,1,0,0
BRDA:122,2,0,0
BRDA:142,3,0,0
BRDA:142,3,1,0
BRDA:144,4,0,0
BRDA:144,4,1,0
BRF:10
BRH:0
end_of_record
TN:
SF:components\dashboard\StoriesGrid.tsx
FN:21,StoriesGrid
FN:26,(anonymous_3)
FN:30,(anonymous_4)
FN:34,(anonymous_5)
FN:39,(anonymous_6)
FN:40,(anonymous_7)
FN:132,(anonymous_8)
FNF:7
FNH:0
FNDA:0,StoriesGrid
FNDA:0,(anonymous_3)
FNDA:0,(anonymous_4)
FNDA:0,(anonymous_5)
FNDA:0,(anonymous_6)
FNDA:0,(anonymous_7)
FNDA:0,(anonymous_8)
DA:3,0
DA:4,0
DA:5,0
DA:21,0
DA:22,0
DA:23,0
DA:24,0
DA:26,0
DA:27,0
DA:30,0
DA:31,0
DA:34,0
DA:35,0
DA:38,0
DA:39,0
DA:41,0
DA:42,0
DA:46,0
DA:47,0
DA:48,0
DA:54,0
DA:133,0
LF:22
LH:0
BRDA:31,0,0,0
BRDA:31,0,1,0
BRDA:39,1,0,0
BRDA:39,1,1,0
BRDA:41,2,0,0
BRDA:41,2,1,0
BRDA:42,3,0,0
BRDA:42,3,1,0
BRDA:48,4,0,0
BRDA:48,4,1,0
BRDA:54,5,0,0
BRDA:94,6,0,0
BRDA:127,7,0,0
BRDA:127,7,1,0
BRF:14
BRH:0
end_of_record
TN:
SF:components\dashboard\StoryCard.tsx
FN:20,StoryCard
FN:24,(anonymous_3)
FNF:2
FNH:0
FNDA:0,StoryCard
FNDA:0,(anonymous_3)
DA:3,0
DA:4,0
DA:5,0
DA:6,0
DA:20,0
DA:21,0
DA:24,0
DA:25,0
DA:26,0
DA:27,0
DA:29,0
DA:30,0
DA:31,0
DA:32,0
DA:35,0
DA:39,0
LF:16
LH:0
BRDA:51,0,0,0
BRDA:66,1,0,0
BRDA:67,2,0,0
BRDA:67,2,1,0
BRDA:79,3,0,0
BRDA:79,3,1,0
BRF:6
BRH:0
end_of_record
TN:
SF:components\dashboard\StorySearch.tsx
FN:9,StorySearch
FN:12,(anonymous_2)
FN:23,(anonymous_3)
FNF:3
FNH:0
FNDA:0,StorySearch
FNDA:0,(anonymous_2)
FNDA:0,(anonymous_3)
DA:3,0
DA:9,0
DA:10,0
DA:12,0
DA:13,0
DA:14,0
DA:23,0
LF:7
LH:0
BRF:0
BRH:0
end_of_record
TN:
SF:components\editor\ContentEditor.tsx
FN:35,ContentEditor
FN:56,generateId
FN:61,(anonymous_7)
FN:64,(anonymous_8)
FN:72,(anonymous_9)
FN:87,(anonymous_10)
FN:88,(anonymous_11)
FN:90,(anonymous_12)
FN:108,(anonymous_13)
FN:109,(anonymous_14)
FN:109,(anonymous_15)
FN:116,(anonymous_16)
FN:117,(anonymous_17)
FN:117,(anonymous_18)
FN:124,(anonymous_19)
FN:125,(anonymous_20)
FN:138,(anonymous_21)
FN:139,(anonymous_22)
FN:152,(anonymous_23)
FN:153,(anonymous_24)
FN:161,(anonymous_25)
FN:169,(anonymous_26)
FN:171,(anonymous_27)
FN:194,(anonymous_28)
FN:233,(anonymous_29)
FN:250,(anonymous_30)
FN:267,(anonymous_31)
FN:284,(anonymous_32)
FN:300,(anonymous_33)
FN:323,(anonymous_34)
FN:326,(anonymous_35)
FN:336,(anonymous_36)
FN:351,(anonymous_37)
FN:360,(anonymous_38)
FN:387,(anonymous_39)
FN:395,(anonymous_40)
FN:411,(anonymous_41)
FN:422,(anonymous_42)
FN:444,(anonymous_43)
FN:451,(anonymous_44)
FN:458,(anonymous_45)
FN:465,(anonymous_46)
FN:485,(anonymous_47)
FN:495,(anonymous_48)
FN:517,(anonymous_49)
FNF:45
FNH:0
FNDA:0,ContentEditor
FNDA:0,generateId
FNDA:0,(anonymous_7)
FNDA:0,(anonymous_8)
FNDA:0,(anonymous_9)
FNDA:0,(anonymous_10)
FNDA:0,(anonymous_11)
FNDA:0,(anonymous_12)
FNDA:0,(anonymous_13)
FNDA:0,(anonymous_14)
FNDA:0,(anonymous_15)
FNDA:0,(anonymous_16)
FNDA:0,(anonymous_17)
FNDA:0,(anonymous_18)
FNDA:0,(anonymous_19)
FNDA:0,(anonymous_20)
FNDA:0,(anonymous_21)
FNDA:0,(anonymous_22)
FNDA:0,(anonymous_23)
FNDA:0,(anonymous_24)
FNDA:0,(anonymous_25)
FNDA:0,(anonymous_26)
FNDA:0,(anonymous_27)
FNDA:0,(anonymous_28)
FNDA:0,(anonymous_29)
FNDA:0,(anonymous_30)
FNDA:0,(anonymous_31)
FNDA:0,(anonymous_32)
FNDA:0,(anonymous_33)
FNDA:0,(anonymous_34)
FNDA:0,(anonymous_35)
FNDA:0,(anonymous_36)
FNDA:0,(anonymous_37)
FNDA:0,(anonymous_38)
FNDA:0,(anonymous_39)
FNDA:0,(anonymous_40)
FNDA:0,(anonymous_41)
FNDA:0,(anonymous_42)
FNDA:0,(anonymous_43)
FNDA:0,(anonymous_44)
FNDA:0,(anonymous_45)
FNDA:0,(anonymous_46)
FNDA:0,(anonymous_47)
FNDA:0,(anonymous_48)
FNDA:0,(anonymous_49)
DA:3,0
DA:4,0
DA:5,0
DA:35,0
DA:42,0
DA:43,0
DA:44,0
DA:47,0
DA:50,0
DA:51,0
DA:52,0
DA:53,0
DA:57,0
DA:61,0
DA:64,0
DA:65,0
DA:66,0
DA:67,0
DA:72,0
DA:73,0
DA:80,0
DA:81,0
DA:82,0
DA:83,0
DA:87,0
DA:88,0
DA:90,0
DA:91,0
DA:94,0
DA:95,0
DA:97,0
DA:98,0
DA:100,0
DA:104,0
DA:108,0
DA:109,0
DA:110,0
DA:112,0
DA:116,0
DA:117,0
DA:118,0
DA:120,0
DA:124,0
DA:125,0
DA:126,0
DA:128,0
DA:129,0
DA:130,0
DA:131,0
DA:133,0
DA:134,0
DA:138,0
DA:139,0
DA:140,0
DA:142,0
DA:143,0
DA:144,0
DA:145,0
DA:147,0
DA:148,0
DA:152,0
DA:153,0
DA:157,0
DA:161,0
DA:162,0
DA:163,0
DA:164,0
DA:169,0
DA:170,0
DA:171,0
DA:194,0
DA:233,0
DA:250,0
DA:267,0
DA:284,0
DA:300,0
DA:323,0
DA:327,0
DA:328,0
DA:329,0
DA:330,0
DA:337,0
DA:338,0
DA:339,0
DA:352,0
DA:360,0
DA:388,0
DA:395,0
DA:412,0
DA:413,0
DA:423,0
DA:424,0
DA:444,0
DA:451,0
DA:458,0
DA:465,0
DA:485,0
DA:495,0
DA:517,0
LF:99
LH:0
BRDA:37,0,0,0
BRDA:38,1,0,0
BRDA:40,2,0,0
BRDA:45,3,0,0
BRDA:45,3,1,0
BRDA:61,4,0,0
BRDA:61,4,1,0
BRDA:65,5,0,0
BRDA:94,6,0,0
BRDA:95,7,0,0
BRDA:95,7,1,0
BRDA:110,8,0,0
BRDA:110,8,1,0
BRDA:118,9,0,0
BRDA:118,9,1,0
BRDA:126,10,0,0
BRDA:140,11,0,0
BRDA:140,12,0,0
BRDA:140,12,1,0
BRDA:162,13,0,0
BRDA:162,13,1,0
BRDA:163,14,0,0
BRDA:170,15,0,0
BRDA:170,15,1,0
BRDA:184,16,0,0
BRDA:184,16,1,0
BRDA:198,17,0,0
BRDA:198,17,1,0
BRDA:204,18,0,0
BRDA:204,18,1,0
BRDA:206,19,0,0
BRDA:206,19,1,0
BRDA:206,20,0,0
BRDA:206,20,1,0
BRDA:218,21,0,0
BRDA:232,22,0,0
BRDA:232,22,1,0
BRDA:249,23,0,0
BRDA:249,23,1,0
BRDA:266,24,0,0
BRDA:266,24,1,0
BRDA:283,25,0,0
BRDA:283,25,1,0
BRDA:299,26,0,0
BRDA:299,26,1,0
BRDA:318,27,0,0
BRDA:327,28,0,0
BRDA:327,29,0,0
BRDA:327,29,1,0
BRDA:337,30,0,0
BRDA:351,31,0,0
BRDA:350,32,0,0
BRDA:350,32,1,0
BRDA:357,33,0,0
BRDA:391,34,0,0
BRDA:391,34,1,0
BRDA:399,35,0,0
BRDA:399,35,1,0
BRDA:400,36,0,0
BRDA:400,36,1,0
BRDA:401,37,0,0
BRDA:401,37,1,0
BRDA:407,38,0,0
BRDA:407,38,1,0
BRDA:416,39,0,0
BRDA:416,39,1,0
BRDA:427,40,0,0
BRDA:427,40,1,0
BRDA:439,41,0,0
BRDA:478,42,0,0
BRDA:492,43,0,0
BRDA:492,43,1,0
BRDA:507,44,0,0
BRDA:507,44,1,0
BRDA:508,45,0,0
BRDA:508,45,1,0
BRDA:509,46,0,0
BRDA:509,46,1,0
BRDA:510,47,0,0
BRDA:510,47,1,0
BRF:80
BRH:0
end_of_record
TN:
SF:components\editor\MarkdownEditor.tsx
FN:22,MarkdownEditor
FN:43,(anonymous_6)
FN:44,(anonymous_7)
FN:64,(anonymous_8)
FN:65,(anonymous_9)
FN:76,(anonymous_10)
FN:80,(anonymous_11)
FN:90,(anonymous_12)
FN:100,(anonymous_13)
FN:101,handleKeyDown
FN:115,(anonymous_15)
FN:119,(anonymous_16)
FN:125,(anonymous_17)
FN:152,(anonymous_18)
FN:160,(anonymous_19)
FN:161,(anonymous_20)
FN:162,(anonymous_21)
FN:163,(anonymous_22)
FN:164,(anonymous_23)
FN:165,(anonymous_24)
FN:166,(anonymous_25)
FN:167,(anonymous_26)
FN:168,(anonymous_27)
FN:169,(anonymous_28)
FN:172,(anonymous_29)
FNF:25
FNH:0
FNDA:0,MarkdownEditor
FNDA:0,(anonymous_6)
FNDA:0,(anonymous_7)
FNDA:0,(anonymous_8)
FNDA:0,(anonymous_9)
FNDA:0,(anonymous_10)
FNDA:0,(anonymous_11)
FNDA:0,(anonymous_12)
FNDA:0,(anonymous_13)
FNDA:0,handleKeyDown
FNDA:0,(anonymous_15)
FNDA:0,(anonymous_16)
FNDA:0,(anonymous_17)
FNDA:0,(anonymous_18)
FNDA:0,(anonymous_19)
FNDA:0,(anonymous_20)
FNDA:0,(anonymous_21)
FNDA:0,(anonymous_22)
FNDA:0,(anonymous_23)
FNDA:0,(anonymous_24)
FNDA:0,(anonymous_25)
FNDA:0,(anonymous_26)
FNDA:0,(anonymous_27)
FNDA:0,(anonymous_28)
FNDA:0,(anonymous_29)
DA:3,0
DA:4,0
DA:5,0
DA:6,0
DA:7,0
DA:8,0
DA:9,0
DA:22,0
DA:32,0
DA:33,0
DA:34,0
DA:35,0
DA:36,0
DA:37,0
DA:38,0
DA:39,0
DA:40,0
DA:43,0
DA:44,0
DA:45,0
DA:52,0
DA:55,0
DA:58,0
DA:59,0
DA:64,0
DA:65,0
DA:66,0
DA:68,0
DA:69,0
DA:70,0
DA:71,0
DA:72,0
DA:76,0
DA:80,0
DA:81,0
DA:82,0
DA:83,0
DA:84,0
DA:85,0
DA:90,0
DA:91,0
DA:92,0
DA:93,0
DA:94,0
DA:95,0
DA:96,0
DA:100,0
DA:103,0
DA:104,0
DA:105,0
DA:106,0
DA:107,0
DA:108,0
DA:109,0
DA:114,0
DA:115,0
DA:119,0
DA:120,0
DA:121,0
DA:125,0
DA:126,0
DA:127,0
DA:128,0
DA:129,0
DA:130,0
DA:132,0
DA:133,0
DA:135,0
DA:137,0
DA:140,0
DA:143,0
DA:146,0
DA:149,0
DA:152,0
DA:153,0
DA:154,0
DA:160,0
DA:161,0
DA:162,0
DA:163,0
DA:164,0
DA:165,0
DA:166,0
DA:167,0
DA:168,0
DA:169,0
DA:172,0
DA:173,0
LF:88
LH:0
BRDA:23,0,0,0
BRDA:26,1,0,0
BRDA:27,2,0,0
BRDA:28,3,0,0
BRDA:29,4,0,0
BRDA:30,5,0,0
BRDA:58,6,0,0
BRDA:66,7,0,0
BRDA:81,8,0,0
BRDA:91,9,0,0
BRDA:103,10,0,0
BRDA:103,11,0,0
BRDA:103,11,1,0
BRDA:103,11,2,0
BRDA:103,11,3,0
BRDA:104,12,0,0
BRDA:104,12,1,0
BRDA:107,13,0,0
BRDA:107,14,0,0
BRDA:107,14,1,0
BRDA:107,14,2,0
BRDA:125,15,0,0
BRDA:125,16,0,0
BRDA:126,17,0,0
BRDA:135,18,0,0
BRDA:135,18,1,0
BRDA:135,19,0,0
BRDA:135,19,1,0
BRDA:277,20,0,0
BRDA:277,20,1,0
BRDA:278,21,0,0
BRDA:278,21,1,0
BRDA:286,22,0,0
BRDA:286,22,1,0
BRDA:287,23,0,0
BRDA:287,23,1,0
BRDA:297,24,0,0
BRDA:297,24,1,0
BRDA:300,25,0,0
BRDA:316,26,0,0
BRDA:316,26,1,0
BRDA:339,27,0,0
BRDA:339,27,1,0
BRF:43
BRH:0
end_of_record
TN:
SF:components\editor\SchemaIntegration.tsx
FN:76,SchemaIntegration
FN:93,(anonymous_5)
FN:94,(anonymous_6)
FN:145,(anonymous_7)
FN:153,(anonymous_8)
FN:154,(anonymous_9)
FN:162,(anonymous_10)
FN:203,(anonymous_11)
FN:229,(anonymous_12)
FN:230,(anonymous_13)
FN:266,(anonymous_14)
FN:291,(anonymous_15)
FN:292,(anonymous_16)
FN:318,(anonymous_17)
FN:330,(anonymous_18)
FN:331,(anonymous_19)
FN:353,(anonymous_20)
FN:360,(anonymous_21)
FN:361,(anonymous_22)
FN:398,(anonymous_23)
FN:418,(anonymous_24)
FN:459,(anonymous_25)
FN:460,(anonymous_26)
FN:468,(anonymous_27)
FN:479,(anonymous_28)
FN:487,(anonymous_29)
FN:501,(anonymous_30)
FN:519,(anonymous_31)
FN:534,(anonymous_32)
FN:559,(anonymous_33)
FN:599,(anonymous_34)
FN:609,(anonymous_35)
FN:616,(anonymous_36)
FN:640,(anonymous_37)
FN:649,(anonymous_38)
FN:670,(anonymous_39)
FN:679,(anonymous_40)
FN:688,(anonymous_41)
FNF:38
FNH:0
FNDA:0,SchemaIntegration
FNDA:0,(anonymous_5)
FNDA:0,(anonymous_6)
FNDA:0,(anonymous_7)
FNDA:0,(anonymous_8)
FNDA:0,(anonymous_9)
FNDA:0,(anonymous_10)
FNDA:0,(anonymous_11)
FNDA:0,(anonymous_12)
FNDA:0,(anonymous_13)
FNDA:0,(anonymous_14)
FNDA:0,(anonymous_15)
FNDA:0,(anonymous_16)
FNDA:0,(anonymous_17)
FNDA:0,(anonymous_18)
FNDA:0,(anonymous_19)
FNDA:0,(anonymous_20)
FNDA:0,(anonymous_21)
FNDA:0,(anonymous_22)
FNDA:0,(anonymous_23)
FNDA:0,(anonymous_24)
FNDA:0,(anonymous_25)
FNDA:0,(anonymous_26)
FNDA:0,(anonymous_27)
FNDA:0,(anonymous_28)
FNDA:0,(anonymous_29)
FNDA:0,(anonymous_30)
FNDA:0,(anonymous_31)
FNDA:0,(anonymous_32)
FNDA:0,(anonymous_33)
FNDA:0,(anonymous_34)
FNDA:0,(anonymous_35)
FNDA:0,(anonymous_36)
FNDA:0,(anonymous_37)
FNDA:0,(anonymous_38)
FNDA:0,(anonymous_39)
FNDA:0,(anonymous_40)
FNDA:0,(anonymous_41)
DA:3,0
DA:5,0
DA:7,0
DA:9,0
DA:11,0
DA:13,0
DA:15,0
DA:19,0
DA:20,0
DA:30,0
DA:38,0
DA:76,0
DA:82,0
DA:83,0
DA:84,0
DA:85,0
DA:86,0
DA:87,0
DA:88,0
DA:89,0
DA:90,0
DA:93,0
DA:94,0
DA:95,0
DA:96,0
DA:97,0
DA:98,0
DA:99,0
DA:102,0
DA:103,0
DA:104,0
DA:106,0
DA:107,0
DA:110,0
DA:111,0
DA:114,0
DA:115,0
DA:117,0
DA:118,0
DA:119,0
DA:120,0
DA:123,0
DA:126,0
DA:128,0
DA:131,0
DA:132,0
DA:138,0
DA:142,0
DA:145,0
DA:147,0
DA:148,0
DA:153,0
DA:154,0
DA:155,0
DA:156,0
DA:157,0
DA:162,0
DA:163,0
DA:165,0
DA:166,0
DA:167,0
DA:175,0
DA:176,0
DA:179,0
DA:184,0
DA:185,0
DA:191,0
DA:196,0
DA:203,0
DA:204,0
DA:207,0
DA:208,0
DA:213,0
DA:216,0
DA:223,0
DA:229,0
DA:230,0
DA:231,0
DA:236,0
DA:239,0
DA:242,0
DA:250,0
DA:252,0
DA:259,0
DA:266,0
DA:267,0
DA:270,0
DA:271,0
DA:276,0
DA:279,0
DA:285,0
DA:288,0
DA:291,0
DA:292,0
DA:293,0
DA:298,0
DA:301,0
DA:309,0
DA:311,0
DA:318,0
DA:319,0
DA:321,0
DA:322,0
DA:324,0
DA:330,0
DA:331,0
DA:332,0
DA:337,0
DA:340,0
DA:341,0
DA:342,0
DA:343,0
DA:346,0
DA:353,0
DA:354,0
DA:356,0
DA:357,0
DA:360,0
DA:361,0
DA:362,0
DA:367,0
DA:369,0
DA:375,0
DA:398,0
DA:419,0
DA:460,0
DA:461,0
DA:462,0
DA:469,0
DA:479,0
DA:488,0
DA:501,0
DA:520,0
DA:521,0
DA:535,0
DA:559,0
DA:599,0
DA:609,0
DA:616,0
DA:640,0
DA:649,0
DA:670,0
DA:680,0
DA:688,0
LF:144
LH:0
BRDA:80,0,0,0
BRDA:95,1,0,0
BRDA:106,2,0,0
BRDA:111,3,0,0
BRDA:111,3,1,0
BRDA:114,4,0,0
BRDA:114,4,1,0
BRDA:117,5,0,0
BRDA:119,6,0,0
BRDA:119,6,1,0
BRDA:123,7,0,0
BRDA:123,7,1,0
BRDA:126,8,0,0
BRDA:126,9,0,0
BRDA:126,9,1,0
BRDA:147,10,0,0
BRDA:147,11,0,0
BRDA:147,11,1,0
BRDA:155,12,0,0
BRDA:163,13,0,0
BRDA:163,14,0,0
BRDA:163,14,1,0
BRDA:175,15,0,0
BRDA:204,16,0,0
BRDA:207,17,0,0
BRDA:231,18,0,0
BRDA:231,18,1,0
BRDA:267,19,0,0
BRDA:267,20,0,0
BRDA:267,20,1,0
BRDA:267,20,2,0
BRDA:270,21,0,0
BRDA:293,22,0,0
BRDA:293,22,1,0
BRDA:319,23,0,0
BRDA:332,24,0,0
BRDA:332,24,1,0
BRDA:340,25,0,0
BRDA:340,25,1,0
BRDA:342,26,0,0
BRDA:354,27,0,0
BRDA:362,28,0,0
BRDA:362,28,1,0
BRDA:375,29,0,0
BRDA:395,30,0,0
BRDA:397,31,0,0
BRDA:427,32,0,0
BRDA:435,33,0,0
BRDA:435,33,1,0
BRDA:440,34,0,0
BRDA:440,34,1,0
BRDA:455,35,0,0
BRDA:458,36,0,0
BRDA:458,36,1,0
BRDA:461,37,0,0
BRDA:475,38,0,0
BRDA:497,39,0,0
BRDA:515,40,0,0
BRDA:531,41,0,0
BRDA:541,42,0,0
BRDA:550,43,0,0
BRDA:555,44,0,0
BRDA:669,45,0,0
BRDA:669,45,1,0
BRF:64
BRH:0
end_of_record
TN:
SF:components\editor\StoryEditor.tsx
FN:64,StoryEditor
FN:82,(anonymous_6)
FN:87,(anonymous_7)
FN:98,(anonymous_8)
FN:108,(anonymous_9)
FN:141,(anonymous_10)
FN:156,(anonymous_11)
FN:175,(anonymous_12)
FN:179,(anonymous_13)
FN:193,(anonymous_14)
FN:198,(anonymous_15)
FN:200,(anonymous_16)
FN:202,(anonymous_17)
FNF:13
FNH:0
FNDA:0,StoryEditor
FNDA:0,(anonymous_6)
FNDA:0,(anonymous_7)
FNDA:0,(anonymous_8)
FNDA:0,(anonymous_9)
FNDA:0,(anonymous_10)
FNDA:0,(anonymous_11)
FNDA:0,(anonymous_12)
FNDA:0,(anonymous_13)
FNDA:0,(anonymous_14)
FNDA:0,(anonymous_15)
FNDA:0,(anonymous_16)
FNDA:0,(anonymous_17)
DA:3,0
DA:4,0
DA:5,0
DA:6,0
DA:64,0
DA:72,0
DA:73,0
DA:74,0
DA:75,0
DA:76,0
DA:77,0
DA:78,0
DA:79,0
DA:82,0
DA:83,0
DA:87,0
DA:88,0
DA:89,0
DA:90,0
DA:91,0
DA:93,0
DA:98,0
DA:99,0
DA:100,0
DA:101,0
DA:108,0
DA:109,0
DA:111,0
DA:113,0
DA:115,0
DA:116,0
DA:119,0
DA:121,0
DA:123,0
DA:124,0
DA:126,0
DA:127,0
DA:129,0
DA:130,0
DA:133,0
DA:134,0
DA:135,0
DA:141,0
DA:142,0
DA:143,0
DA:145,0
DA:146,0
DA:147,0
DA:150,0
DA:151,0
DA:153,0
DA:156,0
DA:157,0
DA:160,0
DA:161,0
DA:166,0
DA:167,0
DA:170,0
DA:175,0
DA:177,0
DA:180,0
DA:181,0
DA:182,0
DA:183,0
DA:185,0
DA:191,0
DA:195,0
DA:197,0
DA:198,0
DA:199,0
DA:200,0
DA:201,0
DA:202,0
DA:205,0
DA:206,0
DA:209,0
DA:210,0
DA:213,0
DA:215,0
DA:216,0
DA:219,0
DA:220,0
DA:223,0
DA:228,0
LF:84
LH:0
BRDA:66,0,0,0
BRDA:67,1,0,0
BRDA:70,2,0,0
BRDA:88,3,0,0
BRDA:88,3,1,0
BRDA:90,4,0,0
BRDA:90,4,1,0
BRDA:99,5,0,0
BRDA:115,6,0,0
BRDA:121,7,0,0
BRDA:121,7,1,0
BRDA:121,7,2,0
BRDA:133,8,0,0
BRDA:133,8,1,0
BRDA:134,9,0,0
BRDA:146,10,0,0
BRDA:163,11,0,0
BRDA:163,11,1,0
BRDA:166,12,0,0
BRDA:167,13,0,0
BRDA:167,13,1,0
BRDA:180,14,0,0
BRDA:180,14,1,0
BRDA:182,15,0,0
BRDA:182,15,1,0
BRDA:197,16,0,0
BRDA:197,16,1,0
BRDA:199,17,0,0
BRDA:199,17,1,0
BRDA:201,18,0,0
BRDA:205,19,0,0
BRDA:209,20,0,0
BRDA:209,20,1,0
BRDA:210,21,0,0
BRDA:210,21,1,0
BRDA:213,22,0,0
BRDA:213,22,1,0
BRDA:215,23,0,0
BRDA:215,24,0,0
BRDA:215,24,1,0
BRDA:219,25,0,0
BRDA:219,26,0,0
BRDA:219,26,1,0
BRDA:234,27,0,0
BRDA:237,28,0,0
BRDA:237,28,1,0
BRDA:238,29,0,0
BRDA:238,29,1,0
BRDA:242,30,0,0
BRDA:243,31,0,0
BRDA:257,32,0,0
BRDA:257,32,1,0
BRDA:262,33,0,0
BRF:53
BRH:0
end_of_record
TN:
SF:components\locations\LocationCard.tsx
FN:35,LocationCard
FN:68,(anonymous_3)
FNF:2
FNH:0
FNDA:0,LocationCard
FNDA:0,(anonymous_3)
DA:3,0
DA:4,0
DA:5,0
DA:35,0
DA:36,0
DA:39,0
DA:40,0
DA:41,0
DA:42,0
DA:69,0
LF:10
LH:0
BRDA:36,0,0,0
BRDA:36,0,1,0
BRDA:54,1,0,0
BRDA:54,1,1,0
BRDA:54,1,2,0
BRDA:57,2,0,0
BRDA:56,3,0,0
BRDA:56,3,1,0
BRDA:64,4,0,0
BRDA:64,4,1,0
BRDA:73,5,0,0
BRDA:84,6,0,0
BRDA:89,7,0,0
BRDA:94,8,0,0
BRDA:102,9,0,0
BRF:15
BRH:0
end_of_record
TN:
SF:components\locations\LocationDetail.tsx
FN:85,LocationDetail
FN:189,(anonymous_3)
FN:267,(anonymous_4)
FN:278,(anonymous_5)
FN:289,(anonymous_6)
FN:310,(anonymous_7)
FN:342,(anonymous_8)
FN:374,(anonymous_9)
FN:396,(anonymous_10)
FN:424,(anonymous_11)
FNF:10
FNH:0
FNDA:0,LocationDetail
FNDA:0,(anonymous_3)
FNDA:0,(anonymous_4)
FNDA:0,(anonymous_5)
FNDA:0,(anonymous_6)
FNDA:0,(anonymous_7)
FNDA:0,(anonymous_8)
FNDA:0,(anonymous_9)
FNDA:0,(anonymous_10)
FNDA:0,(anonymous_11)
DA:3,0
DA:4,0
DA:5,0
DA:6,0
DA:85,0
DA:86,0
DA:190,0
DA:268,0
DA:279,0
DA:290,0
DA:311,0
DA:343,0
DA:375,0
DA:397,0
DA:425,0
LF:15
LH:0
BRDA:86,0,0,0
BRDA:86,0,1,0
BRDA:94,1,0,0
BRDA:132,2,0,0
BRDA:145,3,0,0
BRDA:164,4,0,0
BRDA:182,5,0,0
BRDA:182,5,1,0
BRDA:201,6,0,0
BRDA:211,7,0,0
BRDA:221,8,0,0
BRDA:229,9,0,0
BRDA:236,10,0,0
BRDA:252,11,0,0
BRDA:256,12,0,0
BRDA:263,13,0,0
BRDA:263,13,1,0
BRDA:274,14,0,0
BRDA:274,14,1,0
BRDA:285,15,0,0
BRDA:285,15,1,0
BRDA:299,16,0,0
BRDA:306,17,0,0
BRDA:306,17,1,0
BRDA:314,18,0,0
BRDA:316,19,0,0
BRDA:316,19,1,0
BRDA:317,20,0,0
BRDA:317,20,1,0
BRDA:318,21,0,0
BRDA:318,21,1,0
BRDA:319,22,0,0
BRDA:319,22,1,0
BRDA:326,23,0,0
BRDA:335,24,0,0
BRDA:335,24,1,0
BRDA:345,25,0,0
BRDA:351,26,0,0
BRDA:366,27,0,0
BRDA:366,27,1,0
BRDA:378,28,0,0
BRDA:391,29,0,0
BRDA:391,29,1,0
BRDA:399,30,0,0
BRDA:405,31,0,0
BRDA:418,32,0,0
BRDA:418,32,1,0
BRF:47
BRH:0
end_of_record
TN:
SF:components\locations\LocationForm.tsx
FN:114,LocationForm
FN:148,(anonymous_6)
FN:149,(anonymous_7)
FN:206,(anonymous_8)
FN:263,(anonymous_9)
FN:274,(anonymous_10)
FN:324,(anonymous_11)
FN:404,(anonymous_15)
FN:427,(anonymous_17)
FN:453,(anonymous_19)
FN:477,(anonymous_21)
FN:497,(anonymous_22)
FN:510,(anonymous_23)
FN:552,(anonymous_24)
FN:569,(anonymous_25)
FNF:15
FNH:0
FNDA:0,LocationForm
FNDA:0,(anonymous_6)
FNDA:0,(anonymous_7)
FNDA:0,(anonymous_8)
FNDA:0,(anonymous_9)
FNDA:0,(anonymous_10)
FNDA:0,(anonymous_11)
FNDA:0,(anonymous_15)
FNDA:0,(anonymous_17)
FNDA:0,(anonymous_19)
FNDA:0,(anonymous_21)
FNDA:0,(anonymous_22)
FNDA:0,(anonymous_23)
FNDA:0,(anonymous_24)
FNDA:0,(anonymous_25)
DA:3,0
DA:4,0
DA:6,0
DA:14,0
DA:15,0
DA:16,0
DA:20,0
DA:21,0
DA:22,0
DA:39,0
DA:40,0
DA:41,0
DA:42,0
DA:44,0
DA:45,0
DA:54,0
DA:101,0
DA:114,0
DA:121,0
DA:122,0
DA:123,0
DA:124,0
DA:125,0
DA:126,0
DA:127,0
DA:128,0
DA:129,0
DA:130,0
DA:133,0
DA:148,0
DA:149,0
DA:150,0
DA:151,0
DA:152,0
DA:155,0
DA:156,0
DA:158,0
DA:159,0
DA:162,0
DA:165,0
DA:176,0
DA:177,0
DA:183,0
DA:188,0
DA:189,0
DA:199,0
DA:200,0
DA:201,0
DA:206,0
DA:207,0
DA:208,0
DA:210,0
DA:220,0
DA:224,0
DA:226,0
DA:234,0
DA:235,0
DA:238,0
DA:240,0
DA:245,0
DA:246,0
DA:249,0
DA:252,0
DA:253,0
DA:259,0
DA:263,0
DA:264,0
DA:265,0
DA:267,0
DA:268,0
DA:271,0
DA:274,0
DA:275,0
DA:277,0
DA:278,0
DA:280,0
DA:284,0
DA:285,0
DA:288,0
DA:294,0
DA:296,0
DA:297,0
DA:303,0
DA:304,0
DA:308,0
DA:324,0
DA:404,0
DA:428,0
DA:429,0
DA:454,0
DA:455,0
DA:477,0
DA:497,0
DA:510,0
DA:552,0
DA:569,0
LF:96
LH:0
BRDA:125,0,0,0
BRDA:125,0,1,0
BRDA:150,1,0,0
BRDA:158,2,0,0
BRDA:166,3,0,0
BRDA:166,3,1,0
BRDA:167,4,0,0
BRDA:167,4,1,0
BRDA:168,5,0,0
BRDA:168,5,1,0
BRDA:173,6,0,0
BRDA:173,6,1,0
BRDA:188,7,0,0
BRDA:188,7,1,0
BRDA:190,8,0,0
BRDA:190,8,1,0
BRDA:191,9,0,0
BRDA:191,9,1,0
BRDA:192,10,0,0
BRDA:192,10,1,0
BRDA:197,11,0,0
BRDA:197,11,1,0
BRDA:200,12,0,0
BRDA:212,13,0,0
BRDA:212,13,1,0
BRDA:215,14,0,0
BRDA:215,14,1,0
BRDA:220,15,0,0
BRDA:220,15,1,0
BRDA:224,16,0,0
BRDA:224,16,1,0
BRDA:234,17,0,0
BRDA:242,18,0,0
BRDA:242,18,1,0
BRDA:245,19,0,0
BRDA:245,19,1,0
BRDA:249,20,0,0
BRDA:249,20,1,0
BRDA:267,21,0,0
BRDA:275,22,0,0
BRDA:284,23,0,0
BRDA:308,24,0,0
BRDA:332,25,0,0
BRDA:332,25,1,0
BRDA:335,26,0,0
BRDA:335,26,1,0
BRDA:428,27,0,0
BRDA:428,27,1,0
BRDA:431,28,0,0
BRDA:431,28,1,0
BRDA:454,29,0,0
BRDA:454,29,1,0
BRDA:457,30,0,0
BRDA:457,30,1,0
BRDA:476,31,0,0
BRDA:476,31,1,0
BRDA:493,32,0,0
BRDA:518,33,0,0
BRDA:580,34,0,0
BRDA:580,34,1,0
BRF:60
BRH:0
end_of_record
TN:
SF:components\locations\LocationRelationships.tsx
FN:57,LocationRelationships
FN:70,(anonymous_5)
FN:76,(anonymous_6)
FN:82,(anonymous_7)
FN:88,(anonymous_8)
FN:97,(anonymous_9)
FN:103,(anonymous_10)
FN:112,(anonymous_11)
FN:116,(anonymous_12)
FN:151,(anonymous_13)
FN:157,(anonymous_14)
FN:158,(anonymous_15)
FN:186,(anonymous_16)
FN:218,(anonymous_17)
FN:226,(anonymous_18)
FN:279,(anonymous_19)
FN:289,(anonymous_20)
FN:378,(anonymous_21)
FN:381,(anonymous_22)
FN:384,(anonymous_23)
FN:413,(anonymous_24)
FNF:21
FNH:0
FNDA:0,LocationRelationships
FNDA:0,(anonymous_5)
FNDA:0,(anonymous_6)
FNDA:0,(anonymous_7)
FNDA:0,(anonymous_8)
FNDA:0,(anonymous_9)
FNDA:0,(anonymous_10)
FNDA:0,(anonymous_11)
FNDA:0,(anonymous_12)
FNDA:0,(anonymous_13)
FNDA:0,(anonymous_14)
FNDA:0,(anonymous_15)
FNDA:0,(anonymous_16)
FNDA:0,(anonymous_17)
FNDA:0,(anonymous_18)
FNDA:0,(anonymous_19)
FNDA:0,(anonymous_20)
FNDA:0,(anonymous_21)
FNDA:0,(anonymous_22)
FNDA:0,(anonymous_23)
FNDA:0,(anonymous_24)
DA:3,0
DA:4,0
DA:57,0
DA:65,0
DA:66,0
DA:69,0
DA:70,0
DA:76,0
DA:82,0
DA:88,0
DA:97,0
DA:98,0
DA:102,0
DA:103,0
DA:104,0
DA:105,0
DA:106,0
DA:107,0
DA:112,0
DA:113,0
DA:116,0
DA:117,0
DA:119,0
DA:120,0
DA:121,0
DA:124,0
DA:125,0
DA:129,0
DA:130,0
DA:131,0
DA:132,0
DA:133,0
DA:134,0
DA:135,0
DA:136,0
DA:137,0
DA:138,0
DA:143,0
DA:144,0
DA:145,0
DA:148,0
DA:151,0
DA:152,0
DA:153,0
DA:157,0
DA:158,0
DA:159,0
DA:160,0
DA:161,0
DA:162,0
DA:166,0
DA:167,0
DA:170,0
DA:171,0
DA:172,0
DA:173,0
DA:174,0
DA:175,0
DA:176,0
DA:177,0
DA:179,0
DA:180,0
DA:181,0
DA:182,0
DA:183,0
DA:186,0
DA:187,0
DA:188,0
DA:190,0
DA:191,0
DA:192,0
DA:193,0
DA:194,0
DA:195,0
DA:196,0
DA:197,0
DA:198,0
DA:201,0
DA:202,0
DA:204,0
DA:205,0
DA:206,0
DA:207,0
DA:208,0
DA:209,0
DA:210,0
DA:212,0
DA:213,0
DA:218,0
DA:219,0
DA:220,0
DA:223,0
DA:224,0
DA:225,0
DA:226,0
DA:229,0
DA:230,0
DA:231,0
DA:232,0
DA:235,0
DA:236,0
DA:237,0
DA:238,0
DA:239,0
DA:241,0
DA:242,0
DA:243,0
DA:246,0
DA:247,0
DA:248,0
DA:249,0
DA:250,0
DA:251,0
DA:252,0
DA:255,0
DA:256,0
DA:257,0
DA:258,0
DA:261,0
DA:262,0
DA:263,0
DA:264,0
DA:265,0
DA:266,0
DA:267,0
DA:270,0
DA:271,0
DA:272,0
DA:275,0
DA:279,0
DA:280,0
DA:281,0
DA:282,0
DA:283,0
DA:284,0
DA:285,0
DA:289,0
DA:290,0
DA:295,0
DA:379,0
DA:382,0
DA:383,0
DA:384,0
DA:386,0
DA:414,0
LF:145
LH:0
BRDA:98,0,0,0
BRDA:98,0,1,0
BRDA:104,1,0,0
BRDA:104,1,1,0
BRDA:106,2,0,0
BRDA:113,3,0,0
BRDA:113,3,1,0
BRDA:117,4,0,0
BRDA:129,5,0,0
BRDA:152,6,0,0
BRDA:190,7,0,0
BRDA:190,8,0,0
BRDA:190,8,1,0
BRDA:220,9,0,0
BRDA:232,10,0,0
BRDA:232,10,1,0
BRDA:236,11,0,0
BRDA:236,11,1,0
BRDA:237,12,0,0
BRDA:237,12,1,0
BRDA:238,13,0,0
BRDA:238,13,1,0
BRDA:239,14,0,0
BRDA:255,15,0,0
BRDA:255,15,1,0
BRDA:256,16,0,0
BRDA:256,16,1,0
BRDA:257,17,0,0
BRDA:257,17,1,0
BRDA:258,18,0,0
BRDA:280,19,0,0
BRDA:280,19,1,0
BRDA:280,19,2,0
BRDA:280,19,3,0
BRDA:280,19,4,0
BRDA:290,20,0,0
BRDA:322,21,0,0
BRDA:334,22,0,0
BRDA:336,23,0,0
BRDA:345,24,0,0
BRDA:347,25,0,0
BRDA:354,26,0,0
BRDA:363,27,0,0
BRDA:365,28,0,0
BRDA:379,29,0,0
BRDA:379,29,1,0
BRDA:383,30,0,0
BRDA:383,30,1,0
BRDA:390,31,0,0
BRDA:390,31,1,0
BRDA:392,32,0,0
BRDA:392,32,1,0
BRDA:396,33,0,0
BRDA:396,33,1,0
BRDA:403,34,0,0
BRDA:413,35,0,0
BRDA:414,36,0,0
BRDA:414,36,1,0
BRF:58
BRH:0
end_of_record
TN:
SF:components\locations\LocationVisualization.tsx
FN:28,LocationVisualization
FN:38,(anonymous_5)
FN:90,(anonymous_6)
FNF:3
FNH:0
FNDA:0,LocationVisualization
FNDA:0,(anonymous_5)
FNDA:0,(anonymous_6)
DA:3,0
DA:4,0
DA:28,0
DA:33,0
DA:34,0
DA:38,0
DA:39,0
DA:41,0
DA:42,0
DA:43,0
DA:46,0
DA:47,0
DA:50,0
DA:51,0
DA:52,0
DA:55,0
DA:58,0
DA:61,0
DA:62,0
DA:63,0
DA:66,0
DA:67,0
DA:70,0
DA:71,0
DA:72,0
DA:73,0
DA:76,0
DA:77,0
DA:78,0
DA:79,0
DA:82,0
DA:83,0
DA:84,0
DA:85,0
DA:90,0
DA:92,0
DA:93,0
DA:96,0
DA:97,0
DA:100,0
DA:101,0
DA:102,0
DA:103,0
DA:104,0
DA:105,0
DA:109,0
DA:110,0
DA:111,0
DA:112,0
DA:113,0
DA:114,0
DA:118,0
DA:119,0
DA:120,0
DA:121,0
DA:122,0
DA:123,0
DA:124,0
DA:127,0
DA:128,0
DA:129,0
DA:130,0
DA:131,0
DA:134,0
DA:137,0
DA:138,0
DA:139,0
DA:140,0
DA:141,0
DA:142,0
DA:143,0
DA:146,0
DA:147,0
DA:148,0
DA:149,0
DA:150,0
DA:151,0
DA:152,0
DA:155,0
DA:156,0
DA:157,0
DA:158,0
DA:159,0
DA:160,0
DA:161,0
DA:164,0
DA:165,0
DA:166,0
DA:167,0
DA:168,0
DA:169,0
DA:170,0
DA:173,0
DA:174,0
DA:179,0
DA:182,0
LF:96
LH:0
BRDA:30,0,0,0
BRDA:31,1,0,0
BRDA:34,2,0,0
BRDA:34,2,1,0
BRDA:39,3,0,0
BRDA:39,4,0,0
BRDA:39,4,1,0
BRDA:43,5,0,0
BRDA:46,6,0,0
BRDA:46,6,1,0
BRDA:61,7,0,0
BRDA:61,8,0,0
BRDA:61,8,1,0
BRDA:182,9,0,0
BRDA:207,10,0,0
BRDA:207,10,1,0
BRF:16
BRH:0
end_of_record
TN:
SF:components\locations\LocationsGrid.tsx
FN:40,LocationsGrid
FN:44,(anonymous_3)
FN:85,(anonymous_4)
FNF:3
FNH:0
FNDA:0,LocationsGrid
FNDA:0,(anonymous_3)
FNDA:0,(anonymous_4)
DA:3,0
DA:4,0
DA:5,0
DA:6,0
DA:40,0
DA:41,0
DA:45,0
DA:64,0
DA:86,0
LF:9
LH:0
BRDA:40,0,0,0
BRDA:41,1,0,0
BRDA:64,2,0,0
BRF:3
BRH:0
end_of_record
TN:
SF:components\locations\MapSelector.tsx
FN:16,MapSelector
FN:29,(anonymous_5)
FN:31,(anonymous_6)
FN:36,(anonymous_7)
FN:37,(anonymous_8)
FN:58,(anonymous_9)
FN:88,(anonymous_10)
FN:94,(anonymous_11)
FNF:8
FNH:0
FNDA:0,MapSelector
FNDA:0,(anonymous_5)
FNDA:0,(anonymous_6)
FNDA:0,(anonymous_7)
FNDA:0,(anonymous_8)
FNDA:0,(anonymous_9)
FNDA:0,(anonymous_10)
FNDA:0,(anonymous_11)
DA:3,0
DA:4,0
DA:16,0
DA:21,0
DA:22,0
DA:23,0
DA:26,0
DA:27,0
DA:29,0
DA:31,0
DA:32,0
DA:33,0
DA:36,0
DA:37,0
DA:39,0
DA:42,0
DA:45,0
DA:51,0
DA:52,0
DA:53,0
DA:58,0
DA:59,0
DA:62,0
DA:63,0
DA:65,0
DA:68,0
DA:70,0
DA:74,0
DA:75,0
DA:76,0
DA:77,0
DA:79,0
DA:82,0
DA:83,0
DA:88,0
DA:89,0
DA:92,0
DA:94,0
DA:95,0
DA:98,0
DA:99,0
DA:100,0
DA:104,0
DA:107,0
LF:44
LH:0
BRDA:26,0,0,0
BRDA:26,0,1,0
BRDA:27,1,0,0
BRDA:27,1,1,0
BRDA:39,2,0,0
BRDA:52,3,0,0
BRDA:52,4,0,0
BRDA:52,4,1,0
BRDA:62,5,0,0
BRDA:62,5,1,0
BRDA:74,6,0,0
BRDA:74,6,1,0
BRDA:107,7,0,0
BRDA:122,8,0,0
BRF:14
BRH:0
end_of_record
TN:
SF:components\mcp\MCPServerConfig.tsx
FN:90,MCPServerConfig
FN:113,(anonymous_5)
FN:114,(anonymous_6)
FN:148,(anonymous_7)
FN:181,(anonymous_8)
FN:183,(anonymous_9)
FN:199,(anonymous_10)
FN:200,(anonymous_11)
FN:208,(anonymous_12)
FN:213,(anonymous_13)
FN:223,(anonymous_14)
FN:225,(anonymous_15)
FN:246,(anonymous_16)
FN:263,(anonymous_17)
FN:278,(anonymous_18)
FN:283,(anonymous_19)
FN:286,(anonymous_20)
FN:290,(anonymous_21)
FN:300,(anonymous_22)
FN:327,(anonymous_23)
FN:335,(anonymous_24)
FN:347,(anonymous_25)
FN:349,(anonymous_26)
FN:363,(anonymous_27)
FN:368,(anonymous_28)
FN:381,(anonymous_29)
FN:385,(anonymous_30)
FN:389,(anonymous_31)
FN:390,(anonymous_32)
FN:403,(anonymous_33)
FN:423,(anonymous_34)
FN:436,(anonymous_35)
FN:450,(anonymous_36)
FN:467,(anonymous_37)
FN:477,(anonymous_38)
FN:504,(anonymous_39)
FN:510,(anonymous_40)
FN:549,ServerConfigItem
FN:559,(anonymous_42)
FN:571,(anonymous_43)
FN:580,(anonymous_44)
FN:591,ServerConfigDialog
FN:603,(anonymous_46)
FN:605,(anonymous_47)
FN:611,(anonymous_48)
FN:676,(anonymous_49)
FN:677,(anonymous_50)
FNF:47
FNH:0
FNDA:0,MCPServerConfig
FNDA:0,(anonymous_5)
FNDA:0,(anonymous_6)
FNDA:0,(anonymous_7)
FNDA:0,(anonymous_8)
FNDA:0,(anonymous_9)
FNDA:0,(anonymous_10)
FNDA:0,(anonymous_11)
FNDA:0,(anonymous_12)
FNDA:0,(anonymous_13)
FNDA:0,(anonymous_14)
FNDA:0,(anonymous_15)
FNDA:0,(anonymous_16)
FNDA:0,(anonymous_17)
FNDA:0,(anonymous_18)
FNDA:0,(anonymous_19)
FNDA:0,(anonymous_20)
FNDA:0,(anonymous_21)
FNDA:0,(anonymous_22)
FNDA:0,(anonymous_23)
FNDA:0,(anonymous_24)
FNDA:0,(anonymous_25)
FNDA:0,(anonymous_26)
FNDA:0,(anonymous_27)
FNDA:0,(anonymous_28)
FNDA:0,(anonymous_29)
FNDA:0,(anonymous_30)
FNDA:0,(anonymous_31)
FNDA:0,(anonymous_32)
FNDA:0,(anonymous_33)
FNDA:0,(anonymous_34)
FNDA:0,(anonymous_35)
FNDA:0,(anonymous_36)
FNDA:0,(anonymous_37)
FNDA:0,(anonymous_38)
FNDA:0,(anonymous_39)
FNDA:0,(anonymous_40)
FNDA:0,ServerConfigItem
FNDA:0,(anonymous_42)
FNDA:0,(anonymous_43)
FNDA:0,(anonymous_44)
FNDA:0,ServerConfigDialog
FNDA:0,(anonymous_46)
FNDA:0,(anonymous_47)
FNDA:0,(anonymous_48)
FNDA:0,(anonymous_49)
FNDA:0,(anonymous_50)
DA:9,0
DA:10,0
DA:11,0
DA:12,0
DA:14,0
DA:15,0
DA:16,0
DA:17,0
DA:18,0
DA:28,0
DA:30,0
DA:90,0
DA:91,0
DA:92,0
DA:93,0
DA:94,0
DA:95,0
DA:96,0
DA:97,0
DA:98,0
DA:99,0
DA:100,0
DA:103,0
DA:113,0
DA:114,0
DA:115,0
DA:116,0
DA:118,0
DA:119,0
DA:120,0
DA:121,0
DA:124,0
DA:126,0
DA:127,0
DA:130,0
DA:131,0
DA:133,0
DA:134,0
DA:140,0
DA:144,0
DA:148,0
DA:149,0
DA:150,0
DA:152,0
DA:160,0
DA:161,0
DA:164,0
DA:169,0
DA:170,0
DA:176,0
DA:181,0
DA:182,0
DA:183,0
DA:195,0
DA:199,0
DA:200,0
DA:201,0
DA:202,0
DA:203,0
DA:208,0
DA:213,0
DA:223,0
DA:224,0
DA:225,0
DA:227,0
DA:240,0
DA:241,0
DA:244,0
DA:246,0
DA:255,0
DA:261,0
DA:263,0
DA:272,0
DA:278,0
DA:283,0
DA:285,0
DA:286,0
DA:290,0
DA:292,0
DA:293,0
DA:294,0
DA:295,0
DA:300,0
DA:301,0
DA:302,0
DA:303,0
DA:306,0
DA:328,0
DA:335,0
DA:348,0
DA:349,0
DA:352,0
DA:363,0
DA:368,0
DA:382,0
DA:385,0
DA:389,0
DA:391,0
DA:403,0
DA:424,0
DA:437,0
DA:451,0
DA:468,0
DA:477,0
DA:504,0
DA:510,0
DA:551,0
DA:559,0
DA:571,0
DA:580,0
DA:592,0
DA:603,0
DA:604,0
DA:605,0
DA:611,0
DA:612,0
DA:613,0
DA:677,0
LF:118
LH:0
BRDA:90,0,0,0
BRDA:118,1,0,0
BRDA:126,2,0,0
BRDA:131,3,0,0
BRDA:131,3,1,0
BRDA:160,4,0,0
BRDA:240,5,0,0
BRDA:250,6,0,0
BRDA:250,6,1,0
BRDA:256,7,0,0
BRDA:256,7,1,0
BRDA:257,8,0,0
BRDA:257,8,1,0
BRDA:257,9,0,0
BRDA:257,9,1,0
BRDA:258,10,0,0
BRDA:258,10,1,0
BRDA:292,11,0,0
BRDA:306,12,0,0
BRDA:334,13,0,0
BRDA:357,14,0,0
BRDA:357,14,1,0
BRDA:394,15,0,0
BRDA:397,16,0,0
BRDA:409,17,0,0
BRDA:409,17,1,0
BRDA:412,18,0,0
BRDA:412,18,1,0
BRDA:449,19,0,0
BRDA:449,19,1,0
BRDA:480,20,0,0
BRDA:480,20,1,0
BRDA:494,21,0,0
BRDA:503,22,0,0
BRDA:526,23,0,0
BRDA:526,23,1,0
BRDA:551,24,0,0
BRDA:551,24,1,0
BRDA:562,25,0,0
BRDA:562,25,1,0
BRDA:562,25,2,0
BRDA:563,26,0,0
BRDA:563,26,1,0
BRDA:593,27,0,0
BRDA:593,27,1,0
BRDA:594,28,0,0
BRDA:594,28,1,0
BRDA:595,29,0,0
BRDA:595,29,1,0
BRDA:596,30,0,0
BRDA:596,30,1,0
BRDA:597,31,0,0
BRDA:597,31,1,0
BRDA:598,32,0,0
BRDA:598,32,1,0
BRDA:607,33,0,0
BRDA:607,33,1,0
[...]
BRF:1
BRH:0
end_of_record
TN:
SF:components\ui\switch.tsx
FN:8,Switch
FNF:1
FNH:0
FNDA:0,Switch
DA:3,0
DA:4,0
DA:6,0
DA:31,0
LF:4
LH:0
BRF:0
BRH:0
end_of_record
TN:
SF:components\ui\tabs.tsx
FN:8,Tabs
FN:21,TabsList
FN:37,TabsTrigger
FN:53,TabsContent
FNF:4
FNH:0
FNDA:0,Tabs
FNDA:0,TabsList
FNDA:0,TabsTrigger
FNDA:0,TabsContent
DA:3,0
DA:4,0
DA:6,0
DA:66,0
LF:4
LH:0
BRF:0
BRH:0
end_of_record
TN:
SF:components\ui\textarea.tsx
FN:5,Textarea
FNF:1
FNH:0
FNDA:0,Textarea
DA:1,0
DA:3,0
DA:18,0
LF:3
LH:0
BRF:0
BRH:0
end_of_record
TN:
SF:components\ui\use-toast.ts
FN:4,useToast
FN:6,(anonymous_4)
FNF:2
FNH:0
FNDA:0,useToast
FNDA:0,(anonymous_4)
DA:2,0
DA:4,0
DA:5,0
DA:7,0
DA:17,0
LF:5
LH:0
BRDA:10,0,0,0
BRDA:10,0,1,0
BRF:2
BRH:0
end_of_record
TN:
SF:lib\auth.ts
FN:25,(anonymous_2)
FN:32,(anonymous_3)
FNF:2
FNH:0
FNDA:0,(anonymous_2)
FNDA:0,(anonymous_3)
DA:2,0
DA:3,0
DA:4,0
DA:5,0
DA:6,0
DA:12,0
DA:26,0
DA:28,0
DA:30,0
DA:34,0
DA:35,0
DA:37,0
LF:12
LH:0
BRDA:26,0,0,0
BRDA:34,1,0,0
BRF:2
BRH:0
end_of_record
TN:
SF:lib\mongodb.ts
FN:22,initializeClientPromise
FN:33,getClient
FN:62,(anonymous_9)
FN:66,(anonymous_10)
FN:76,(anonymous_11)
FN:82,(anonymous_12)
FN:92,getDb
FN:100,getCollection
FN:119,(anonymous_15)
FN:128,(anonymous_16)
FN:133,(anonymous_17)
FN:144,(anonymous_18)
FN:149,(anonymous_19)
FN:160,(anonymous_20)
FN:165,(anonymous_21)
FN:175,(anonymous_22)
FN:180,(anonymous_23)
FN:190,(anonymous_24)
FN:195,(anonymous_25)
FN:205,(anonymous_26)
FN:210,(anonymous_27)
FN:220,(anonymous_28)
FN:225,(anonymous_29)
FN:235,(anonymous_30)
FN:240,(anonymous_31)
FN:250,(anonymous_32)
FN:255,(anonymous_33)
FN:265,(anonymous_34)
FN:273,closeConnection
FN:299,disconnectFromDatabase
FN:310,(anonymous_37)
FNF:31
FNH:0
FNDA:0,initializeClientPromise
FNDA:0,getClient
FNDA:0,(anonymous_9)
FNDA:0,(anonymous_10)
FNDA:0,(anonymous_11)
FNDA:0,(anonymous_12)
FNDA:0,getDb
FNDA:0,getCollection
FNDA:0,(anonymous_15)
FNDA:0,(anonymous_16)
FNDA:0,(anonymous_17)
FNDA:0,(anonymous_18)
FNDA:0,(anonymous_19)
FNDA:0,(anonymous_20)
FNDA:0,(anonymous_21)
FNDA:0,(anonymous_22)
FNDA:0,(anonymous_23)
FNDA:0,(anonymous_24)
FNDA:0,(anonymous_25)
FNDA:0,(anonymous_26)
FNDA:0,(anonymous_27)
FNDA:0,(anonymous_28)
FNDA:0,(anonymous_29)
FNDA:0,(anonymous_30)
FNDA:0,(anonymous_31)
FNDA:0,(anonymous_32)
FNDA:0,(anonymous_33)
FNDA:0,(anonymous_34)
FNDA:0,closeConnection
FNDA:0,disconnectFromDatabase
FNDA:0,(anonymous_37)
DA:7,0
DA:8,0
DA:11,0
DA:12,0
DA:15,0
DA:18,0
DA:19,0
DA:23,0
DA:24,0
DA:26,0
DA:27,0
DA:33,0
DA:35,0
DA:36,0
DA:40,0
DA:41,0
DA:42,0
DA:46,0
DA:49,0
DA:50,0
DA:51,0
DA:55,0
DA:58,0
DA:59,0
DA:62,0
DA:63,0
DA:64,0
DA:65,0
DA:67,0
DA:68,0
DA:69,0
DA:73,0
DA:76,0
DA:77,0
DA:78,0
DA:79,0
DA:82,0
DA:83,0
DA:86,0
DA:92,0
DA:93,0
DA:94,0
DA:100,0
DA:101,0
DA:102,0
DA:105,0
DA:108,0
DA:120,0
DA:121,0
DA:122,0
DA:129,0
DA:134,0
DA:136,0
DA:145,0
DA:150,0
DA:152,0
DA:161,0
DA:166,0
DA:167,0
DA:176,0
DA:181,0
DA:182,0
DA:191,0
DA:196,0
DA:197,0
DA:206,0
DA:211,0
DA:212,0
DA:221,0
DA:226,0
DA:227,0
DA:236,0
DA:241,0
DA:242,0
DA:251,0
DA:256,0
DA:257,0
DA:266,0
DA:273,0
DA:274,0
DA:275,0
DA:276,0
DA:279,0
DA:280,0
DA:282,0
DA:283,0
DA:284,0
DA:285,0
DA:287,0
DA:288,0
DA:289,0
DA:291,0
DA:292,0
DA:297,0
DA:299,0
DA:300,0
DA:301,0
DA:302,0
DA:303,0
DA:304,0
DA:309,0
DA:310,0
DA:311,0
DA:312,0
DA:313,0
DA:314,0
DA:315,0
DA:316,0
DA:318,0
LF:109
LH:0
BRDA:11,0,0,0
BRDA:11,0,1,0
BRDA:12,1,0,0
BRDA:12,1,1,0
BRDA:23,2,0,0
BRDA:35,3,0,0
BRDA:40,4,0,0
BRDA:49,5,0,0
BRDA:128,6,0,0
BRDA:128,7,0,0
BRDA:144,8,0,0
BRDA:144,9,0,0
BRDA:190,10,0,0
BRDA:205,11,0,0
BRDA:220,12,0,0
BRDA:235,13,0,0
BRDA:250,14,0,0
BRDA:274,15,0,0
BRDA:300,16,0,0
BRDA:309,17,0,0
BRDA:312,18,0,0
BRF:21
BRH:0
end_of_record
TN:
SF:lib\user-db.ts
FN:12,createUserDb
FN:53,getUserDb
FN:64,userDbExists
FN:77,getStoryWithRelatedData
FN:108,generateEntityId
FNF:5
FNH:0
FNDA:0,createUserDb
FNDA:0,getUserDb
FNDA:0,userDbExists
FNDA:0,getStoryWithRelatedData
FNDA:0,generateEntityId
DA:1,0
DA:2,0
DA:9,0
DA:12,0
DA:13,0
DA:14,0
DA:15,0
DA:18,0
DA:20,0
DA:21,0
DA:24,0
DA:25,0
DA:26,0
DA:27,0
DA:28,0
DA:29,0
DA:32,0
DA:40,0
DA:42,0
DA:45,0
DA:47,0
DA:48,0
DA:53,0
DA:54,0
DA:55,0
DA:56,0
DA:58,0
DA:59,0
DA:64,0
DA:65,0
DA:66,0
DA:67,0
DA:68,0
DA:69,0
DA:71,0
DA:72,0
DA:77,0
DA:78,0
DA:79,0
DA:82,0
DA:84,0
DA:85,0
DA:89,0
DA:95,0
DA:102,0
DA:103,0
DA:108,0
DA:109,0
LF:48
LH:0
BRDA:20,0,0,0
BRDA:20,0,1,0
BRDA:84,1,0,0
BRF:3
BRH:0
end_of_record
TN:
SF:lib\utils.ts
FN:8,cn
FNF:1
FNH:0
FNDA:0,cn
DA:1,0
DA:2,0
DA:8,0
DA:9,0
LF:4
LH:0
BRF:0
BRH:0
end_of_record
TN:
SF:lib\ai\index.ts
FNF:0
FNH:0
DA:7,0
LF:1
LH:0
BRF:0
BRH:0
end_of_record
TN:
SF:lib\ai\openai.ts
FN:19,createChatCompletion
FN:51,(anonymous_8)
FN:70,createEmbedding
FN:100,(anonymous_10)
FN:118,generateFromTemplate
FN:144,(anonymous_12)
FN:157,validateContentAgainstSchema
FN:195,(anonymous_14)
FNF:8
FNH:0
FNDA:0,createChatCompletion
FNDA:0,(anonymous_8)
FNDA:0,createEmbedding
FNDA:0,(anonymous_10)
FNDA:0,generateFromTemplate
FNDA:0,(anonymous_12)
FNDA:0,validateContentAgainstSchema
FNDA:0,(anonymous_14)
DA:5,0
DA:6,0
DA:9,0
DA:12,0
DA:19,0
DA:24,0
DA:25,0
DA:26,0
DA:30,0
DA:37,0
DA:44,0
DA:47,0
DA:52,0
DA:53,0
DA:54,0
DA:58,0
DA:60,0
DA:61,0
DA:70,0
DA:75,0
DA:76,0
DA:77,0
DA:81,0
DA:86,0
DA:93,0
DA:96,0
DA:101,0
DA:102,0
DA:103,0
DA:106,0
DA:108,0
DA:109,0
DA:118,0
DA:125,0
DA:128,0
DA:129,0
DA:130,0
DA:134,0
DA:140,0
DA:144,0
DA:148,0
DA:151,0
DA:157,0
DA:161,0
DA:164,0
DA:191,0
DA:196,0
DA:202,0
DA:203,0
DA:212,0
LF:50
LH:0
BRDA:13,0,0,0
BRDA:13,0,1,0
BRDA:21,1,0,0
BRDA:24,2,0,0
BRDA:72,3,0,0
BRDA:75,4,0,0
BRDA:99,5,0,0
BRDA:99,5,1,0
BRDA:121,6,0,0
BRDA:122,7,0,0
BRDA:151,8,0,0
BRDA:151,8,1,0
BRDA:202,9,0,0
BRDA:202,9,1,0
BRF:14
BRH:0
end_of_record
TN:
SF:lib\hoc\index.ts
FNF:0
FNH:0
DA:7,0
LF:1
LH:0
BRF:0
BRH:0
end_of_record
TN:
SF:lib\hoc\withLogging.tsx
FN:17,withLogging
FN:28,(anonymous_5)
FN:42,(anonymous_6)
FN:74,sanitizeProps
FN:83,(anonymous_8)
FNF:5
FNH:0
FNDA:0,withLogging
FNDA:0,(anonymous_5)
FNDA:0,(anonymous_6)
FNDA:0,sanitizeProps
FNDA:0,(anonymous_8)
DA:7,0
DA:8,0
DA:17,0
DA:22,0
DA:25,0
DA:28,0
DA:30,0
DA:33,0
DA:36,0
DA:37,0
DA:43,0
DA:50,0
DA:58,0
DA:59,0
DA:61,0
DA:65,0
DA:67,0
DA:76,0
DA:79,0
DA:82,0
DA:83,0
DA:84,0
DA:85,0
DA:86,0
DA:87,0
DA:88,0
DA:90,0
DA:92,0
DA:97,0
DA:100,0
LF:30
LH:0
BRDA:22,0,0,0
BRDA:22,0,1,0
BRDA:22,0,2,0
BRDA:22,0,3,0
BRDA:36,1,0,0
BRDA:83,2,0,0
BRDA:83,2,1,0
BRDA:85,3,0,0
BRDA:85,3,1,0
BRDA:87,4,0,0
BRDA:87,5,0,0
BRDA:87,5,1,0
BRF:12
BRH:0
end_of_record
TN:
SF:lib\hooks\index.ts
FNF:0
FNH:0
DA:7,0
DA:8,0
LF:2
LH:0
BRF:0
BRH:0
end_of_record
TN:
SF:lib\hooks\useInteractionLogger.ts
FN:34,useInteractionLogger
FN:42,(anonymous_4)
FN:101,(anonymous_5)
FN:106,(anonymous_6)
FN:112,(anonymous_7)
FN:136,(anonymous_8)
FNF:6
FNH:0
FNDA:0,useInteractionLogger
FNDA:0,(anonymous_4)
FNDA:0,(anonymous_5)
FNDA:0,(anonymous_6)
FNDA:0,(anonymous_7)
FNDA:0,(anonymous_8)
DA:7,0
DA:8,0
DA:34,0
DA:36,0
DA:39,0
DA:42,0
DA:44,0
DA:50,0
DA:52,0
DA:53,0
DA:55,0
DA:56,0
DA:58,0
DA:65,0
DA:67,0
DA:68,0
DA:70,0
DA:71,0
DA:73,0
DA:74,0
DA:76,0
DA:77,0
DA:79,0
DA:80,0
DA:82,0
DA:83,0
DA:85,0
DA:86,0
DA:88,0
DA:92,0
DA:95,0
DA:96,0
DA:101,0
DA:102,0
DA:106,0
DA:107,0
DA:108,0
DA:112,0
DA:114,0
DA:125,0
DA:126,0
DA:128,0
DA:129,0
DA:130,0
DA:131,0
DA:136,0
DA:138,0
DA:146,0
DA:153,0
LF:49
LH:0
BRDA:50,0,0,0
BRDA:50,0,1,0
BRDA:50,0,2,0
BRDA:50,0,3,0
BRDA:50,0,4,0
BRDA:50,0,5,0
BRDA:50,0,6,0
BRDA:50,0,7,0
BRDA:50,0,8,0
BRDA:50,0,9,0
BRDA:50,0,10,0
BRDA:52,1,0,0
BRDA:52,1,1,0
BRDA:61,2,0,0
BRDA:61,2,1,0
BRDA:95,3,0,0
BRDA:125,4,0,0
BRDA:125,5,0,0
BRDA:125,5,1,0
BRDA:126,6,0,0
BRDA:129,7,0,0
BRDA:129,8,0,0
BRDA:129,8,1,0
BRF:23
BRH:0
end_of_record
TN:
SF:lib\hooks\useLogger.ts
FN:16,useLogger
FN:26,(anonymous_4)
FN:33,(anonymous_5)
FNF:3
FNH:0
FNDA:0,useLogger
FNDA:0,(anonymous_4)
FNDA:0,(anonymous_5)
DA:7,0
DA:8,0
DA:16,0
DA:18,0
DA:21,0
DA:22,0
DA:26,0
DA:27,0
DA:30,0
DA:33,0
DA:34,0
DA:38,0
DA:41,0
LF:13
LH:0
BRDA:21,0,0,0
BRF:1
BRH:0
end_of_record
TN:
SF:lib\logging\aiLogger.ts
FN:34,logAiOperation
FN:89,extractTokenUsage
FN:127,sanitizeParams
FN:140,(anonymous_9)
FN:144,(anonymous_10)
FN:168,logPromptTemplate
FNF:6
FNH:0
FNDA:0,logAiOperation
FNDA:0,extractTokenUsage
FNDA:0,sanitizeParams
FNDA:0,(anonymous_9)
FNDA:0,(anonymous_10)
FNDA:0,logPromptTemplate
DA:7,0
DA:10,0
DA:15,0
DA:34,0
DA:41,0
DA:44,0
DA:46,0
DA:48,0
DA:51,0
DA:54,0
DA:57,0
DA:60,0
DA:61,0
DA:64,0
DA:66,0
DA:69,0
DA:72,0
DA:75,0
DA:82,0
DA:91,0
DA:92,0
DA:96,0
DA:97,0
DA:99,0
DA:100,0
DA:109,0
DA:110,0
DA:112,0
DA:113,0
DA:121,0
DA:128,0
DA:129,0
DA:133,0
DA:136,0
DA:139,0
DA:140,0
DA:141,0
DA:142,0
DA:144,0
DA:150,0
DA:152,0
DA:153,0
DA:154,0
DA:158,0
DA:168,0
DA:169,0
DA:171,0
DA:179,0
LF:48
LH:0
BRDA:60,0,0,0
BRDA:60,0,1,0
BRDA:91,1,0,0
BRDA:91,2,0,0
BRDA:91,2,1,0
BRDA:96,3,0,0
BRDA:96,4,0,0
BRDA:96,4,1,0
BRDA:99,5,0,0
BRDA:101,6,0,0
BRDA:101,6,1,0
BRDA:102,7,0,0
BRDA:102,7,1,0
BRDA:109,8,0,0
BRDA:109,9,0,0
BRDA:109,9,1,0
BRDA:112,10,0,0
BRDA:114,11,0,0
BRDA:114,11,1,0
BRDA:115,12,0,0
BRDA:115,12,1,0
BRDA:128,13,0,0
BRDA:128,14,0,0
BRDA:128,14,1,0
BRDA:140,15,0,0
BRDA:140,15,1,0
BRDA:142,16,0,0
BRDA:142,16,1,0
BRDA:142,17,0,0
BRDA:142,17,1,0
BRDA:146,18,0,0
BRDA:146,18,1,0
BRDA:147,19,0,0
BRDA:147,19,1,0
BRDA:150,20,0,0
BRDA:150,20,1,0
BRDA:150,21,0,0
BRDA:150,21,1,0
BRDA:152,22,0,0
BRDA:152,22,1,0
BRDA:153,23,0,0
BRDA:153,24,0,0
BRDA:153,24,1,0
BRDA:168,25,0,0
BRDA:172,26,0,0
BRDA:172,26,1,0
BRDA:173,27,0,0
BRDA:173,27,1,0
BRF:48
BRH:0
end_of_record
TN:
SF:lib\logging\apiLogger.ts
FN:20,withApiLogging
FN:28,wrappedHandler
FN:96,sanitizeHeaders
FN:100,(anonymous_6)
FN:114,sanitizeBody
FN:123,(anonymous_8)
FNF:6
FNH:0
FNDA:0,withApiLogging
FNDA:0,wrappedHandler
FNDA:0,sanitizeHeaders
FNDA:0,(anonymous_6)
FNDA:0,sanitizeBody
FNDA:0,(anonymous_8)
DA:7,0
DA:8,0
DA:11,0
DA:20,0
DA:25,0
DA:28,0
DA:29,0
DA:30,0
DA:33,0
DA:38,0
DA:40,0
DA:41,0
DA:42,0
DA:43,0
DA:44,0
DA:46,0
DA:47,0
DA:48,0
DA:50,0
DA:54,0
DA:59,0
DA:60,0
DA:64,0
DA:67,0
DA:70,0
DA:76,0
DA:79,0
DA:82,0
DA:85,0
DA:97,0
DA:98,0
DA:100,0
DA:101,0
DA:102,0
DA:104,0
DA:108,0
DA:115,0
DA:116,0
DA:119,0
DA:120,0
DA:122,0
DA:123,0
DA:124,0
DA:125,0
DA:126,0
DA:130,0
DA:133,0
LF:47
LH:0
BRDA:41,0,0,0
BRDA:41,1,0,0
BRDA:41,1,1,0
BRDA:46,2,0,0
BRDA:59,3,0,0
BRDA:101,4,0,0
BRDA:101,4,1,0
BRDA:115,5,0,0
BRDA:115,6,0,0
BRDA:115,6,1,0
BRDA:123,7,0,0
BRDA:123,7,1,0
BRDA:125,8,0,0
BRDA:125,9,0,0
BRDA:125,9,1,0
BRF:15
BRH:0
end_of_record
TN:
SF:lib\logging\dbLogger.ts
FN:38,logDbOperation
FN:88,sanitizeQuery
FN:101,(anonymous_7)
FNF:3
FNH:0
FNDA:0,logDbOperation
FNDA:0,sanitizeQuery
FNDA:0,(anonymous_7)
DA:7,0
DA:10,0
DA:15,0
DA:38,0
DA:45,0
DA:48,0
DA:50,0
DA:52,0
DA:55,0
DA:58,0
DA:61,0
DA:64,0
DA:65,0
DA:68,0
DA:71,0
DA:74,0
DA:81,0
DA:89,0
DA:90,0
DA:94,0
DA:97,0
DA:100,0
DA:101,0
DA:102,0
DA:103,0
DA:104,0
DA:108,0
DA:111,0
LF:28
LH:0
BRDA:64,0,0,0
BRDA:64,1,0,0
BRDA:64,1,1,0
BRDA:89,2,0,0
BRDA:89,3,0,0
BRDA:89,3,1,0
BRDA:101,4,0,0
BRDA:101,4,1,0
BRDA:103,5,0,0
BRDA:103,6,0,0
BRDA:103,6,1,0
BRF:11
BRH:0
end_of_record
TN:
SF:lib\logging\index.ts
FNF:0
FNH:0
DA:7,0
DA:8,0
DA:9,0
DA:10,0
DA:11,0
LF:5
LH:0
BRF:0
BRH:0
end_of_record
TN:
SF:lib\logging\init.ts
FN:11,initializeLogging
FN:41,enhanceConsoleInDevelopment
FN:51,(anonymous_3)
FN:56,(anonymous_4)
FN:61,(anonymous_5)
FN:66,(anonymous_6)
FN:71,(anonymous_7)
FNF:7
FNH:0
FNDA:0,initializeLogging
FNDA:0,enhanceConsoleInDevelopment
FNDA:0,(anonymous_3)
FNDA:0,(anonymous_4)
FNDA:0,(anonymous_5)
FNDA:0,(anonymous_6)
FNDA:0,(anonymous_7)
DA:8,0
DA:11,0
DA:13,0
DA:15,0
DA:16,0
DA:17,0
DA:18,0
DA:19,0
DA:20,0
DA:21,0
DA:22,0
DA:24,0
DA:28,0
DA:35,0
DA:36,0
DA:42,0
DA:51,0
DA:52,0
DA:53,0
DA:56,0
DA:57,0
DA:58,0
DA:61,0
DA:62,0
DA:63,0
DA:66,0
DA:67,0
DA:68,0
DA:71,0
DA:72,0
DA:73,0
LF:31
LH:0
BRDA:15,0,0,0
BRDA:15,0,1,0
BRDA:17,1,0,0
BRDA:18,2,0,0
BRDA:19,3,0,0
BRDA:20,4,0,0
BRDA:21,5,0,0
BRDA:22,6,0,0
BRDA:35,7,0,0
BRDA:52,8,0,0
BRDA:52,8,1,0
BRDA:57,9,0,0
BRDA:57,9,1,0
BRDA:62,10,0,0
BRDA:62,10,1,0
BRDA:67,11,0,0
BRDA:67,11,1,0
BRDA:72,12,0,0
BRDA:72,12,1,0
BRF:19
BRH:0
end_of_record
TN:
SF:lib\logging\logger.ts
FN:38,getLogLevelFromEnv
FN:61,(anonymous_7)
FN:78,(anonymous_8)
FN:85,(anonymous_9)
FN:133,(anonymous_10)
FN:140,(anonymous_11)
FN:147,(anonymous_12)
FN:154,(anonymous_13)
FN:171,(anonymous_14)
FN:175,(anonymous_15)
FN:184,(anonymous_16)
FN:192,configureLogger
FN:202,createLogger
FNF:13
FNH:0
FNDA:0,getLogLevelFromEnv
FNDA:0,(anonymous_7)
FNDA:0,(anonymous_8)
FNDA:0,(anonymous_9)
FNDA:0,(anonymous_10)
FNDA:0,(anonymous_11)
FNDA:0,(anonymous_12)
FNDA:0,(anonymous_13)
FNDA:0,(anonymous_14)
FNDA:0,(anonymous_15)
FNDA:0,(anonymous_16)
FNDA:0,configureLogger
FNDA:0,createLogger
DA:9,0
DA:25,0
DA:32,0
DA:39,0
DA:40,0
DA:41,0
DA:44,0
DA:45,0
DA:46,0
DA:47,0
DA:48,0
DA:49,0
DA:50,0
DA:55,0
DA:65,0
DA:75,0
DA:79,0
DA:87,0
DA:88,0
DA:92,0
DA:93,0
DA:94,0
DA:97,0
DA:98,0
DA:99,0
DA:103,0
DA:104,0
DA:107,0
DA:108,0
DA:112,0
DA:114,0
DA:117,0
DA:118,0
DA:122,0
DA:123,0
DA:124,0
DA:126,0
DA:134,0
DA:141,0
DA:148,0
DA:156,0
DA:157,0
DA:162,0
DA:164,0
DA:172,0
DA:175,0
DA:176,0
DA:177,0
DA:185,0
DA:192,0
DA:193,0
DA:202,0
DA:203,0
LF:53
LH:0
BRDA:26,0,0,0
BRDA:26,0,1,0
BRDA:40,1,0,0
BRDA:44,2,0,0
BRDA:44,2,1,0
BRDA:44,2,2,0
BRDA:44,2,3,0
BRDA:44,2,4,0
BRDA:44,2,5,0
BRDA:87,3,0,0
BRDA:97,4,0,0
BRDA:107,5,0,0
BRDA:107,6,0,0
BRDA:107,6,1,0
BRDA:117,7,0,0
BRDA:123,8,0,0
BRDA:123,8,1,0
BRDA:156,9,0,0
BRDA:156,9,1,0
BRF:19
BRH:0
end_of_record
TN:
SF:lib\logging\transports\consoleTransport.ts
FN:40,(anonymous_3)
FN:53,(anonymous_4)
FNF:2
FNH:0
FNDA:0,(anonymous_3)
FNDA:0,(anonymous_4)
DA:7,0
DA:20,0
DA:24,0
DA:33,0
DA:41,0
DA:54,0
DA:55,0
DA:58,0
DA:59,0
DA:60,0
DA:64,0
DA:66,0
DA:68,0
DA:74,0
DA:75,0
DA:77,0
DA:82,0
DA:83,0
DA:84,0
DA:88,0
DA:89,0
DA:90,0
DA:91,0
DA:92,0
DA:93,0
DA:99,0
DA:102,0
DA:107,0
DA:113,0
DA:114,0
DA:116,0
DA:121,0
LF:32
LH:0
BRDA:40,0,0,0
BRDA:42,1,0,0
BRDA:42,1,1,0
BRDA:45,2,0,0
BRDA:45,2,1,0
BRDA:54,3,0,0
BRDA:60,4,0,0
BRDA:60,4,1,0
BRDA:66,5,0,0
BRDA:66,5,1,0
BRDA:72,6,0,0
BRDA:72,6,1,0
BRDA:75,7,0,0
BRDA:75,7,1,0
BRDA:77,8,0,0
BRDA:77,8,1,0
BRDA:82,9,0,0
BRDA:83,10,0,0
BRDA:83,10,1,0
BRDA:88,11,0,0
BRDA:90,12,0,0
BRDA:90,12,1,0
BRDA:92,13,0,0
BRDA:92,13,1,0
BRDA:107,14,0,0
BRDA:107,14,1,0
BRDA:113,15,0,0
BRDA:113,15,1,0
BRF:28
BRH:0
end_of_record
TN:
SF:lib\logging\transports\fileTransport.ts
FN:31,(anonymous_4)
FN:53,(anonymous_5)
FN:79,(anonymous_6)
FN:87,(anonymous_7)
FN:133,(anonymous_8)
FN:153,(anonymous_9)
FN:180,(anonymous_10)
FN:185,(anonymous_11)
FN:206,(anonymous_12)
FN:220,(anonymous_13)
FNF:10
FNH:0
FNDA:0,(anonymous_4)
FNDA:0,(anonymous_5)
FNDA:0,(anonymous_6)
FNDA:0,(anonymous_7)
FNDA:0,(anonymous_8)
FNDA:0,(anonymous_9)
FNDA:0,(anonymous_10)
FNDA:0,(anonymous_11)
FNDA:0,(anonymous_12)
FNDA:0,(anonymous_13)
DA:7,0
DA:8,0
DA:9,0
DA:23,0
DA:25,0
DA:26,0
DA:27,0
DA:28,0
DA:29,0
DA:32,0
DA:42,0
DA:43,0
DA:47,0
DA:54,0
DA:60,0
DA:61,0
DA:62,0
DA:65,0
DA:66,0
DA:69,0
DA:73,0
DA:79,0
DA:80,0
DA:89,0
DA:90,0
DA:91,0
DA:95,0
DA:96,0
DA:100,0
DA:106,0
DA:107,0
DA:111,0
DA:112,0
DA:117,0
DA:122,0
DA:123,0
DA:127,0
DA:134,0
DA:135,0
DA:139,0
DA:140,0
DA:141,0
DA:144,0
DA:147,0
DA:154,0
DA:155,0
DA:158,0
DA:160,0
DA:162,0
DA:163,0
DA:167,0
DA:168,0
DA:169,0
DA:172,0
DA:173,0
DA:174,0
DA:178,0
DA:180,0
DA:181,0
DA:182,0
DA:185,0
DA:186,0
DA:187,0
DA:191,0
DA:192,0
DA:194,0
DA:199,0
DA:203,0
DA:206,0
DA:208,0
DA:211,0
DA:212,0
DA:221,0
DA:222,0
DA:223,0
DA:228,0
LF:76
LH:0
BRDA:31,0,0,0
BRDA:42,1,0,0
BRDA:60,2,0,0
BRDA:60,2,1,0
BRDA:65,3,0,0
BRDA:89,4,0,0
BRDA:106,5,0,0
BRDA:106,6,0,0
BRDA:106,6,1,0
BRDA:111,7,0,0
BRDA:122,8,0,0
BRDA:134,9,0,0
BRDA:154,10,0,0
BRDA:154,11,0,0
BRDA:154,11,1,0
BRDA:162,12,0,0
BRDA:172,13,0,0
BRDA:178,14,0,0
BRDA:181,15,0,0
BRDA:186,16,0,0
BRDA:191,17,0,0
BRDA:191,17,1,0
BRDA:211,18,0,0
BRDA:221,19,0,0
BRF:24
BRH:0
end_of_record
TN:
SF:lib\logging\transports\index.ts
FNF:0
FNH:0
DA:7,0
DA:8,0
DA:9,0
LF:3
LH:0
BRF:0
BRH:0
end_of_record
TN:
SF:lib\logging\transports\mongoTransport.ts
FN:66,(anonymous_3)
FN:79,(anonymous_4)
FN:122,(anonymous_5)
FN:129,(anonymous_6)
FN:135,(anonymous_7)
FN:143,(anonymous_8)
FN:169,(anonymous_9)
FN:192,(anonymous_10)
FNF:8
FNH:0
FNDA:0,(anonymous_3)
FNDA:0,(anonymous_4)
FNDA:0,(anonymous_5)
FNDA:0,(anonymous_6)
FNDA:0,(anonymous_7)
FNDA:0,(anonymous_8)
FNDA:0,(anonymous_9)
FNDA:0,(anonymous_10)
DA:7,0
DA:8,0
DA:57,0
DA:58,0
DA:59,0
DA:61,0
DA:62,0
DA:63,0
DA:64,0
DA:67,0
DA:80,0
DA:81,0
DA:84,0
DA:86,0
DA:87,0
DA:88,0
DA:90,0
DA:91,0
DA:94,0
DA:95,0
DA:105,0
DA:106,0
DA:107,0
DA:108,0
DA:109,0
DA:110,0
DA:112,0
DA:113,0
DA:116,0
DA:118,0
DA:119,0
DA:122,0
DA:130,0
DA:131,0
DA:134,0
DA:135,0
DA:145,0
DA:153,0
DA:156,0
DA:157,0
DA:161,0
DA:162,0
DA:170,0
DA:171,0
DA:174,0
DA:175,0
DA:177,0
DA:178,0
DA:179,0
DA:182,0
DA:185,0
DA:194,0
DA:197,0
DA:198,0
DA:199,0
DA:203,0
DA:204,0
DA:205,0
DA:206,0
DA:207,0
DA:212,0
LF:61
LH:0
BRDA:80,0,0,0
BRDA:80,1,0,0
BRDA:80,1,1,0
BRDA:94,2,0,0
BRDA:130,3,0,0
BRDA:148,4,0,0
BRDA:148,4,1,0
BRDA:149,5,0,0
BRDA:149,5,1,0
BRDA:156,6,0,0
BRDA:156,7,0,0
BRDA:156,7,1,0
BRDA:161,8,0,0
BRDA:170,9,0,0
BRDA:170,10,0,0
BRDA:170,10,1,0
BRDA:178,11,0,0
BRDA:197,12,0,0
BRDA:203,13,0,0
BRF:19
BRH:0
end_of_record
TN:
SF:lib\mcp\art.ts
FN:17,generateArtwork
FN:34,editArtwork
FN:55,searchArtwork
FN:77,deleteArtwork
FNF:4
FNH:0
FNDA:0,generateArtwork
FNDA:0,editArtwork
FNDA:0,searchArtwork
FNDA:0,deleteArtwork
DA:7,0
DA:17,0
DA:21,0
DA:34,0
DA:39,0
DA:55,0
DA:64,0
DA:77,0
DA:81,0
LF:9
LH:0
BRF:0
BRH:0
end_of_record
TN:
SF:lib\mcp\database.ts
FN:17,queryDocuments
FN:40,updateDocuments
FN:63,createDocument
FN:84,deleteDocuments
FN:106,validateDocument
FNF:5
FNH:0
FNDA:0,queryDocuments
FNDA:0,updateDocuments
FNDA:0,createDocument
FNDA:0,deleteDocuments
FNDA:0,validateDocument
DA:7,0
DA:17,0
DA:27,0
DA:40,0
DA:50,0
DA:63,0
DA:71,0
DA:84,0
DA:93,0
DA:106,0
DA:114,0
LF:11
LH:0
BRF:0
BRH:0
end_of_record
TN:
SF:lib\mcp\index.ts
FN:91,configureMCPServers
FN:101,getMCPServerConfig
FN:108,sendMCPRequest
FN:130,(anonymous_8)
FN:144,(anonymous_9)
FN:155,(anonymous_10)
FN:181,(anonymous_11)
FN:182,(anonymous_12)
FN:197,generateRequestId
FNF:9
FNH:0
FNDA:0,configureMCPServers
FNDA:0,getMCPServerConfig
FNDA:0,sendMCPRequest
FNDA:0,(anonymous_8)
FNDA:0,(anonymous_9)
FNDA:0,(anonymous_10)
FNDA:0,(anonymous_11)
FNDA:0,(anonymous_12)
FNDA:0,generateRequestId
DA:15,0
DA:86,0
DA:91,0
DA:92,0
DA:101,0
DA:102,0
DA:108,0
DA:112,0
DA:113,0
DA:115,0
DA:116,0
DA:119,0
DA:120,0
DA:122,0
DA:130,0
DA:131,0
DA:132,0
DA:143,0
DA:144,0
DA:145,0
DA:151,0
DA:153,0
DA:155,0
DA:156,0
DA:160,0
DA:163,0
DA:176,0
DA:181,0
DA:182,0
DA:183,0
DA:188,0
DA:198,0
LF:32
LH:0
BRDA:21,0,0,0
BRDA:21,0,1,0
BRDA:39,1,0,0
BRDA:39,1,1,0
BRDA:55,2,0,0
BRDA:55,2,1,0
BRDA:71,3,0,0
BRDA:71,3,1,0
BRDA:115,4,0,0
BRDA:130,5,0,0
BRDA:136,6,0,0
BRDA:136,6,1,0
BRDA:143,7,0,0
BRDA:147,8,0,0
BRDA:147,8,1,0
BRDA:153,9,0,0
BRDA:160,10,0,0
BRDA:160,10,1,0
BRDA:169,11,0,0
BRDA:169,11,1,0
BRF:20
BRH:0
end_of_record
TN:
SF:lib\mcp\memory.ts
FN:18,storeMemory
FN:35,retrieveMemory
FN:54,searchMemories
FN:80,consolidateMemories
FN:102,rankMemories
FN:124,deleteMemory
FNF:6
FNH:0
FNDA:0,storeMemory
FNDA:0,retrieveMemory
FNDA:0,searchMemories
FNDA:0,consolidateMemories
FNDA:0,rankMemories
FNDA:0,deleteMemory
DA:7,0
DA:18,0
DA:22,0
DA:35,0
DA:39,0
DA:54,0
DA:67,0
DA:80,0
DA:89,0
DA:102,0
DA:111,0
DA:124,0
DA:128,0
LF:13
LH:0
BRF:0
BRH:0
end_of_record
TN:
SF:lib\mcp\thinking.ts
FN:17,analyzeContent
FN:34,createPlan
FN:51,evaluateContent
FN:68,generateContent
FNF:4
FNH:0
FNDA:0,analyzeContent
FNDA:0,createPlan
FNDA:0,evaluateContent
FNDA:0,generateContent
DA:7,0
DA:17,0
DA:21,0
DA:34,0
DA:38,0
DA:51,0
DA:55,0
DA:68,0
DA:72,0
LF:9
LH:0
BRF:0
BRH:0
end_of_record
TN:
SF:lib\schemas\story-schema.ts
FNF:0
FNH:0
DA:3,0
DA:71,0
DA:204,0
DA:306,0
DA:386,0
LF:5
LH:0
BRF:0
BRH:0
end_of_record
TN:
SF:types\index.ts
FNF:0
FNH:0
DA:11,0
DA:14,0
DA:17,0
DA:31,0
LF:4
LH:0
BRF:0
BRH:0
end_of_record
TN:
SF:types\models\index.ts
FNF:0
FNH:0
DA:167,0
LF:1
LH:0
BRF:0
BRH:0
end_of_record
